[2022-06-06 04:11:02,980] {taskinstance.py:1160} INFO - Dependencies all met for <TaskInstance: hero_info.format_to_parquet scheduled__2022-06-05T04:00:00+00:00 map_index=174 [queued]>
[2022-06-06 04:11:03,156] {taskinstance.py:1160} INFO - Dependencies all met for <TaskInstance: hero_info.format_to_parquet scheduled__2022-06-05T04:00:00+00:00 map_index=174 [queued]>
[2022-06-06 04:11:03,157] {taskinstance.py:1357} INFO - 
--------------------------------------------------------------------------------
[2022-06-06 04:11:03,157] {taskinstance.py:1358} INFO - Starting attempt 1 of 2
[2022-06-06 04:11:03,157] {taskinstance.py:1359} INFO - 
--------------------------------------------------------------------------------
[2022-06-06 04:11:03,208] {taskinstance.py:1378} INFO - Executing <Mapped(_PythonDecoratedOperator): format_to_parquet> on 2022-06-05 04:00:00+00:00
[2022-06-06 04:11:03,277] {standard_task_runner.py:52} INFO - Started process 8026 to run task
[2022-06-06 04:11:03,341] {standard_task_runner.py:79} INFO - Running: ['***', 'tasks', 'run', 'hero_info', 'format_to_parquet', 'scheduled__2022-06-05T04:00:00+00:00', '--job-id', '14847', '--raw', '--subdir', 'DAGS_FOLDER/ingest_heroes.py', '--cfg-path', '/tmp/tmp5aaio5vw', '--map-index', '174', '--error-file', '/tmp/tmpw7fg4lzf']
[2022-06-06 04:11:03,361] {standard_task_runner.py:80} INFO - Job 14847: Subtask format_to_parquet
[2022-06-06 04:11:03,753] {task_command.py:370} INFO - Running <TaskInstance: hero_info.format_to_parquet scheduled__2022-06-05T04:00:00+00:00 map_index=174 [running]> on host 76384e2d8475
[2022-06-06 04:11:09,211] {taskinstance.py:1570} INFO - Exporting the following env vars:
AIRFLOW_CTX_DAG_OWNER=***
AIRFLOW_CTX_DAG_ID=hero_info
AIRFLOW_CTX_TASK_ID=format_to_parquet
AIRFLOW_CTX_EXECUTION_DATE=2022-06-05T04:00:00+00:00
AIRFLOW_CTX_TRY_NUMBER=1
AIRFLOW_CTX_DAG_RUN_ID=scheduled__2022-06-05T04:00:00+00:00
[2022-06-06 04:11:17,134] {python.py:173} INFO - Done. Returned value was: /opt/***/20220606_H04M11_HERO0000000174001.parquet
[2022-06-06 04:11:17,290] {taskinstance.py:1396} INFO - Marking task as SUCCESS. dag_id=hero_info, task_id=format_to_parquet, map_index=174, execution_date=20220605T040000, start_date=20220606T041102, end_date=20220606T041117
[2022-06-06 04:11:17,511] {local_task_job.py:156} INFO - Task exited with return code 0
[2022-06-06 04:11:18,259] {local_task_job.py:273} INFO - 0 downstream tasks scheduled from follow-on schedule check
