[2022-06-06 02:16:15,888] {taskinstance.py:1160} INFO - Dependencies all met for <TaskInstance: hero_info.format_to_parquet manual__2022-06-06T02:08:02.896924+00:00 map_index=95 [queued]>
[2022-06-06 02:16:16,044] {taskinstance.py:1160} INFO - Dependencies all met for <TaskInstance: hero_info.format_to_parquet manual__2022-06-06T02:08:02.896924+00:00 map_index=95 [queued]>
[2022-06-06 02:16:16,044] {taskinstance.py:1357} INFO - 
--------------------------------------------------------------------------------
[2022-06-06 02:16:16,044] {taskinstance.py:1358} INFO - Starting attempt 1 of 2
[2022-06-06 02:16:16,044] {taskinstance.py:1359} INFO - 
--------------------------------------------------------------------------------
[2022-06-06 02:16:16,109] {taskinstance.py:1378} INFO - Executing <Mapped(_PythonDecoratedOperator): format_to_parquet> on 2022-06-06 02:08:02.896924+00:00
[2022-06-06 02:16:16,141] {standard_task_runner.py:52} INFO - Started process 1057 to run task
[2022-06-06 02:16:16,171] {standard_task_runner.py:79} INFO - Running: ['***', 'tasks', 'run', 'hero_info', 'format_to_parquet', 'manual__2022-06-06T02:08:02.896924+00:00', '--job-id', '13992', '--raw', '--subdir', 'DAGS_FOLDER/ingest_heroes.py', '--cfg-path', '/tmp/tmpfua8iyn7', '--map-index', '95', '--error-file', '/tmp/tmplmz7iexl']
[2022-06-06 02:16:16,173] {standard_task_runner.py:80} INFO - Job 13992: Subtask format_to_parquet
[2022-06-06 02:16:16,376] {task_command.py:370} INFO - Running <TaskInstance: hero_info.format_to_parquet manual__2022-06-06T02:08:02.896924+00:00 map_index=95 [running]> on host 76384e2d8475
[2022-06-06 02:16:27,884] {taskinstance.py:1570} INFO - Exporting the following env vars:
AIRFLOW_CTX_DAG_OWNER=***
AIRFLOW_CTX_DAG_ID=hero_info
AIRFLOW_CTX_TASK_ID=format_to_parquet
AIRFLOW_CTX_EXECUTION_DATE=2022-06-06T02:08:02.896924+00:00
AIRFLOW_CTX_TRY_NUMBER=1
AIRFLOW_CTX_DAG_RUN_ID=manual__2022-06-06T02:08:02.896924+00:00
[2022-06-06 02:16:37,231] {python.py:173} INFO - Done. Returned value was: /opt/***/20220606_H02M16_HERO0000000095001.parquet
[2022-06-06 02:16:39,473] {taskinstance.py:1396} INFO - Marking task as SUCCESS. dag_id=hero_info, task_id=format_to_parquet, map_index=95, execution_date=20220606T020802, start_date=20220606T021615, end_date=20220606T021639
[2022-06-06 02:16:39,592] {local_task_job.py:156} INFO - Task exited with return code 0
[2022-06-06 02:16:42,404] {local_task_job.py:273} INFO - 0 downstream tasks scheduled from follow-on schedule check
