[2022-06-07 04:04:50,978] {taskinstance.py:1160} INFO - Dependencies all met for <TaskInstance: hero_info.format_to_parquet scheduled__2022-06-06T04:00:00+00:00 map_index=39 [queued]>
[2022-06-07 04:04:51,171] {taskinstance.py:1160} INFO - Dependencies all met for <TaskInstance: hero_info.format_to_parquet scheduled__2022-06-06T04:00:00+00:00 map_index=39 [queued]>
[2022-06-07 04:04:51,171] {taskinstance.py:1357} INFO - 
--------------------------------------------------------------------------------
[2022-06-07 04:04:51,171] {taskinstance.py:1358} INFO - Starting attempt 1 of 2
[2022-06-07 04:04:51,171] {taskinstance.py:1359} INFO - 
--------------------------------------------------------------------------------
[2022-06-07 04:04:51,287] {taskinstance.py:1378} INFO - Executing <Mapped(_PythonDecoratedOperator): format_to_parquet> on 2022-06-06 04:00:00+00:00
[2022-06-07 04:04:51,349] {standard_task_runner.py:52} INFO - Started process 62570 to run task
[2022-06-07 04:04:51,395] {standard_task_runner.py:79} INFO - Running: ['***', 'tasks', 'run', 'hero_info', 'format_to_parquet', 'scheduled__2022-06-06T04:00:00+00:00', '--job-id', '15400', '--raw', '--subdir', 'DAGS_FOLDER/ingest_heroes.py', '--cfg-path', '/tmp/tmp4h4jynmc', '--map-index', '39', '--error-file', '/tmp/tmp7569o70e']
[2022-06-07 04:04:51,411] {standard_task_runner.py:80} INFO - Job 15400: Subtask format_to_parquet
[2022-06-07 04:04:51,906] {task_command.py:370} INFO - Running <TaskInstance: hero_info.format_to_parquet scheduled__2022-06-06T04:00:00+00:00 map_index=39 [running]> on host 76384e2d8475
[2022-06-07 04:04:56,781] {taskinstance.py:1570} INFO - Exporting the following env vars:
AIRFLOW_CTX_DAG_OWNER=***
AIRFLOW_CTX_DAG_ID=hero_info
AIRFLOW_CTX_TASK_ID=format_to_parquet
AIRFLOW_CTX_EXECUTION_DATE=2022-06-06T04:00:00+00:00
AIRFLOW_CTX_TRY_NUMBER=1
AIRFLOW_CTX_DAG_RUN_ID=scheduled__2022-06-06T04:00:00+00:00
[2022-06-07 04:05:04,117] {python.py:173} INFO - Done. Returned value was: /opt/***/20220607_H04M04_HERO0000000039001.parquet
[2022-06-07 04:05:04,451] {taskinstance.py:1396} INFO - Marking task as SUCCESS. dag_id=hero_info, task_id=format_to_parquet, map_index=39, execution_date=20220606T040000, start_date=20220607T040450, end_date=20220607T040504
[2022-06-07 04:05:04,610] {local_task_job.py:156} INFO - Task exited with return code 0
[2022-06-07 04:05:05,550] {local_task_job.py:273} INFO - 0 downstream tasks scheduled from follow-on schedule check
