[2022-06-06 04:09:56,293] {taskinstance.py:1160} INFO - Dependencies all met for <TaskInstance: hero_info.format_to_parquet scheduled__2022-06-05T04:00:00+00:00 map_index=127 [queued]>
[2022-06-06 04:09:56,398] {taskinstance.py:1160} INFO - Dependencies all met for <TaskInstance: hero_info.format_to_parquet scheduled__2022-06-05T04:00:00+00:00 map_index=127 [queued]>
[2022-06-06 04:09:56,398] {taskinstance.py:1357} INFO - 
--------------------------------------------------------------------------------
[2022-06-06 04:09:56,399] {taskinstance.py:1358} INFO - Starting attempt 1 of 2
[2022-06-06 04:09:56,399] {taskinstance.py:1359} INFO - 
--------------------------------------------------------------------------------
[2022-06-06 04:09:56,470] {taskinstance.py:1378} INFO - Executing <Mapped(_PythonDecoratedOperator): format_to_parquet> on 2022-06-05 04:00:00+00:00
[2022-06-06 04:09:56,495] {standard_task_runner.py:52} INFO - Started process 7863 to run task
[2022-06-06 04:09:56,550] {standard_task_runner.py:79} INFO - Running: ['***', 'tasks', 'run', 'hero_info', 'format_to_parquet', 'scheduled__2022-06-05T04:00:00+00:00', '--job-id', '14799', '--raw', '--subdir', 'DAGS_FOLDER/ingest_heroes.py', '--cfg-path', '/tmp/tmph2om94g8', '--map-index', '127', '--error-file', '/tmp/tmps0z_57zh']
[2022-06-06 04:09:56,552] {standard_task_runner.py:80} INFO - Job 14799: Subtask format_to_parquet
[2022-06-06 04:09:56,715] {task_command.py:370} INFO - Running <TaskInstance: hero_info.format_to_parquet scheduled__2022-06-05T04:00:00+00:00 map_index=127 [running]> on host 76384e2d8475
[2022-06-06 04:10:00,578] {taskinstance.py:1570} INFO - Exporting the following env vars:
AIRFLOW_CTX_DAG_OWNER=***
AIRFLOW_CTX_DAG_ID=hero_info
AIRFLOW_CTX_TASK_ID=format_to_parquet
AIRFLOW_CTX_EXECUTION_DATE=2022-06-05T04:00:00+00:00
AIRFLOW_CTX_TRY_NUMBER=1
AIRFLOW_CTX_DAG_RUN_ID=scheduled__2022-06-05T04:00:00+00:00
[2022-06-06 04:10:07,917] {python.py:173} INFO - Done. Returned value was: /opt/***/20220606_H04M09_HERO0000000127001.parquet
[2022-06-06 04:10:08,294] {taskinstance.py:1396} INFO - Marking task as SUCCESS. dag_id=hero_info, task_id=format_to_parquet, map_index=127, execution_date=20220605T040000, start_date=20220606T040956, end_date=20220606T041008
[2022-06-06 04:10:08,426] {local_task_job.py:156} INFO - Task exited with return code 0
[2022-06-06 04:10:10,009] {local_task_job.py:273} INFO - 0 downstream tasks scheduled from follow-on schedule check
