[2022-06-07 04:09:55,157] {taskinstance.py:1160} INFO - Dependencies all met for <TaskInstance: hero_info.upload_to_gcs scheduled__2022-06-06T04:00:00+00:00 map_index=135 [queued]>
[2022-06-07 04:09:55,230] {taskinstance.py:1160} INFO - Dependencies all met for <TaskInstance: hero_info.upload_to_gcs scheduled__2022-06-06T04:00:00+00:00 map_index=135 [queued]>
[2022-06-07 04:09:55,231] {taskinstance.py:1357} INFO - 
--------------------------------------------------------------------------------
[2022-06-07 04:09:55,231] {taskinstance.py:1358} INFO - Starting attempt 1 of 2
[2022-06-07 04:09:55,231] {taskinstance.py:1359} INFO - 
--------------------------------------------------------------------------------
[2022-06-07 04:09:55,246] {taskinstance.py:1378} INFO - Executing <Mapped(_PythonDecoratedOperator): upload_to_gcs> on 2022-06-06 04:00:00+00:00
[2022-06-07 04:09:55,257] {standard_task_runner.py:52} INFO - Started process 63510 to run task
[2022-06-07 04:09:55,269] {standard_task_runner.py:79} INFO - Running: ['***', 'tasks', 'run', 'hero_info', 'upload_to_gcs', 'scheduled__2022-06-06T04:00:00+00:00', '--job-id', '15636', '--raw', '--subdir', 'DAGS_FOLDER/ingest_heroes.py', '--cfg-path', '/tmp/tmpkpe___an', '--map-index', '135', '--error-file', '/tmp/tmpy8hfsnge']
[2022-06-07 04:09:55,270] {standard_task_runner.py:80} INFO - Job 15636: Subtask upload_to_gcs
[2022-06-07 04:09:55,384] {task_command.py:370} INFO - Running <TaskInstance: hero_info.upload_to_gcs scheduled__2022-06-06T04:00:00+00:00 map_index=135 [running]> on host 76384e2d8475
[2022-06-07 04:09:55,546] {taskinstance.py:1570} INFO - Exporting the following env vars:
AIRFLOW_CTX_DAG_OWNER=***
AIRFLOW_CTX_DAG_ID=hero_info
AIRFLOW_CTX_TASK_ID=upload_to_gcs
AIRFLOW_CTX_EXECUTION_DATE=2022-06-06T04:00:00+00:00
AIRFLOW_CTX_TRY_NUMBER=1
AIRFLOW_CTX_DAG_RUN_ID=scheduled__2022-06-06T04:00:00+00:00
[2022-06-07 04:09:55,747] {python.py:173} INFO - Done. Returned value was: None
[2022-06-07 04:09:56,943] {taskinstance.py:1396} INFO - Marking task as SUCCESS. dag_id=hero_info, task_id=upload_to_gcs, map_index=135, execution_date=20220606T040000, start_date=20220607T040955, end_date=20220607T040956
[2022-06-07 04:09:56,992] {local_task_job.py:156} INFO - Task exited with return code 0
[2022-06-07 04:09:58,373] {local_task_job.py:273} INFO - 0 downstream tasks scheduled from follow-on schedule check
