[2022-06-06 02:23:32,824] {taskinstance.py:1160} INFO - Dependencies all met for <TaskInstance: hero_info.upload_to_gcs manual__2022-06-06T02:08:02.896924+00:00 map_index=113 [queued]>
[2022-06-06 02:23:33,202] {taskinstance.py:1160} INFO - Dependencies all met for <TaskInstance: hero_info.upload_to_gcs manual__2022-06-06T02:08:02.896924+00:00 map_index=113 [queued]>
[2022-06-06 02:23:33,203] {taskinstance.py:1357} INFO - 
--------------------------------------------------------------------------------
[2022-06-06 02:23:33,203] {taskinstance.py:1358} INFO - Starting attempt 1 of 2
[2022-06-06 02:23:33,203] {taskinstance.py:1359} INFO - 
--------------------------------------------------------------------------------
[2022-06-06 02:23:33,247] {taskinstance.py:1378} INFO - Executing <Mapped(_PythonDecoratedOperator): upload_to_gcs> on 2022-06-06 02:08:02.896924+00:00
[2022-06-06 02:23:33,298] {standard_task_runner.py:52} INFO - Started process 2453 to run task
[2022-06-06 02:23:33,378] {standard_task_runner.py:79} INFO - Running: ['***', 'tasks', 'run', 'hero_info', 'upload_to_gcs', 'manual__2022-06-06T02:08:02.896924+00:00', '--job-id', '14330', '--raw', '--subdir', 'DAGS_FOLDER/ingest_heroes.py', '--cfg-path', '/tmp/tmpxh22528g', '--map-index', '113', '--error-file', '/tmp/tmp8jpki6em']
[2022-06-06 02:23:33,408] {standard_task_runner.py:80} INFO - Job 14330: Subtask upload_to_gcs
[2022-06-06 02:23:33,909] {task_command.py:370} INFO - Running <TaskInstance: hero_info.upload_to_gcs manual__2022-06-06T02:08:02.896924+00:00 map_index=113 [running]> on host 76384e2d8475
[2022-06-06 02:23:34,270] {taskinstance.py:1570} INFO - Exporting the following env vars:
AIRFLOW_CTX_DAG_OWNER=***
AIRFLOW_CTX_DAG_ID=hero_info
AIRFLOW_CTX_TASK_ID=upload_to_gcs
AIRFLOW_CTX_EXECUTION_DATE=2022-06-06T02:08:02.896924+00:00
AIRFLOW_CTX_TRY_NUMBER=1
AIRFLOW_CTX_DAG_RUN_ID=manual__2022-06-06T02:08:02.896924+00:00
[2022-06-06 02:23:34,645] {python.py:173} INFO - Done. Returned value was: None
[2022-06-06 02:23:37,064] {taskinstance.py:1396} INFO - Marking task as SUCCESS. dag_id=hero_info, task_id=upload_to_gcs, map_index=113, execution_date=20220606T020802, start_date=20220606T022332, end_date=20220606T022337
[2022-06-06 02:23:37,140] {local_task_job.py:156} INFO - Task exited with return code 0
[2022-06-06 02:23:38,850] {local_task_job.py:273} INFO - 0 downstream tasks scheduled from follow-on schedule check
