[2022-06-06 04:14:31,329] {taskinstance.py:1160} INFO - Dependencies all met for <TaskInstance: hero_info.upload_to_gcs scheduled__2022-06-05T04:00:00+00:00 map_index=195 [queued]>
[2022-06-06 04:14:31,708] {taskinstance.py:1160} INFO - Dependencies all met for <TaskInstance: hero_info.upload_to_gcs scheduled__2022-06-05T04:00:00+00:00 map_index=195 [queued]>
[2022-06-06 04:14:31,708] {taskinstance.py:1357} INFO - 
--------------------------------------------------------------------------------
[2022-06-06 04:14:31,708] {taskinstance.py:1358} INFO - Starting attempt 1 of 2
[2022-06-06 04:14:31,708] {taskinstance.py:1359} INFO - 
--------------------------------------------------------------------------------
[2022-06-06 04:14:31,750] {taskinstance.py:1378} INFO - Executing <Mapped(_PythonDecoratedOperator): upload_to_gcs> on 2022-06-05 04:00:00+00:00
[2022-06-06 04:14:31,792] {standard_task_runner.py:52} INFO - Started process 9257 to run task
[2022-06-06 04:14:31,818] {standard_task_runner.py:79} INFO - Running: ['***', 'tasks', 'run', 'hero_info', 'upload_to_gcs', 'scheduled__2022-06-05T04:00:00+00:00', '--job-id', '15093', '--raw', '--subdir', 'DAGS_FOLDER/ingest_heroes.py', '--cfg-path', '/tmp/tmpedxlgmk_', '--map-index', '195', '--error-file', '/tmp/tmpqsu28l52']
[2022-06-06 04:14:31,827] {standard_task_runner.py:80} INFO - Job 15093: Subtask upload_to_gcs
[2022-06-06 04:14:32,052] {task_command.py:370} INFO - Running <TaskInstance: hero_info.upload_to_gcs scheduled__2022-06-05T04:00:00+00:00 map_index=195 [running]> on host 76384e2d8475
[2022-06-06 04:14:32,430] {taskinstance.py:1570} INFO - Exporting the following env vars:
AIRFLOW_CTX_DAG_OWNER=***
AIRFLOW_CTX_DAG_ID=hero_info
AIRFLOW_CTX_TASK_ID=upload_to_gcs
AIRFLOW_CTX_EXECUTION_DATE=2022-06-05T04:00:00+00:00
AIRFLOW_CTX_TRY_NUMBER=1
AIRFLOW_CTX_DAG_RUN_ID=scheduled__2022-06-05T04:00:00+00:00
[2022-06-06 04:14:32,790] {python.py:173} INFO - Done. Returned value was: None
[2022-06-06 04:14:35,129] {taskinstance.py:1396} INFO - Marking task as SUCCESS. dag_id=hero_info, task_id=upload_to_gcs, map_index=195, execution_date=20220605T040000, start_date=20220606T041431, end_date=20220606T041435
[2022-06-06 04:14:35,179] {local_task_job.py:156} INFO - Task exited with return code 0
[2022-06-06 04:14:35,915] {local_task_job.py:273} INFO - 0 downstream tasks scheduled from follow-on schedule check
