[2022-06-07 04:10:25,284] {taskinstance.py:1160} INFO - Dependencies all met for <TaskInstance: hero_info.upload_to_gcs scheduled__2022-06-06T04:00:00+00:00 map_index=69 [queued]>
[2022-06-07 04:10:25,392] {taskinstance.py:1160} INFO - Dependencies all met for <TaskInstance: hero_info.upload_to_gcs scheduled__2022-06-06T04:00:00+00:00 map_index=69 [queued]>
[2022-06-07 04:10:25,393] {taskinstance.py:1357} INFO - 
--------------------------------------------------------------------------------
[2022-06-07 04:10:25,393] {taskinstance.py:1358} INFO - Starting attempt 1 of 2
[2022-06-07 04:10:25,393] {taskinstance.py:1359} INFO - 
--------------------------------------------------------------------------------
[2022-06-07 04:10:25,416] {taskinstance.py:1378} INFO - Executing <Mapped(_PythonDecoratedOperator): upload_to_gcs> on 2022-06-06 04:00:00+00:00
[2022-06-07 04:10:25,432] {standard_task_runner.py:52} INFO - Started process 63759 to run task
[2022-06-07 04:10:25,461] {standard_task_runner.py:79} INFO - Running: ['***', 'tasks', 'run', 'hero_info', 'upload_to_gcs', 'scheduled__2022-06-06T04:00:00+00:00', '--job-id', '15683', '--raw', '--subdir', 'DAGS_FOLDER/ingest_heroes.py', '--cfg-path', '/tmp/tmpp7vdf_km', '--map-index', '69', '--error-file', '/tmp/tmp8qv3zbme']
[2022-06-07 04:10:25,463] {standard_task_runner.py:80} INFO - Job 15683: Subtask upload_to_gcs
[2022-06-07 04:10:25,640] {task_command.py:370} INFO - Running <TaskInstance: hero_info.upload_to_gcs scheduled__2022-06-06T04:00:00+00:00 map_index=69 [running]> on host 76384e2d8475
[2022-06-07 04:10:25,816] {taskinstance.py:1570} INFO - Exporting the following env vars:
AIRFLOW_CTX_DAG_OWNER=***
AIRFLOW_CTX_DAG_ID=hero_info
AIRFLOW_CTX_TASK_ID=upload_to_gcs
AIRFLOW_CTX_EXECUTION_DATE=2022-06-06T04:00:00+00:00
AIRFLOW_CTX_TRY_NUMBER=1
AIRFLOW_CTX_DAG_RUN_ID=scheduled__2022-06-06T04:00:00+00:00
[2022-06-07 04:10:26,137] {python.py:173} INFO - Done. Returned value was: None
[2022-06-07 04:10:27,644] {taskinstance.py:1396} INFO - Marking task as SUCCESS. dag_id=hero_info, task_id=upload_to_gcs, map_index=69, execution_date=20220606T040000, start_date=20220607T041025, end_date=20220607T041027
[2022-06-07 04:10:27,717] {local_task_job.py:156} INFO - Task exited with return code 0
[2022-06-07 04:10:29,498] {local_task_job.py:273} INFO - 0 downstream tasks scheduled from follow-on schedule check
