[2022-06-06 04:14:03,608] {taskinstance.py:1160} INFO - Dependencies all met for <TaskInstance: hero_info.upload_to_gcs scheduled__2022-06-05T04:00:00+00:00 map_index=159 [queued]>
[2022-06-06 04:14:03,689] {taskinstance.py:1160} INFO - Dependencies all met for <TaskInstance: hero_info.upload_to_gcs scheduled__2022-06-05T04:00:00+00:00 map_index=159 [queued]>
[2022-06-06 04:14:03,689] {taskinstance.py:1357} INFO - 
--------------------------------------------------------------------------------
[2022-06-06 04:14:03,689] {taskinstance.py:1358} INFO - Starting attempt 1 of 2
[2022-06-06 04:14:03,689] {taskinstance.py:1359} INFO - 
--------------------------------------------------------------------------------
[2022-06-06 04:14:03,701] {taskinstance.py:1378} INFO - Executing <Mapped(_PythonDecoratedOperator): upload_to_gcs> on 2022-06-05 04:00:00+00:00
[2022-06-06 04:14:03,709] {standard_task_runner.py:52} INFO - Started process 9040 to run task
[2022-06-06 04:14:03,717] {standard_task_runner.py:79} INFO - Running: ['***', 'tasks', 'run', 'hero_info', 'upload_to_gcs', 'scheduled__2022-06-05T04:00:00+00:00', '--job-id', '15057', '--raw', '--subdir', 'DAGS_FOLDER/ingest_heroes.py', '--cfg-path', '/tmp/tmpgg04wdst', '--map-index', '159', '--error-file', '/tmp/tmpafr55ubs']
[2022-06-06 04:14:03,718] {standard_task_runner.py:80} INFO - Job 15057: Subtask upload_to_gcs
[2022-06-06 04:14:03,799] {task_command.py:370} INFO - Running <TaskInstance: hero_info.upload_to_gcs scheduled__2022-06-05T04:00:00+00:00 map_index=159 [running]> on host 76384e2d8475
[2022-06-06 04:14:03,984] {taskinstance.py:1570} INFO - Exporting the following env vars:
AIRFLOW_CTX_DAG_OWNER=***
AIRFLOW_CTX_DAG_ID=hero_info
AIRFLOW_CTX_TASK_ID=upload_to_gcs
AIRFLOW_CTX_EXECUTION_DATE=2022-06-05T04:00:00+00:00
AIRFLOW_CTX_TRY_NUMBER=1
AIRFLOW_CTX_DAG_RUN_ID=scheduled__2022-06-05T04:00:00+00:00
[2022-06-06 04:14:04,194] {python.py:173} INFO - Done. Returned value was: None
[2022-06-06 04:14:07,058] {taskinstance.py:1396} INFO - Marking task as SUCCESS. dag_id=hero_info, task_id=upload_to_gcs, map_index=159, execution_date=20220605T040000, start_date=20220606T041403, end_date=20220606T041407
[2022-06-06 04:14:07,171] {local_task_job.py:156} INFO - Task exited with return code 0
[2022-06-06 04:14:11,057] {local_task_job.py:273} INFO - 0 downstream tasks scheduled from follow-on schedule check
