[2022-06-06 02:22:14,397] {taskinstance.py:1160} INFO - Dependencies all met for <TaskInstance: hero_info.upload_to_gcs manual__2022-06-06T02:08:02.896924+00:00 map_index=56 [queued]>
[2022-06-06 02:22:14,483] {taskinstance.py:1160} INFO - Dependencies all met for <TaskInstance: hero_info.upload_to_gcs manual__2022-06-06T02:08:02.896924+00:00 map_index=56 [queued]>
[2022-06-06 02:22:14,483] {taskinstance.py:1357} INFO - 
--------------------------------------------------------------------------------
[2022-06-06 02:22:14,483] {taskinstance.py:1358} INFO - Starting attempt 1 of 2
[2022-06-06 02:22:14,483] {taskinstance.py:1359} INFO - 
--------------------------------------------------------------------------------
[2022-06-06 02:22:14,503] {taskinstance.py:1378} INFO - Executing <Mapped(_PythonDecoratedOperator): upload_to_gcs> on 2022-06-06 02:08:02.896924+00:00
[2022-06-06 02:22:14,513] {standard_task_runner.py:52} INFO - Started process 1875 to run task
[2022-06-06 02:22:14,524] {standard_task_runner.py:79} INFO - Running: ['***', 'tasks', 'run', 'hero_info', 'upload_to_gcs', 'manual__2022-06-06T02:08:02.896924+00:00', '--job-id', '14224', '--raw', '--subdir', 'DAGS_FOLDER/ingest_heroes.py', '--cfg-path', '/tmp/tmpo092ewwe', '--map-index', '56', '--error-file', '/tmp/tmpm4vol0nr']
[2022-06-06 02:22:14,525] {standard_task_runner.py:80} INFO - Job 14224: Subtask upload_to_gcs
[2022-06-06 02:22:14,633] {task_command.py:370} INFO - Running <TaskInstance: hero_info.upload_to_gcs manual__2022-06-06T02:08:02.896924+00:00 map_index=56 [running]> on host 76384e2d8475
[2022-06-06 02:22:14,825] {taskinstance.py:1570} INFO - Exporting the following env vars:
AIRFLOW_CTX_DAG_OWNER=***
AIRFLOW_CTX_DAG_ID=hero_info
AIRFLOW_CTX_TASK_ID=upload_to_gcs
AIRFLOW_CTX_EXECUTION_DATE=2022-06-06T02:08:02.896924+00:00
AIRFLOW_CTX_TRY_NUMBER=1
AIRFLOW_CTX_DAG_RUN_ID=manual__2022-06-06T02:08:02.896924+00:00
[2022-06-06 02:22:15,132] {python.py:173} INFO - Done. Returned value was: None
[2022-06-06 02:22:16,319] {taskinstance.py:1396} INFO - Marking task as SUCCESS. dag_id=hero_info, task_id=upload_to_gcs, map_index=56, execution_date=20220606T020802, start_date=20220606T022214, end_date=20220606T022216
[2022-06-06 02:22:16,371] {local_task_job.py:156} INFO - Task exited with return code 0
[2022-06-06 02:22:17,592] {local_task_job.py:273} INFO - 0 downstream tasks scheduled from follow-on schedule check
