[2022-06-06 02:22:27,590] {taskinstance.py:1160} INFO - Dependencies all met for <TaskInstance: hero_info.upload_to_gcs manual__2022-06-06T02:08:02.896924+00:00 map_index=93 [queued]>
[2022-06-06 02:22:27,665] {taskinstance.py:1160} INFO - Dependencies all met for <TaskInstance: hero_info.upload_to_gcs manual__2022-06-06T02:08:02.896924+00:00 map_index=93 [queued]>
[2022-06-06 02:22:27,665] {taskinstance.py:1357} INFO - 
--------------------------------------------------------------------------------
[2022-06-06 02:22:27,666] {taskinstance.py:1358} INFO - Starting attempt 1 of 2
[2022-06-06 02:22:27,666] {taskinstance.py:1359} INFO - 
--------------------------------------------------------------------------------
[2022-06-06 02:22:27,684] {taskinstance.py:1378} INFO - Executing <Mapped(_PythonDecoratedOperator): upload_to_gcs> on 2022-06-06 02:08:02.896924+00:00
[2022-06-06 02:22:27,694] {standard_task_runner.py:52} INFO - Started process 1984 to run task
[2022-06-06 02:22:27,708] {standard_task_runner.py:79} INFO - Running: ['***', 'tasks', 'run', 'hero_info', 'upload_to_gcs', 'manual__2022-06-06T02:08:02.896924+00:00', '--job-id', '14246', '--raw', '--subdir', 'DAGS_FOLDER/ingest_heroes.py', '--cfg-path', '/tmp/tmpq3ffpv29', '--map-index', '93', '--error-file', '/tmp/tmp2xravsxw']
[2022-06-06 02:22:27,710] {standard_task_runner.py:80} INFO - Job 14246: Subtask upload_to_gcs
[2022-06-06 02:22:27,797] {task_command.py:370} INFO - Running <TaskInstance: hero_info.upload_to_gcs manual__2022-06-06T02:08:02.896924+00:00 map_index=93 [running]> on host 76384e2d8475
[2022-06-06 02:22:27,933] {taskinstance.py:1570} INFO - Exporting the following env vars:
AIRFLOW_CTX_DAG_OWNER=***
AIRFLOW_CTX_DAG_ID=hero_info
AIRFLOW_CTX_TASK_ID=upload_to_gcs
AIRFLOW_CTX_EXECUTION_DATE=2022-06-06T02:08:02.896924+00:00
AIRFLOW_CTX_TRY_NUMBER=1
AIRFLOW_CTX_DAG_RUN_ID=manual__2022-06-06T02:08:02.896924+00:00
[2022-06-06 02:22:28,128] {python.py:173} INFO - Done. Returned value was: None
[2022-06-06 02:22:29,232] {taskinstance.py:1396} INFO - Marking task as SUCCESS. dag_id=hero_info, task_id=upload_to_gcs, map_index=93, execution_date=20220606T020802, start_date=20220606T022227, end_date=20220606T022229
[2022-06-06 02:22:29,332] {local_task_job.py:156} INFO - Task exited with return code 0
[2022-06-06 02:22:33,140] {local_task_job.py:273} INFO - 0 downstream tasks scheduled from follow-on schedule check
