[2022-06-06 04:13:21,909] {taskinstance.py:1160} INFO - Dependencies all met for <TaskInstance: hero_info.upload_to_gcs scheduled__2022-06-05T04:00:00+00:00 map_index=95 [queued]>
[2022-06-06 04:13:22,015] {taskinstance.py:1160} INFO - Dependencies all met for <TaskInstance: hero_info.upload_to_gcs scheduled__2022-06-05T04:00:00+00:00 map_index=95 [queued]>
[2022-06-06 04:13:22,016] {taskinstance.py:1357} INFO - 
--------------------------------------------------------------------------------
[2022-06-06 04:13:22,016] {taskinstance.py:1358} INFO - Starting attempt 1 of 2
[2022-06-06 04:13:22,016] {taskinstance.py:1359} INFO - 
--------------------------------------------------------------------------------
[2022-06-06 04:13:22,035] {taskinstance.py:1378} INFO - Executing <Mapped(_PythonDecoratedOperator): upload_to_gcs> on 2022-06-05 04:00:00+00:00
[2022-06-06 04:13:22,054] {standard_task_runner.py:52} INFO - Started process 8699 to run task
[2022-06-06 04:13:22,089] {standard_task_runner.py:79} INFO - Running: ['***', 'tasks', 'run', 'hero_info', 'upload_to_gcs', 'scheduled__2022-06-05T04:00:00+00:00', '--job-id', '14993', '--raw', '--subdir', 'DAGS_FOLDER/ingest_heroes.py', '--cfg-path', '/tmp/tmp62oiku6e', '--map-index', '95', '--error-file', '/tmp/tmp6w895vlo']
[2022-06-06 04:13:22,091] {standard_task_runner.py:80} INFO - Job 14993: Subtask upload_to_gcs
[2022-06-06 04:13:22,199] {task_command.py:370} INFO - Running <TaskInstance: hero_info.upload_to_gcs scheduled__2022-06-05T04:00:00+00:00 map_index=95 [running]> on host 76384e2d8475
[2022-06-06 04:13:22,392] {taskinstance.py:1570} INFO - Exporting the following env vars:
AIRFLOW_CTX_DAG_OWNER=***
AIRFLOW_CTX_DAG_ID=hero_info
AIRFLOW_CTX_TASK_ID=upload_to_gcs
AIRFLOW_CTX_EXECUTION_DATE=2022-06-05T04:00:00+00:00
AIRFLOW_CTX_TRY_NUMBER=1
AIRFLOW_CTX_DAG_RUN_ID=scheduled__2022-06-05T04:00:00+00:00
[2022-06-06 04:13:22,607] {python.py:173} INFO - Done. Returned value was: None
[2022-06-06 04:13:24,397] {taskinstance.py:1396} INFO - Marking task as SUCCESS. dag_id=hero_info, task_id=upload_to_gcs, map_index=95, execution_date=20220605T040000, start_date=20220606T041321, end_date=20220606T041324
[2022-06-06 04:13:24,493] {local_task_job.py:156} INFO - Task exited with return code 0
[2022-06-06 04:13:26,602] {local_task_job.py:273} INFO - 0 downstream tasks scheduled from follow-on schedule check
