[2022-06-07 04:10:05,020] {taskinstance.py:1160} INFO - Dependencies all met for <TaskInstance: hero_info.upload_to_gcs scheduled__2022-06-06T04:00:00+00:00 map_index=155 [queued]>
[2022-06-07 04:10:05,108] {taskinstance.py:1160} INFO - Dependencies all met for <TaskInstance: hero_info.upload_to_gcs scheduled__2022-06-06T04:00:00+00:00 map_index=155 [queued]>
[2022-06-07 04:10:05,108] {taskinstance.py:1357} INFO - 
--------------------------------------------------------------------------------
[2022-06-07 04:10:05,109] {taskinstance.py:1358} INFO - Starting attempt 1 of 2
[2022-06-07 04:10:05,109] {taskinstance.py:1359} INFO - 
--------------------------------------------------------------------------------
[2022-06-07 04:10:05,123] {taskinstance.py:1378} INFO - Executing <Mapped(_PythonDecoratedOperator): upload_to_gcs> on 2022-06-06 04:00:00+00:00
[2022-06-07 04:10:05,135] {standard_task_runner.py:52} INFO - Started process 63596 to run task
[2022-06-07 04:10:05,149] {standard_task_runner.py:79} INFO - Running: ['***', 'tasks', 'run', 'hero_info', 'upload_to_gcs', 'scheduled__2022-06-06T04:00:00+00:00', '--job-id', '15655', '--raw', '--subdir', 'DAGS_FOLDER/ingest_heroes.py', '--cfg-path', '/tmp/tmpf40pl8kc', '--map-index', '155', '--error-file', '/tmp/tmpz637nimk']
[2022-06-07 04:10:05,159] {standard_task_runner.py:80} INFO - Job 15655: Subtask upload_to_gcs
[2022-06-07 04:10:05,263] {task_command.py:370} INFO - Running <TaskInstance: hero_info.upload_to_gcs scheduled__2022-06-06T04:00:00+00:00 map_index=155 [running]> on host 76384e2d8475
[2022-06-07 04:10:05,409] {taskinstance.py:1570} INFO - Exporting the following env vars:
AIRFLOW_CTX_DAG_OWNER=***
AIRFLOW_CTX_DAG_ID=hero_info
AIRFLOW_CTX_TASK_ID=upload_to_gcs
AIRFLOW_CTX_EXECUTION_DATE=2022-06-06T04:00:00+00:00
AIRFLOW_CTX_TRY_NUMBER=1
AIRFLOW_CTX_DAG_RUN_ID=scheduled__2022-06-06T04:00:00+00:00
[2022-06-07 04:10:05,644] {python.py:173} INFO - Done. Returned value was: None
[2022-06-07 04:10:06,938] {taskinstance.py:1396} INFO - Marking task as SUCCESS. dag_id=hero_info, task_id=upload_to_gcs, map_index=155, execution_date=20220606T040000, start_date=20220607T041005, end_date=20220607T041006
[2022-06-07 04:10:07,006] {local_task_job.py:156} INFO - Task exited with return code 0
[2022-06-07 04:10:08,936] {local_task_job.py:273} INFO - 0 downstream tasks scheduled from follow-on schedule check
