[2022-06-06 04:09:26,028] {taskinstance.py:1160} INFO - Dependencies all met for <TaskInstance: hero_info.format_to_parquet scheduled__2022-06-05T04:00:00+00:00 map_index=107 [queued]>
[2022-06-06 04:09:26,276] {taskinstance.py:1160} INFO - Dependencies all met for <TaskInstance: hero_info.format_to_parquet scheduled__2022-06-05T04:00:00+00:00 map_index=107 [queued]>
[2022-06-06 04:09:26,276] {taskinstance.py:1357} INFO - 
--------------------------------------------------------------------------------
[2022-06-06 04:09:26,276] {taskinstance.py:1358} INFO - Starting attempt 1 of 2
[2022-06-06 04:09:26,276] {taskinstance.py:1359} INFO - 
--------------------------------------------------------------------------------
[2022-06-06 04:09:26,336] {taskinstance.py:1378} INFO - Executing <Mapped(_PythonDecoratedOperator): format_to_parquet> on 2022-06-05 04:00:00+00:00
[2022-06-06 04:09:26,354] {standard_task_runner.py:52} INFO - Started process 7788 to run task
[2022-06-06 04:09:26,385] {standard_task_runner.py:79} INFO - Running: ['***', 'tasks', 'run', 'hero_info', 'format_to_parquet', 'scheduled__2022-06-05T04:00:00+00:00', '--job-id', '14779', '--raw', '--subdir', 'DAGS_FOLDER/ingest_heroes.py', '--cfg-path', '/tmp/tmpzuuf_liw', '--map-index', '107', '--error-file', '/tmp/tmp8m58uuvx']
[2022-06-06 04:09:26,387] {standard_task_runner.py:80} INFO - Job 14779: Subtask format_to_parquet
[2022-06-06 04:09:26,621] {task_command.py:370} INFO - Running <TaskInstance: hero_info.format_to_parquet scheduled__2022-06-05T04:00:00+00:00 map_index=107 [running]> on host 76384e2d8475
[2022-06-06 04:09:31,968] {taskinstance.py:1570} INFO - Exporting the following env vars:
AIRFLOW_CTX_DAG_OWNER=***
AIRFLOW_CTX_DAG_ID=hero_info
AIRFLOW_CTX_TASK_ID=format_to_parquet
AIRFLOW_CTX_EXECUTION_DATE=2022-06-05T04:00:00+00:00
AIRFLOW_CTX_TRY_NUMBER=1
AIRFLOW_CTX_DAG_RUN_ID=scheduled__2022-06-05T04:00:00+00:00
[2022-06-06 04:09:40,056] {python.py:173} INFO - Done. Returned value was: /opt/***/20220606_H04M09_HERO0000000107001.parquet
[2022-06-06 04:09:42,097] {taskinstance.py:1396} INFO - Marking task as SUCCESS. dag_id=hero_info, task_id=format_to_parquet, map_index=107, execution_date=20220605T040000, start_date=20220606T040926, end_date=20220606T040942
[2022-06-06 04:09:42,275] {local_task_job.py:156} INFO - Task exited with return code 0
[2022-06-06 04:09:43,404] {local_task_job.py:273} INFO - 0 downstream tasks scheduled from follow-on schedule check
