[2022-06-06 04:11:00,329] {taskinstance.py:1160} INFO - Dependencies all met for <TaskInstance: hero_info.format_to_parquet scheduled__2022-06-05T04:00:00+00:00 map_index=175 [queued]>
[2022-06-06 04:11:00,536] {taskinstance.py:1160} INFO - Dependencies all met for <TaskInstance: hero_info.format_to_parquet scheduled__2022-06-05T04:00:00+00:00 map_index=175 [queued]>
[2022-06-06 04:11:00,537] {taskinstance.py:1357} INFO - 
--------------------------------------------------------------------------------
[2022-06-06 04:11:00,537] {taskinstance.py:1358} INFO - Starting attempt 1 of 2
[2022-06-06 04:11:00,539] {taskinstance.py:1359} INFO - 
--------------------------------------------------------------------------------
[2022-06-06 04:11:00,625] {taskinstance.py:1378} INFO - Executing <Mapped(_PythonDecoratedOperator): format_to_parquet> on 2022-06-05 04:00:00+00:00
[2022-06-06 04:11:00,681] {standard_task_runner.py:52} INFO - Started process 8017 to run task
[2022-06-06 04:11:00,712] {standard_task_runner.py:79} INFO - Running: ['***', 'tasks', 'run', 'hero_info', 'format_to_parquet', 'scheduled__2022-06-05T04:00:00+00:00', '--job-id', '14845', '--raw', '--subdir', 'DAGS_FOLDER/ingest_heroes.py', '--cfg-path', '/tmp/tmpke6s6xup', '--map-index', '175', '--error-file', '/tmp/tmpcqd2ki7o']
[2022-06-06 04:11:00,714] {standard_task_runner.py:80} INFO - Job 14845: Subtask format_to_parquet
[2022-06-06 04:11:00,967] {task_command.py:370} INFO - Running <TaskInstance: hero_info.format_to_parquet scheduled__2022-06-05T04:00:00+00:00 map_index=175 [running]> on host 76384e2d8475
[2022-06-06 04:11:04,614] {taskinstance.py:1570} INFO - Exporting the following env vars:
AIRFLOW_CTX_DAG_OWNER=***
AIRFLOW_CTX_DAG_ID=hero_info
AIRFLOW_CTX_TASK_ID=format_to_parquet
AIRFLOW_CTX_EXECUTION_DATE=2022-06-05T04:00:00+00:00
AIRFLOW_CTX_TRY_NUMBER=1
AIRFLOW_CTX_DAG_RUN_ID=scheduled__2022-06-05T04:00:00+00:00
[2022-06-06 04:11:14,698] {python.py:173} INFO - Done. Returned value was: /opt/***/20220606_H04M10_HERO0000000175001.parquet
[2022-06-06 04:11:15,208] {taskinstance.py:1396} INFO - Marking task as SUCCESS. dag_id=hero_info, task_id=format_to_parquet, map_index=175, execution_date=20220605T040000, start_date=20220606T041100, end_date=20220606T041115
[2022-06-06 04:11:15,302] {local_task_job.py:156} INFO - Task exited with return code 0
[2022-06-06 04:11:16,856] {local_task_job.py:273} INFO - 0 downstream tasks scheduled from follow-on schedule check
