[2022-06-06 04:11:48,117] {taskinstance.py:1160} INFO - Dependencies all met for <TaskInstance: hero_info.format_to_parquet scheduled__2022-06-05T04:00:00+00:00 map_index=205 [queued]>
[2022-06-06 04:11:48,219] {taskinstance.py:1160} INFO - Dependencies all met for <TaskInstance: hero_info.format_to_parquet scheduled__2022-06-05T04:00:00+00:00 map_index=205 [queued]>
[2022-06-06 04:11:48,219] {taskinstance.py:1357} INFO - 
--------------------------------------------------------------------------------
[2022-06-06 04:11:48,219] {taskinstance.py:1358} INFO - Starting attempt 1 of 2
[2022-06-06 04:11:48,219] {taskinstance.py:1359} INFO - 
--------------------------------------------------------------------------------
[2022-06-06 04:11:48,277] {taskinstance.py:1378} INFO - Executing <Mapped(_PythonDecoratedOperator): format_to_parquet> on 2022-06-05 04:00:00+00:00
[2022-06-06 04:11:48,340] {standard_task_runner.py:52} INFO - Started process 8136 to run task
[2022-06-06 04:11:48,364] {standard_task_runner.py:79} INFO - Running: ['***', 'tasks', 'run', 'hero_info', 'format_to_parquet', 'scheduled__2022-06-05T04:00:00+00:00', '--job-id', '14877', '--raw', '--subdir', 'DAGS_FOLDER/ingest_heroes.py', '--cfg-path', '/tmp/tmp94lh4u4i', '--map-index', '205', '--error-file', '/tmp/tmphzh0u3rs']
[2022-06-06 04:11:48,365] {standard_task_runner.py:80} INFO - Job 14877: Subtask format_to_parquet
[2022-06-06 04:11:48,626] {task_command.py:370} INFO - Running <TaskInstance: hero_info.format_to_parquet scheduled__2022-06-05T04:00:00+00:00 map_index=205 [running]> on host 76384e2d8475
[2022-06-06 04:11:53,012] {taskinstance.py:1570} INFO - Exporting the following env vars:
AIRFLOW_CTX_DAG_OWNER=***
AIRFLOW_CTX_DAG_ID=hero_info
AIRFLOW_CTX_TASK_ID=format_to_parquet
AIRFLOW_CTX_EXECUTION_DATE=2022-06-05T04:00:00+00:00
AIRFLOW_CTX_TRY_NUMBER=1
AIRFLOW_CTX_DAG_RUN_ID=scheduled__2022-06-05T04:00:00+00:00
[2022-06-06 04:12:01,805] {python.py:173} INFO - Done. Returned value was: /opt/***/20220606_H04M11_HERO0000000205001.parquet
[2022-06-06 04:12:02,531] {taskinstance.py:1396} INFO - Marking task as SUCCESS. dag_id=hero_info, task_id=format_to_parquet, map_index=205, execution_date=20220605T040000, start_date=20220606T041148, end_date=20220606T041202
[2022-06-06 04:12:02,642] {local_task_job.py:156} INFO - Task exited with return code 0
[2022-06-06 04:12:03,004] {local_task_job.py:273} INFO - 0 downstream tasks scheduled from follow-on schedule check
