[2022-06-06 02:18:00,958] {taskinstance.py:1160} INFO - Dependencies all met for <TaskInstance: hero_info.format_to_parquet manual__2022-06-06T02:08:02.896924+00:00 map_index=9 [queued]>
[2022-06-06 02:18:01,259] {taskinstance.py:1160} INFO - Dependencies all met for <TaskInstance: hero_info.format_to_parquet manual__2022-06-06T02:08:02.896924+00:00 map_index=9 [queued]>
[2022-06-06 02:18:01,259] {taskinstance.py:1357} INFO - 
--------------------------------------------------------------------------------
[2022-06-06 02:18:01,259] {taskinstance.py:1358} INFO - Starting attempt 1 of 2
[2022-06-06 02:18:01,259] {taskinstance.py:1359} INFO - 
--------------------------------------------------------------------------------
[2022-06-06 02:18:01,334] {taskinstance.py:1378} INFO - Executing <Mapped(_PythonDecoratedOperator): format_to_parquet> on 2022-06-06 02:08:02.896924+00:00
[2022-06-06 02:18:01,390] {standard_task_runner.py:52} INFO - Started process 1300 to run task
[2022-06-06 02:18:01,435] {standard_task_runner.py:79} INFO - Running: ['***', 'tasks', 'run', 'hero_info', 'format_to_parquet', 'manual__2022-06-06T02:08:02.896924+00:00', '--job-id', '14063', '--raw', '--subdir', 'DAGS_FOLDER/ingest_heroes.py', '--cfg-path', '/tmp/tmp2fp58dl1', '--map-index', '9', '--error-file', '/tmp/tmp50i8shd7']
[2022-06-06 02:18:01,437] {standard_task_runner.py:80} INFO - Job 14063: Subtask format_to_parquet
[2022-06-06 02:18:01,776] {task_command.py:370} INFO - Running <TaskInstance: hero_info.format_to_parquet manual__2022-06-06T02:08:02.896924+00:00 map_index=9 [running]> on host 76384e2d8475
[2022-06-06 02:18:07,056] {taskinstance.py:1570} INFO - Exporting the following env vars:
AIRFLOW_CTX_DAG_OWNER=***
AIRFLOW_CTX_DAG_ID=hero_info
AIRFLOW_CTX_TASK_ID=format_to_parquet
AIRFLOW_CTX_EXECUTION_DATE=2022-06-06T02:08:02.896924+00:00
AIRFLOW_CTX_TRY_NUMBER=1
AIRFLOW_CTX_DAG_RUN_ID=manual__2022-06-06T02:08:02.896924+00:00
[2022-06-06 02:18:17,400] {python.py:173} INFO - Done. Returned value was: /opt/***/20220606_H02M17_HERO0000000009001.parquet
[2022-06-06 02:18:17,556] {taskinstance.py:1396} INFO - Marking task as SUCCESS. dag_id=hero_info, task_id=format_to_parquet, map_index=9, execution_date=20220606T020802, start_date=20220606T021800, end_date=20220606T021817
[2022-06-06 02:18:17,692] {local_task_job.py:156} INFO - Task exited with return code 0
[2022-06-06 02:18:18,797] {local_task_job.py:273} INFO - 0 downstream tasks scheduled from follow-on schedule check
