[2022-06-06 02:23:38,557] {taskinstance.py:1160} INFO - Dependencies all met for <TaskInstance: hero_info.upload_to_gcs manual__2022-06-06T02:08:02.896924+00:00 map_index=128 [queued]>
[2022-06-06 02:23:38,614] {taskinstance.py:1160} INFO - Dependencies all met for <TaskInstance: hero_info.upload_to_gcs manual__2022-06-06T02:08:02.896924+00:00 map_index=128 [queued]>
[2022-06-06 02:23:38,615] {taskinstance.py:1357} INFO - 
--------------------------------------------------------------------------------
[2022-06-06 02:23:38,615] {taskinstance.py:1358} INFO - Starting attempt 1 of 2
[2022-06-06 02:23:38,615] {taskinstance.py:1359} INFO - 
--------------------------------------------------------------------------------
[2022-06-06 02:23:38,628] {taskinstance.py:1378} INFO - Executing <Mapped(_PythonDecoratedOperator): upload_to_gcs> on 2022-06-06 02:08:02.896924+00:00
[2022-06-06 02:23:38,636] {standard_task_runner.py:52} INFO - Started process 2506 to run task
[2022-06-06 02:23:38,642] {standard_task_runner.py:79} INFO - Running: ['***', 'tasks', 'run', 'hero_info', 'upload_to_gcs', 'manual__2022-06-06T02:08:02.896924+00:00', '--job-id', '14344', '--raw', '--subdir', 'DAGS_FOLDER/ingest_heroes.py', '--cfg-path', '/tmp/tmpdqsg_9kl', '--map-index', '128', '--error-file', '/tmp/tmpiwbt3cl1']
[2022-06-06 02:23:38,644] {standard_task_runner.py:80} INFO - Job 14344: Subtask upload_to_gcs
[2022-06-06 02:23:38,751] {task_command.py:370} INFO - Running <TaskInstance: hero_info.upload_to_gcs manual__2022-06-06T02:08:02.896924+00:00 map_index=128 [running]> on host 76384e2d8475
[2022-06-06 02:23:39,050] {taskinstance.py:1570} INFO - Exporting the following env vars:
AIRFLOW_CTX_DAG_OWNER=***
AIRFLOW_CTX_DAG_ID=hero_info
AIRFLOW_CTX_TASK_ID=upload_to_gcs
AIRFLOW_CTX_EXECUTION_DATE=2022-06-06T02:08:02.896924+00:00
AIRFLOW_CTX_TRY_NUMBER=1
AIRFLOW_CTX_DAG_RUN_ID=manual__2022-06-06T02:08:02.896924+00:00
[2022-06-06 02:23:39,433] {python.py:173} INFO - Done. Returned value was: None
[2022-06-06 02:23:42,566] {taskinstance.py:1396} INFO - Marking task as SUCCESS. dag_id=hero_info, task_id=upload_to_gcs, map_index=128, execution_date=20220606T020802, start_date=20220606T022338, end_date=20220606T022342
[2022-06-06 02:23:42,659] {local_task_job.py:156} INFO - Task exited with return code 0
[2022-06-06 02:23:45,754] {local_task_job.py:273} INFO - 0 downstream tasks scheduled from follow-on schedule check
