[2022-06-07 04:05:35,538] {taskinstance.py:1160} INFO - Dependencies all met for <TaskInstance: hero_info.format_to_parquet scheduled__2022-06-06T04:00:00+00:00 map_index=73 [queued]>
[2022-06-07 04:05:35,897] {taskinstance.py:1160} INFO - Dependencies all met for <TaskInstance: hero_info.format_to_parquet scheduled__2022-06-06T04:00:00+00:00 map_index=73 [queued]>
[2022-06-07 04:05:35,898] {taskinstance.py:1357} INFO - 
--------------------------------------------------------------------------------
[2022-06-07 04:05:35,898] {taskinstance.py:1358} INFO - Starting attempt 1 of 2
[2022-06-07 04:05:35,898] {taskinstance.py:1359} INFO - 
--------------------------------------------------------------------------------
[2022-06-07 04:05:36,014] {taskinstance.py:1378} INFO - Executing <Mapped(_PythonDecoratedOperator): format_to_parquet> on 2022-06-06 04:00:00+00:00
[2022-06-07 04:05:36,085] {standard_task_runner.py:52} INFO - Started process 62678 to run task
[2022-06-07 04:05:36,137] {standard_task_runner.py:79} INFO - Running: ['***', 'tasks', 'run', 'hero_info', 'format_to_parquet', 'scheduled__2022-06-06T04:00:00+00:00', '--job-id', '15431', '--raw', '--subdir', 'DAGS_FOLDER/ingest_heroes.py', '--cfg-path', '/tmp/tmpzo8a7ycv', '--map-index', '73', '--error-file', '/tmp/tmp3bztvej1']
[2022-06-07 04:05:36,139] {standard_task_runner.py:80} INFO - Job 15431: Subtask format_to_parquet
[2022-06-07 04:05:36,590] {task_command.py:370} INFO - Running <TaskInstance: hero_info.format_to_parquet scheduled__2022-06-06T04:00:00+00:00 map_index=73 [running]> on host 76384e2d8475
[2022-06-07 04:05:40,021] {taskinstance.py:1570} INFO - Exporting the following env vars:
AIRFLOW_CTX_DAG_OWNER=***
AIRFLOW_CTX_DAG_ID=hero_info
AIRFLOW_CTX_TASK_ID=format_to_parquet
AIRFLOW_CTX_EXECUTION_DATE=2022-06-06T04:00:00+00:00
AIRFLOW_CTX_TRY_NUMBER=1
AIRFLOW_CTX_DAG_RUN_ID=scheduled__2022-06-06T04:00:00+00:00
[2022-06-07 04:05:49,425] {python.py:173} INFO - Done. Returned value was: /opt/***/20220607_H04M05_HERO0000000073001.parquet
[2022-06-07 04:05:50,549] {taskinstance.py:1396} INFO - Marking task as SUCCESS. dag_id=hero_info, task_id=format_to_parquet, map_index=73, execution_date=20220606T040000, start_date=20220607T040535, end_date=20220607T040550
[2022-06-07 04:05:50,672] {local_task_job.py:156} INFO - Task exited with return code 0
[2022-06-07 04:05:53,070] {local_task_job.py:273} INFO - 0 downstream tasks scheduled from follow-on schedule check
