[2022-06-07 04:08:58,023] {taskinstance.py:1160} INFO - Dependencies all met for <TaskInstance: hero_info.format_to_parquet scheduled__2022-06-06T04:00:00+00:00 map_index=218 [queued]>
[2022-06-07 04:08:58,093] {taskinstance.py:1160} INFO - Dependencies all met for <TaskInstance: hero_info.format_to_parquet scheduled__2022-06-06T04:00:00+00:00 map_index=218 [queued]>
[2022-06-07 04:08:58,093] {taskinstance.py:1357} INFO - 
--------------------------------------------------------------------------------
[2022-06-07 04:08:58,093] {taskinstance.py:1358} INFO - Starting attempt 1 of 2
[2022-06-07 04:08:58,093] {taskinstance.py:1359} INFO - 
--------------------------------------------------------------------------------
[2022-06-07 04:08:58,111] {taskinstance.py:1378} INFO - Executing <Mapped(_PythonDecoratedOperator): format_to_parquet> on 2022-06-06 04:00:00+00:00
[2022-06-07 04:08:58,121] {standard_task_runner.py:52} INFO - Started process 63177 to run task
[2022-06-07 04:08:58,133] {standard_task_runner.py:79} INFO - Running: ['***', 'tasks', 'run', 'hero_info', 'format_to_parquet', 'scheduled__2022-06-06T04:00:00+00:00', '--job-id', '15569', '--raw', '--subdir', 'DAGS_FOLDER/ingest_heroes.py', '--cfg-path', '/tmp/tmp4ulo5e0x', '--map-index', '218', '--error-file', '/tmp/tmpvptow_gd']
[2022-06-07 04:08:58,135] {standard_task_runner.py:80} INFO - Job 15569: Subtask format_to_parquet
[2022-06-07 04:08:58,251] {task_command.py:370} INFO - Running <TaskInstance: hero_info.format_to_parquet scheduled__2022-06-06T04:00:00+00:00 map_index=218 [running]> on host 76384e2d8475
[2022-06-07 04:09:01,780] {taskinstance.py:1570} INFO - Exporting the following env vars:
AIRFLOW_CTX_DAG_OWNER=***
AIRFLOW_CTX_DAG_ID=hero_info
AIRFLOW_CTX_TASK_ID=format_to_parquet
AIRFLOW_CTX_EXECUTION_DATE=2022-06-06T04:00:00+00:00
AIRFLOW_CTX_TRY_NUMBER=1
AIRFLOW_CTX_DAG_RUN_ID=scheduled__2022-06-06T04:00:00+00:00
[2022-06-07 04:09:09,957] {python.py:173} INFO - Done. Returned value was: /opt/***/20220607_H04M08_HERO0000000218001.parquet
[2022-06-07 04:09:10,126] {taskinstance.py:1396} INFO - Marking task as SUCCESS. dag_id=hero_info, task_id=format_to_parquet, map_index=218, execution_date=20220606T040000, start_date=20220607T040858, end_date=20220607T040910
[2022-06-07 04:09:10,264] {local_task_job.py:156} INFO - Task exited with return code 0
[2022-06-07 04:09:10,751] {local_task_job.py:273} INFO - 0 downstream tasks scheduled from follow-on schedule check
