[2022-06-07 04:05:22,536] {taskinstance.py:1160} INFO - Dependencies all met for <TaskInstance: hero_info.format_to_parquet scheduled__2022-06-06T04:00:00+00:00 map_index=61 [queued]>
[2022-06-07 04:05:22,812] {taskinstance.py:1160} INFO - Dependencies all met for <TaskInstance: hero_info.format_to_parquet scheduled__2022-06-06T04:00:00+00:00 map_index=61 [queued]>
[2022-06-07 04:05:22,812] {taskinstance.py:1357} INFO - 
--------------------------------------------------------------------------------
[2022-06-07 04:05:22,812] {taskinstance.py:1358} INFO - Starting attempt 1 of 2
[2022-06-07 04:05:22,813] {taskinstance.py:1359} INFO - 
--------------------------------------------------------------------------------
[2022-06-07 04:05:22,892] {taskinstance.py:1378} INFO - Executing <Mapped(_PythonDecoratedOperator): format_to_parquet> on 2022-06-06 04:00:00+00:00
[2022-06-07 04:05:22,925] {standard_task_runner.py:52} INFO - Started process 62639 to run task
[2022-06-07 04:05:23,008] {standard_task_runner.py:79} INFO - Running: ['***', 'tasks', 'run', 'hero_info', 'format_to_parquet', 'scheduled__2022-06-06T04:00:00+00:00', '--job-id', '15420', '--raw', '--subdir', 'DAGS_FOLDER/ingest_heroes.py', '--cfg-path', '/tmp/tmpnf1l08ed', '--map-index', '61', '--error-file', '/tmp/tmpnwoamu0v']
[2022-06-07 04:05:23,010] {standard_task_runner.py:80} INFO - Job 15420: Subtask format_to_parquet
[2022-06-07 04:05:23,522] {task_command.py:370} INFO - Running <TaskInstance: hero_info.format_to_parquet scheduled__2022-06-06T04:00:00+00:00 map_index=61 [running]> on host 76384e2d8475
[2022-06-07 04:05:28,675] {taskinstance.py:1570} INFO - Exporting the following env vars:
AIRFLOW_CTX_DAG_OWNER=***
AIRFLOW_CTX_DAG_ID=hero_info
AIRFLOW_CTX_TASK_ID=format_to_parquet
AIRFLOW_CTX_EXECUTION_DATE=2022-06-06T04:00:00+00:00
AIRFLOW_CTX_TRY_NUMBER=1
AIRFLOW_CTX_DAG_RUN_ID=scheduled__2022-06-06T04:00:00+00:00
[2022-06-07 04:05:37,720] {python.py:173} INFO - Done. Returned value was: /opt/***/20220607_H04M05_HERO0000000061001.parquet
[2022-06-07 04:05:38,394] {taskinstance.py:1396} INFO - Marking task as SUCCESS. dag_id=hero_info, task_id=format_to_parquet, map_index=61, execution_date=20220606T040000, start_date=20220607T040522, end_date=20220607T040538
[2022-06-07 04:05:38,542] {local_task_job.py:156} INFO - Task exited with return code 0
[2022-06-07 04:05:39,825] {local_task_job.py:273} INFO - 0 downstream tasks scheduled from follow-on schedule check
