[2022-06-06 02:23:24,093] {taskinstance.py:1160} INFO - Dependencies all met for <TaskInstance: hero_info.upload_to_gcs manual__2022-06-06T02:08:02.896924+00:00 map_index=103 [queued]>
[2022-06-06 02:23:24,177] {taskinstance.py:1160} INFO - Dependencies all met for <TaskInstance: hero_info.upload_to_gcs manual__2022-06-06T02:08:02.896924+00:00 map_index=103 [queued]>
[2022-06-06 02:23:24,177] {taskinstance.py:1357} INFO - 
--------------------------------------------------------------------------------
[2022-06-06 02:23:24,177] {taskinstance.py:1358} INFO - Starting attempt 1 of 2
[2022-06-06 02:23:24,177] {taskinstance.py:1359} INFO - 
--------------------------------------------------------------------------------
[2022-06-06 02:23:24,197] {taskinstance.py:1378} INFO - Executing <Mapped(_PythonDecoratedOperator): upload_to_gcs> on 2022-06-06 02:08:02.896924+00:00
[2022-06-06 02:23:24,208] {standard_task_runner.py:52} INFO - Started process 2387 to run task
[2022-06-06 02:23:24,217] {standard_task_runner.py:79} INFO - Running: ['***', 'tasks', 'run', 'hero_info', 'upload_to_gcs', 'manual__2022-06-06T02:08:02.896924+00:00', '--job-id', '14318', '--raw', '--subdir', 'DAGS_FOLDER/ingest_heroes.py', '--cfg-path', '/tmp/tmp07puvd2u', '--map-index', '103', '--error-file', '/tmp/tmpx3jznvhv']
[2022-06-06 02:23:24,218] {standard_task_runner.py:80} INFO - Job 14318: Subtask upload_to_gcs
[2022-06-06 02:23:24,304] {task_command.py:370} INFO - Running <TaskInstance: hero_info.upload_to_gcs manual__2022-06-06T02:08:02.896924+00:00 map_index=103 [running]> on host 76384e2d8475
[2022-06-06 02:23:24,440] {taskinstance.py:1570} INFO - Exporting the following env vars:
AIRFLOW_CTX_DAG_OWNER=***
AIRFLOW_CTX_DAG_ID=hero_info
AIRFLOW_CTX_TASK_ID=upload_to_gcs
AIRFLOW_CTX_EXECUTION_DATE=2022-06-06T02:08:02.896924+00:00
AIRFLOW_CTX_TRY_NUMBER=1
AIRFLOW_CTX_DAG_RUN_ID=manual__2022-06-06T02:08:02.896924+00:00
[2022-06-06 02:23:24,679] {python.py:173} INFO - Done. Returned value was: None
[2022-06-06 02:23:26,385] {taskinstance.py:1396} INFO - Marking task as SUCCESS. dag_id=hero_info, task_id=upload_to_gcs, map_index=103, execution_date=20220606T020802, start_date=20220606T022324, end_date=20220606T022326
[2022-06-06 02:23:26,427] {local_task_job.py:156} INFO - Task exited with return code 0
[2022-06-06 02:23:28,887] {local_task_job.py:273} INFO - 0 downstream tasks scheduled from follow-on schedule check
