[2022-06-06 04:09:01,309] {taskinstance.py:1160} INFO - Dependencies all met for <TaskInstance: hero_info.format_to_parquet scheduled__2022-06-05T04:00:00+00:00 map_index=90 [queued]>
[2022-06-06 04:09:01,600] {taskinstance.py:1160} INFO - Dependencies all met for <TaskInstance: hero_info.format_to_parquet scheduled__2022-06-05T04:00:00+00:00 map_index=90 [queued]>
[2022-06-06 04:09:01,600] {taskinstance.py:1357} INFO - 
--------------------------------------------------------------------------------
[2022-06-06 04:09:01,600] {taskinstance.py:1358} INFO - Starting attempt 1 of 2
[2022-06-06 04:09:01,600] {taskinstance.py:1359} INFO - 
--------------------------------------------------------------------------------
[2022-06-06 04:09:01,688] {taskinstance.py:1378} INFO - Executing <Mapped(_PythonDecoratedOperator): format_to_parquet> on 2022-06-05 04:00:00+00:00
[2022-06-06 04:09:01,737] {standard_task_runner.py:52} INFO - Started process 7731 to run task
[2022-06-06 04:09:01,758] {standard_task_runner.py:79} INFO - Running: ['***', 'tasks', 'run', 'hero_info', 'format_to_parquet', 'scheduled__2022-06-05T04:00:00+00:00', '--job-id', '14762', '--raw', '--subdir', 'DAGS_FOLDER/ingest_heroes.py', '--cfg-path', '/tmp/tmp32kzuy02', '--map-index', '90', '--error-file', '/tmp/tmp4ydrc3fs']
[2022-06-06 04:09:01,760] {standard_task_runner.py:80} INFO - Job 14762: Subtask format_to_parquet
[2022-06-06 04:09:02,057] {task_command.py:370} INFO - Running <TaskInstance: hero_info.format_to_parquet scheduled__2022-06-05T04:00:00+00:00 map_index=90 [running]> on host 76384e2d8475
[2022-06-06 04:09:06,799] {taskinstance.py:1570} INFO - Exporting the following env vars:
AIRFLOW_CTX_DAG_OWNER=***
AIRFLOW_CTX_DAG_ID=hero_info
AIRFLOW_CTX_TASK_ID=format_to_parquet
AIRFLOW_CTX_EXECUTION_DATE=2022-06-05T04:00:00+00:00
AIRFLOW_CTX_TRY_NUMBER=1
AIRFLOW_CTX_DAG_RUN_ID=scheduled__2022-06-05T04:00:00+00:00
[2022-06-06 04:09:14,964] {python.py:173} INFO - Done. Returned value was: /opt/***/20220606_H04M08_HERO0000000090001.parquet
[2022-06-06 04:09:15,910] {taskinstance.py:1396} INFO - Marking task as SUCCESS. dag_id=hero_info, task_id=format_to_parquet, map_index=90, execution_date=20220605T040000, start_date=20220606T040901, end_date=20220606T040915
[2022-06-06 04:09:16,073] {local_task_job.py:156} INFO - Task exited with return code 0
[2022-06-06 04:09:16,817] {local_task_job.py:273} INFO - 0 downstream tasks scheduled from follow-on schedule check
