[2022-06-07 04:04:23,932] {taskinstance.py:1160} INFO - Dependencies all met for <TaskInstance: hero_info.format_to_parquet scheduled__2022-06-06T04:00:00+00:00 map_index=17 [queued]>
[2022-06-07 04:04:24,146] {taskinstance.py:1160} INFO - Dependencies all met for <TaskInstance: hero_info.format_to_parquet scheduled__2022-06-06T04:00:00+00:00 map_index=17 [queued]>
[2022-06-07 04:04:24,146] {taskinstance.py:1357} INFO - 
--------------------------------------------------------------------------------
[2022-06-07 04:04:24,146] {taskinstance.py:1358} INFO - Starting attempt 1 of 2
[2022-06-07 04:04:24,147] {taskinstance.py:1359} INFO - 
--------------------------------------------------------------------------------
[2022-06-07 04:04:24,184] {taskinstance.py:1378} INFO - Executing <Mapped(_PythonDecoratedOperator): format_to_parquet> on 2022-06-06 04:00:00+00:00
[2022-06-07 04:04:24,197] {standard_task_runner.py:52} INFO - Started process 62510 to run task
[2022-06-07 04:04:24,229] {standard_task_runner.py:79} INFO - Running: ['***', 'tasks', 'run', 'hero_info', 'format_to_parquet', 'scheduled__2022-06-06T04:00:00+00:00', '--job-id', '15380', '--raw', '--subdir', 'DAGS_FOLDER/ingest_heroes.py', '--cfg-path', '/tmp/tmpylkjz2qj', '--map-index', '17', '--error-file', '/tmp/tmp4leomo8k']
[2022-06-07 04:04:24,230] {standard_task_runner.py:80} INFO - Job 15380: Subtask format_to_parquet
[2022-06-07 04:04:24,592] {task_command.py:370} INFO - Running <TaskInstance: hero_info.format_to_parquet scheduled__2022-06-06T04:00:00+00:00 map_index=17 [running]> on host 76384e2d8475
[2022-06-07 04:04:29,515] {taskinstance.py:1570} INFO - Exporting the following env vars:
AIRFLOW_CTX_DAG_OWNER=***
AIRFLOW_CTX_DAG_ID=hero_info
AIRFLOW_CTX_TASK_ID=format_to_parquet
AIRFLOW_CTX_EXECUTION_DATE=2022-06-06T04:00:00+00:00
AIRFLOW_CTX_TRY_NUMBER=1
AIRFLOW_CTX_DAG_RUN_ID=scheduled__2022-06-06T04:00:00+00:00
[2022-06-07 04:04:37,302] {python.py:173} INFO - Done. Returned value was: /opt/***/20220607_H04M04_HERO0000000017001.parquet
[2022-06-07 04:04:37,429] {taskinstance.py:1396} INFO - Marking task as SUCCESS. dag_id=hero_info, task_id=format_to_parquet, map_index=17, execution_date=20220606T040000, start_date=20220607T040423, end_date=20220607T040437
[2022-06-07 04:04:37,580] {local_task_job.py:156} INFO - Task exited with return code 0
[2022-06-07 04:04:39,375] {local_task_job.py:273} INFO - 0 downstream tasks scheduled from follow-on schedule check
