[2022-06-07 04:10:15,490] {taskinstance.py:1160} INFO - Dependencies all met for <TaskInstance: hero_info.upload_to_gcs scheduled__2022-06-06T04:00:00+00:00 map_index=175 [queued]>
[2022-06-07 04:10:15,553] {taskinstance.py:1160} INFO - Dependencies all met for <TaskInstance: hero_info.upload_to_gcs scheduled__2022-06-06T04:00:00+00:00 map_index=175 [queued]>
[2022-06-07 04:10:15,554] {taskinstance.py:1357} INFO - 
--------------------------------------------------------------------------------
[2022-06-07 04:10:15,554] {taskinstance.py:1358} INFO - Starting attempt 1 of 2
[2022-06-07 04:10:15,554] {taskinstance.py:1359} INFO - 
--------------------------------------------------------------------------------
[2022-06-07 04:10:15,572] {taskinstance.py:1378} INFO - Executing <Mapped(_PythonDecoratedOperator): upload_to_gcs> on 2022-06-06 04:00:00+00:00
[2022-06-07 04:10:15,583] {standard_task_runner.py:52} INFO - Started process 63677 to run task
[2022-06-07 04:10:15,599] {standard_task_runner.py:79} INFO - Running: ['***', 'tasks', 'run', 'hero_info', 'upload_to_gcs', 'scheduled__2022-06-06T04:00:00+00:00', '--job-id', '15669', '--raw', '--subdir', 'DAGS_FOLDER/ingest_heroes.py', '--cfg-path', '/tmp/tmpb5aplr2f', '--map-index', '175', '--error-file', '/tmp/tmpeolp_6h6']
[2022-06-07 04:10:15,600] {standard_task_runner.py:80} INFO - Job 15669: Subtask upload_to_gcs
[2022-06-07 04:10:15,698] {task_command.py:370} INFO - Running <TaskInstance: hero_info.upload_to_gcs scheduled__2022-06-06T04:00:00+00:00 map_index=175 [running]> on host 76384e2d8475
[2022-06-07 04:10:15,820] {taskinstance.py:1570} INFO - Exporting the following env vars:
AIRFLOW_CTX_DAG_OWNER=***
AIRFLOW_CTX_DAG_ID=hero_info
AIRFLOW_CTX_TASK_ID=upload_to_gcs
AIRFLOW_CTX_EXECUTION_DATE=2022-06-06T04:00:00+00:00
AIRFLOW_CTX_TRY_NUMBER=1
AIRFLOW_CTX_DAG_RUN_ID=scheduled__2022-06-06T04:00:00+00:00
[2022-06-07 04:10:16,014] {python.py:173} INFO - Done. Returned value was: None
[2022-06-07 04:10:17,216] {taskinstance.py:1396} INFO - Marking task as SUCCESS. dag_id=hero_info, task_id=upload_to_gcs, map_index=175, execution_date=20220606T040000, start_date=20220607T041015, end_date=20220607T041017
[2022-06-07 04:10:17,311] {local_task_job.py:156} INFO - Task exited with return code 0
[2022-06-07 04:10:19,482] {local_task_job.py:273} INFO - 0 downstream tasks scheduled from follow-on schedule check
