[2022-06-07 04:04:56,874] {taskinstance.py:1160} INFO - Dependencies all met for <TaskInstance: hero_info.format_to_parquet scheduled__2022-06-06T04:00:00+00:00 map_index=41 [queued]>
[2022-06-07 04:04:57,087] {taskinstance.py:1160} INFO - Dependencies all met for <TaskInstance: hero_info.format_to_parquet scheduled__2022-06-06T04:00:00+00:00 map_index=41 [queued]>
[2022-06-07 04:04:57,087] {taskinstance.py:1357} INFO - 
--------------------------------------------------------------------------------
[2022-06-07 04:04:57,087] {taskinstance.py:1358} INFO - Starting attempt 1 of 2
[2022-06-07 04:04:57,087] {taskinstance.py:1359} INFO - 
--------------------------------------------------------------------------------
[2022-06-07 04:04:57,144] {taskinstance.py:1378} INFO - Executing <Mapped(_PythonDecoratedOperator): format_to_parquet> on 2022-06-06 04:00:00+00:00
[2022-06-07 04:04:57,181] {standard_task_runner.py:52} INFO - Started process 62579 to run task
[2022-06-07 04:04:57,226] {standard_task_runner.py:79} INFO - Running: ['***', 'tasks', 'run', 'hero_info', 'format_to_parquet', 'scheduled__2022-06-06T04:00:00+00:00', '--job-id', '15402', '--raw', '--subdir', 'DAGS_FOLDER/ingest_heroes.py', '--cfg-path', '/tmp/tmpzhxzg_in', '--map-index', '41', '--error-file', '/tmp/tmpk445qg7j']
[2022-06-07 04:04:57,268] {standard_task_runner.py:80} INFO - Job 15402: Subtask format_to_parquet
[2022-06-07 04:04:57,573] {task_command.py:370} INFO - Running <TaskInstance: hero_info.format_to_parquet scheduled__2022-06-06T04:00:00+00:00 map_index=41 [running]> on host 76384e2d8475
[2022-06-07 04:05:02,440] {taskinstance.py:1570} INFO - Exporting the following env vars:
AIRFLOW_CTX_DAG_OWNER=***
AIRFLOW_CTX_DAG_ID=hero_info
AIRFLOW_CTX_TASK_ID=format_to_parquet
AIRFLOW_CTX_EXECUTION_DATE=2022-06-06T04:00:00+00:00
AIRFLOW_CTX_TRY_NUMBER=1
AIRFLOW_CTX_DAG_RUN_ID=scheduled__2022-06-06T04:00:00+00:00
[2022-06-07 04:05:09,913] {python.py:173} INFO - Done. Returned value was: /opt/***/20220607_H04M04_HERO0000000041001.parquet
[2022-06-07 04:05:10,703] {taskinstance.py:1396} INFO - Marking task as SUCCESS. dag_id=hero_info, task_id=format_to_parquet, map_index=41, execution_date=20220606T040000, start_date=20220607T040456, end_date=20220607T040510
[2022-06-07 04:05:10,945] {local_task_job.py:156} INFO - Task exited with return code 0
[2022-06-07 04:05:12,053] {local_task_job.py:273} INFO - 0 downstream tasks scheduled from follow-on schedule check
