[2022-06-06 04:08:04,873] {taskinstance.py:1160} INFO - Dependencies all met for <TaskInstance: hero_info.format_to_parquet scheduled__2022-06-05T04:00:00+00:00 map_index=48 [queued]>
[2022-06-06 04:08:05,032] {taskinstance.py:1160} INFO - Dependencies all met for <TaskInstance: hero_info.format_to_parquet scheduled__2022-06-05T04:00:00+00:00 map_index=48 [queued]>
[2022-06-06 04:08:05,032] {taskinstance.py:1357} INFO - 
--------------------------------------------------------------------------------
[2022-06-06 04:08:05,032] {taskinstance.py:1358} INFO - Starting attempt 1 of 2
[2022-06-06 04:08:05,032] {taskinstance.py:1359} INFO - 
--------------------------------------------------------------------------------
[2022-06-06 04:08:05,086] {taskinstance.py:1378} INFO - Executing <Mapped(_PythonDecoratedOperator): format_to_parquet> on 2022-06-05 04:00:00+00:00
[2022-06-06 04:08:05,111] {standard_task_runner.py:52} INFO - Started process 7583 to run task
[2022-06-06 04:08:05,170] {standard_task_runner.py:79} INFO - Running: ['***', 'tasks', 'run', 'hero_info', 'format_to_parquet', 'scheduled__2022-06-05T04:00:00+00:00', '--job-id', '14720', '--raw', '--subdir', 'DAGS_FOLDER/ingest_heroes.py', '--cfg-path', '/tmp/tmpbh0xspwm', '--map-index', '48', '--error-file', '/tmp/tmp05x8toga']
[2022-06-06 04:08:05,175] {standard_task_runner.py:80} INFO - Job 14720: Subtask format_to_parquet
[2022-06-06 04:08:05,373] {task_command.py:370} INFO - Running <TaskInstance: hero_info.format_to_parquet scheduled__2022-06-05T04:00:00+00:00 map_index=48 [running]> on host 76384e2d8475
[2022-06-06 04:08:10,399] {taskinstance.py:1570} INFO - Exporting the following env vars:
AIRFLOW_CTX_DAG_OWNER=***
AIRFLOW_CTX_DAG_ID=hero_info
AIRFLOW_CTX_TASK_ID=format_to_parquet
AIRFLOW_CTX_EXECUTION_DATE=2022-06-05T04:00:00+00:00
AIRFLOW_CTX_TRY_NUMBER=1
AIRFLOW_CTX_DAG_RUN_ID=scheduled__2022-06-05T04:00:00+00:00
[2022-06-06 04:08:18,405] {python.py:173} INFO - Done. Returned value was: /opt/***/20220606_H04M08_HERO0000000048001.parquet
[2022-06-06 04:08:18,768] {taskinstance.py:1396} INFO - Marking task as SUCCESS. dag_id=hero_info, task_id=format_to_parquet, map_index=48, execution_date=20220605T040000, start_date=20220606T040804, end_date=20220606T040818
[2022-06-06 04:08:18,831] {local_task_job.py:156} INFO - Task exited with return code 0
[2022-06-06 04:08:19,206] {local_task_job.py:273} INFO - 0 downstream tasks scheduled from follow-on schedule check
