[2022-06-06 04:12:38,963] {taskinstance.py:1160} INFO - Dependencies all met for <TaskInstance: hero_info.upload_to_gcs scheduled__2022-06-05T04:00:00+00:00 map_index=24 [queued]>
[2022-06-06 04:12:39,023] {taskinstance.py:1160} INFO - Dependencies all met for <TaskInstance: hero_info.upload_to_gcs scheduled__2022-06-05T04:00:00+00:00 map_index=24 [queued]>
[2022-06-06 04:12:39,023] {taskinstance.py:1357} INFO - 
--------------------------------------------------------------------------------
[2022-06-06 04:12:39,023] {taskinstance.py:1358} INFO - Starting attempt 1 of 2
[2022-06-06 04:12:39,023] {taskinstance.py:1359} INFO - 
--------------------------------------------------------------------------------
[2022-06-06 04:12:39,035] {taskinstance.py:1378} INFO - Executing <Mapped(_PythonDecoratedOperator): upload_to_gcs> on 2022-06-05 04:00:00+00:00
[2022-06-06 04:12:39,043] {standard_task_runner.py:52} INFO - Started process 8344 to run task
[2022-06-06 04:12:39,051] {standard_task_runner.py:79} INFO - Running: ['***', 'tasks', 'run', 'hero_info', 'upload_to_gcs', 'scheduled__2022-06-05T04:00:00+00:00', '--job-id', '14925', '--raw', '--subdir', 'DAGS_FOLDER/ingest_heroes.py', '--cfg-path', '/tmp/tmp780b2h97', '--map-index', '24', '--error-file', '/tmp/tmp5v8y4ht4']
[2022-06-06 04:12:39,053] {standard_task_runner.py:80} INFO - Job 14925: Subtask upload_to_gcs
[2022-06-06 04:12:39,137] {task_command.py:370} INFO - Running <TaskInstance: hero_info.upload_to_gcs scheduled__2022-06-05T04:00:00+00:00 map_index=24 [running]> on host 76384e2d8475
[2022-06-06 04:12:39,279] {taskinstance.py:1570} INFO - Exporting the following env vars:
AIRFLOW_CTX_DAG_OWNER=***
AIRFLOW_CTX_DAG_ID=hero_info
AIRFLOW_CTX_TASK_ID=upload_to_gcs
AIRFLOW_CTX_EXECUTION_DATE=2022-06-05T04:00:00+00:00
AIRFLOW_CTX_TRY_NUMBER=1
AIRFLOW_CTX_DAG_RUN_ID=scheduled__2022-06-05T04:00:00+00:00
[2022-06-06 04:12:39,498] {python.py:173} INFO - Done. Returned value was: None
[2022-06-06 04:12:40,563] {taskinstance.py:1396} INFO - Marking task as SUCCESS. dag_id=hero_info, task_id=upload_to_gcs, map_index=24, execution_date=20220605T040000, start_date=20220606T041238, end_date=20220606T041240
[2022-06-06 04:12:40,611] {local_task_job.py:156} INFO - Task exited with return code 0
[2022-06-06 04:12:43,331] {local_task_job.py:273} INFO - 0 downstream tasks scheduled from follow-on schedule check
