[2022-06-07 04:08:58,448] {taskinstance.py:1160} INFO - Dependencies all met for <TaskInstance: hero_info.format_to_parquet scheduled__2022-06-06T04:00:00+00:00 map_index=217 [queued]>
[2022-06-07 04:08:58,532] {taskinstance.py:1160} INFO - Dependencies all met for <TaskInstance: hero_info.format_to_parquet scheduled__2022-06-06T04:00:00+00:00 map_index=217 [queued]>
[2022-06-07 04:08:58,532] {taskinstance.py:1357} INFO - 
--------------------------------------------------------------------------------
[2022-06-07 04:08:58,532] {taskinstance.py:1358} INFO - Starting attempt 1 of 2
[2022-06-07 04:08:58,532] {taskinstance.py:1359} INFO - 
--------------------------------------------------------------------------------
[2022-06-07 04:08:58,560] {taskinstance.py:1378} INFO - Executing <Mapped(_PythonDecoratedOperator): format_to_parquet> on 2022-06-06 04:00:00+00:00
[2022-06-07 04:08:58,574] {standard_task_runner.py:52} INFO - Started process 63179 to run task
[2022-06-07 04:08:58,619] {standard_task_runner.py:79} INFO - Running: ['***', 'tasks', 'run', 'hero_info', 'format_to_parquet', 'scheduled__2022-06-06T04:00:00+00:00', '--job-id', '15570', '--raw', '--subdir', 'DAGS_FOLDER/ingest_heroes.py', '--cfg-path', '/tmp/tmpu00250pq', '--map-index', '217', '--error-file', '/tmp/tmp0u205umv']
[2022-06-07 04:08:58,621] {standard_task_runner.py:80} INFO - Job 15570: Subtask format_to_parquet
[2022-06-07 04:08:58,800] {task_command.py:370} INFO - Running <TaskInstance: hero_info.format_to_parquet scheduled__2022-06-06T04:00:00+00:00 map_index=217 [running]> on host 76384e2d8475
[2022-06-07 04:09:02,428] {taskinstance.py:1570} INFO - Exporting the following env vars:
AIRFLOW_CTX_DAG_OWNER=***
AIRFLOW_CTX_DAG_ID=hero_info
AIRFLOW_CTX_TASK_ID=format_to_parquet
AIRFLOW_CTX_EXECUTION_DATE=2022-06-06T04:00:00+00:00
AIRFLOW_CTX_TRY_NUMBER=1
AIRFLOW_CTX_DAG_RUN_ID=scheduled__2022-06-06T04:00:00+00:00
[2022-06-07 04:09:11,148] {python.py:173} INFO - Done. Returned value was: /opt/***/20220607_H04M08_HERO0000000217001.parquet
[2022-06-07 04:09:11,862] {taskinstance.py:1396} INFO - Marking task as SUCCESS. dag_id=hero_info, task_id=format_to_parquet, map_index=217, execution_date=20220606T040000, start_date=20220607T040858, end_date=20220607T040911
[2022-06-07 04:09:11,946] {local_task_job.py:156} INFO - Task exited with return code 0
[2022-06-07 04:09:12,108] {local_task_job.py:273} INFO - 0 downstream tasks scheduled from follow-on schedule check
