[2022-06-06 02:23:09,363] {taskinstance.py:1160} INFO - Dependencies all met for <TaskInstance: hero_info.upload_to_gcs manual__2022-06-06T02:08:02.896924+00:00 map_index=50 [queued]>
[2022-06-06 02:23:09,760] {taskinstance.py:1160} INFO - Dependencies all met for <TaskInstance: hero_info.upload_to_gcs manual__2022-06-06T02:08:02.896924+00:00 map_index=50 [queued]>
[2022-06-06 02:23:09,760] {taskinstance.py:1357} INFO - 
--------------------------------------------------------------------------------
[2022-06-06 02:23:09,760] {taskinstance.py:1358} INFO - Starting attempt 1 of 2
[2022-06-06 02:23:09,760] {taskinstance.py:1359} INFO - 
--------------------------------------------------------------------------------
[2022-06-06 02:23:09,805] {taskinstance.py:1378} INFO - Executing <Mapped(_PythonDecoratedOperator): upload_to_gcs> on 2022-06-06 02:08:02.896924+00:00
[2022-06-06 02:23:09,876] {standard_task_runner.py:52} INFO - Started process 2288 to run task
[2022-06-06 02:23:09,898] {standard_task_runner.py:79} INFO - Running: ['***', 'tasks', 'run', 'hero_info', 'upload_to_gcs', 'manual__2022-06-06T02:08:02.896924+00:00', '--job-id', '14298', '--raw', '--subdir', 'DAGS_FOLDER/ingest_heroes.py', '--cfg-path', '/tmp/tmpaarfo78z', '--map-index', '50', '--error-file', '/tmp/tmpdmch44pv']
[2022-06-06 02:23:09,935] {standard_task_runner.py:80} INFO - Job 14298: Subtask upload_to_gcs
[2022-06-06 02:23:10,143] {task_command.py:370} INFO - Running <TaskInstance: hero_info.upload_to_gcs manual__2022-06-06T02:08:02.896924+00:00 map_index=50 [running]> on host 76384e2d8475
[2022-06-06 02:23:10,382] {taskinstance.py:1570} INFO - Exporting the following env vars:
AIRFLOW_CTX_DAG_OWNER=***
AIRFLOW_CTX_DAG_ID=hero_info
AIRFLOW_CTX_TASK_ID=upload_to_gcs
AIRFLOW_CTX_EXECUTION_DATE=2022-06-06T02:08:02.896924+00:00
AIRFLOW_CTX_TRY_NUMBER=1
AIRFLOW_CTX_DAG_RUN_ID=manual__2022-06-06T02:08:02.896924+00:00
[2022-06-06 02:23:10,678] {python.py:173} INFO - Done. Returned value was: None
[2022-06-06 02:23:12,485] {taskinstance.py:1396} INFO - Marking task as SUCCESS. dag_id=hero_info, task_id=upload_to_gcs, map_index=50, execution_date=20220606T020802, start_date=20220606T022309, end_date=20220606T022312
[2022-06-06 02:23:12,560] {local_task_job.py:156} INFO - Task exited with return code 0
[2022-06-06 02:23:14,868] {local_task_job.py:273} INFO - 0 downstream tasks scheduled from follow-on schedule check
