[2022-06-07 04:05:07,025] {taskinstance.py:1160} INFO - Dependencies all met for <TaskInstance: hero_info.format_to_parquet scheduled__2022-06-06T04:00:00+00:00 map_index=47 [queued]>
[2022-06-07 04:05:07,182] {taskinstance.py:1160} INFO - Dependencies all met for <TaskInstance: hero_info.format_to_parquet scheduled__2022-06-06T04:00:00+00:00 map_index=47 [queued]>
[2022-06-07 04:05:07,182] {taskinstance.py:1357} INFO - 
--------------------------------------------------------------------------------
[2022-06-07 04:05:07,182] {taskinstance.py:1358} INFO - Starting attempt 1 of 2
[2022-06-07 04:05:07,182] {taskinstance.py:1359} INFO - 
--------------------------------------------------------------------------------
[2022-06-07 04:05:07,232] {taskinstance.py:1378} INFO - Executing <Mapped(_PythonDecoratedOperator): format_to_parquet> on 2022-06-06 04:00:00+00:00
[2022-06-07 04:05:07,257] {standard_task_runner.py:52} INFO - Started process 62612 to run task
[2022-06-07 04:05:07,289] {standard_task_runner.py:79} INFO - Running: ['***', 'tasks', 'run', 'hero_info', 'format_to_parquet', 'scheduled__2022-06-06T04:00:00+00:00', '--job-id', '15408', '--raw', '--subdir', 'DAGS_FOLDER/ingest_heroes.py', '--cfg-path', '/tmp/tmp9pewkgz8', '--map-index', '47', '--error-file', '/tmp/tmpx4xakiua']
[2022-06-07 04:05:07,290] {standard_task_runner.py:80} INFO - Job 15408: Subtask format_to_parquet
[2022-06-07 04:05:07,632] {task_command.py:370} INFO - Running <TaskInstance: hero_info.format_to_parquet scheduled__2022-06-06T04:00:00+00:00 map_index=47 [running]> on host 76384e2d8475
[2022-06-07 04:05:12,136] {taskinstance.py:1570} INFO - Exporting the following env vars:
AIRFLOW_CTX_DAG_OWNER=***
AIRFLOW_CTX_DAG_ID=hero_info
AIRFLOW_CTX_TASK_ID=format_to_parquet
AIRFLOW_CTX_EXECUTION_DATE=2022-06-06T04:00:00+00:00
AIRFLOW_CTX_TRY_NUMBER=1
AIRFLOW_CTX_DAG_RUN_ID=scheduled__2022-06-06T04:00:00+00:00
[2022-06-07 04:05:21,303] {python.py:173} INFO - Done. Returned value was: /opt/***/20220607_H04M05_HERO0000000047001.parquet
[2022-06-07 04:05:22,229] {taskinstance.py:1396} INFO - Marking task as SUCCESS. dag_id=hero_info, task_id=format_to_parquet, map_index=47, execution_date=20220606T040000, start_date=20220607T040507, end_date=20220607T040522
[2022-06-07 04:05:22,329] {local_task_job.py:156} INFO - Task exited with return code 0
[2022-06-07 04:05:23,752] {local_task_job.py:273} INFO - 0 downstream tasks scheduled from follow-on schedule check
