[2022-06-07 04:07:40,681] {taskinstance.py:1160} INFO - Dependencies all met for <TaskInstance: hero_info.format_to_parquet scheduled__2022-06-06T04:00:00+00:00 map_index=161 [queued]>
[2022-06-07 04:07:41,112] {taskinstance.py:1160} INFO - Dependencies all met for <TaskInstance: hero_info.format_to_parquet scheduled__2022-06-06T04:00:00+00:00 map_index=161 [queued]>
[2022-06-07 04:07:41,112] {taskinstance.py:1357} INFO - 
--------------------------------------------------------------------------------
[2022-06-07 04:07:41,112] {taskinstance.py:1358} INFO - Starting attempt 1 of 2
[2022-06-07 04:07:41,112] {taskinstance.py:1359} INFO - 
--------------------------------------------------------------------------------
[2022-06-07 04:07:41,209] {taskinstance.py:1378} INFO - Executing <Mapped(_PythonDecoratedOperator): format_to_parquet> on 2022-06-06 04:00:00+00:00
[2022-06-07 04:07:41,301] {standard_task_runner.py:79} INFO - Running: ['***', 'tasks', 'run', 'hero_info', 'format_to_parquet', 'scheduled__2022-06-06T04:00:00+00:00', '--job-id', '15518', '--raw', '--subdir', 'DAGS_FOLDER/ingest_heroes.py', '--cfg-path', '/tmp/tmp7gceaqcm', '--map-index', '161', '--error-file', '/tmp/tmprkc128c5']
[2022-06-07 04:07:41,270] {standard_task_runner.py:52} INFO - Started process 62985 to run task
[2022-06-07 04:07:41,355] {standard_task_runner.py:80} INFO - Job 15518: Subtask format_to_parquet
[2022-06-07 04:07:41,690] {task_command.py:370} INFO - Running <TaskInstance: hero_info.format_to_parquet scheduled__2022-06-06T04:00:00+00:00 map_index=161 [running]> on host 76384e2d8475
[2022-06-07 04:07:46,391] {taskinstance.py:1570} INFO - Exporting the following env vars:
AIRFLOW_CTX_DAG_OWNER=***
AIRFLOW_CTX_DAG_ID=hero_info
AIRFLOW_CTX_TASK_ID=format_to_parquet
AIRFLOW_CTX_EXECUTION_DATE=2022-06-06T04:00:00+00:00
AIRFLOW_CTX_TRY_NUMBER=1
AIRFLOW_CTX_DAG_RUN_ID=scheduled__2022-06-06T04:00:00+00:00
[2022-06-07 04:07:55,749] {python.py:173} INFO - Done. Returned value was: /opt/***/20220607_H04M07_HERO0000000161001.parquet
[2022-06-07 04:07:56,497] {taskinstance.py:1396} INFO - Marking task as SUCCESS. dag_id=hero_info, task_id=format_to_parquet, map_index=161, execution_date=20220606T040000, start_date=20220607T040740, end_date=20220607T040756
[2022-06-07 04:07:56,575] {local_task_job.py:220} WARNING - State of this instance has been externally set to success. Terminating instance.
[2022-06-07 04:07:56,578] {process_utils.py:125} INFO - Sending Signals.SIGTERM to group 62985. PIDs of all processes in the group: [62985]
[2022-06-07 04:07:56,578] {process_utils.py:80} INFO - Sending the signal Signals.SIGTERM to group 62985
[2022-06-07 04:07:56,594] {process_utils.py:75} INFO - Process psutil.Process(pid=62985, status='terminated', exitcode=0, started='04:07:40') (62985) terminated with exit code 0
