[2022-06-06 02:17:00,266] {taskinstance.py:1160} INFO - Dependencies all met for <TaskInstance: hero_info.format_to_parquet manual__2022-06-06T02:08:02.896924+00:00 map_index=36 [queued]>
[2022-06-06 02:17:00,608] {taskinstance.py:1160} INFO - Dependencies all met for <TaskInstance: hero_info.format_to_parquet manual__2022-06-06T02:08:02.896924+00:00 map_index=36 [queued]>
[2022-06-06 02:17:00,608] {taskinstance.py:1357} INFO - 
--------------------------------------------------------------------------------
[2022-06-06 02:17:00,608] {taskinstance.py:1358} INFO - Starting attempt 1 of 2
[2022-06-06 02:17:00,608] {taskinstance.py:1359} INFO - 
--------------------------------------------------------------------------------
[2022-06-06 02:17:00,728] {taskinstance.py:1378} INFO - Executing <Mapped(_PythonDecoratedOperator): format_to_parquet> on 2022-06-06 02:08:02.896924+00:00
[2022-06-06 02:17:00,824] {standard_task_runner.py:52} INFO - Started process 1159 to run task
[2022-06-06 02:17:00,871] {standard_task_runner.py:79} INFO - Running: ['***', 'tasks', 'run', 'hero_info', 'format_to_parquet', 'manual__2022-06-06T02:08:02.896924+00:00', '--job-id', '14023', '--raw', '--subdir', 'DAGS_FOLDER/ingest_heroes.py', '--cfg-path', '/tmp/tmp07v3ehwr', '--map-index', '36', '--error-file', '/tmp/tmpeagah0c2']
[2022-06-06 02:17:00,881] {standard_task_runner.py:80} INFO - Job 14023: Subtask format_to_parquet
[2022-06-06 02:17:01,205] {task_command.py:370} INFO - Running <TaskInstance: hero_info.format_to_parquet manual__2022-06-06T02:08:02.896924+00:00 map_index=36 [running]> on host 76384e2d8475
[2022-06-06 02:17:05,497] {taskinstance.py:1570} INFO - Exporting the following env vars:
AIRFLOW_CTX_DAG_OWNER=***
AIRFLOW_CTX_DAG_ID=hero_info
AIRFLOW_CTX_TASK_ID=format_to_parquet
AIRFLOW_CTX_EXECUTION_DATE=2022-06-06T02:08:02.896924+00:00
AIRFLOW_CTX_TRY_NUMBER=1
AIRFLOW_CTX_DAG_RUN_ID=manual__2022-06-06T02:08:02.896924+00:00
[2022-06-06 02:17:14,726] {python.py:173} INFO - Done. Returned value was: /opt/***/20220606_H02M16_HERO0000000036001.parquet
[2022-06-06 02:17:15,016] {taskinstance.py:1396} INFO - Marking task as SUCCESS. dag_id=hero_info, task_id=format_to_parquet, map_index=36, execution_date=20220606T020802, start_date=20220606T021700, end_date=20220606T021715
[2022-06-06 02:17:15,152] {local_task_job.py:156} INFO - Task exited with return code 0
[2022-06-06 02:17:15,622] {local_task_job.py:273} INFO - 0 downstream tasks scheduled from follow-on schedule check
