[2022-06-06 02:19:28,258] {taskinstance.py:1160} INFO - Dependencies all met for <TaskInstance: hero_info.format_to_parquet manual__2022-06-06T02:08:02.896924+00:00 map_index=93 [queued]>
[2022-06-06 02:19:28,609] {taskinstance.py:1160} INFO - Dependencies all met for <TaskInstance: hero_info.format_to_parquet manual__2022-06-06T02:08:02.896924+00:00 map_index=93 [queued]>
[2022-06-06 02:19:28,609] {taskinstance.py:1357} INFO - 
--------------------------------------------------------------------------------
[2022-06-06 02:19:28,609] {taskinstance.py:1358} INFO - Starting attempt 1 of 2
[2022-06-06 02:19:28,609] {taskinstance.py:1359} INFO - 
--------------------------------------------------------------------------------
[2022-06-06 02:19:28,660] {taskinstance.py:1378} INFO - Executing <Mapped(_PythonDecoratedOperator): format_to_parquet> on 2022-06-06 02:08:02.896924+00:00
[2022-06-06 02:19:28,683] {standard_task_runner.py:52} INFO - Started process 1489 to run task
[2022-06-06 02:19:28,761] {standard_task_runner.py:79} INFO - Running: ['***', 'tasks', 'run', 'hero_info', 'format_to_parquet', 'manual__2022-06-06T02:08:02.896924+00:00', '--job-id', '14118', '--raw', '--subdir', 'DAGS_FOLDER/ingest_heroes.py', '--cfg-path', '/tmp/tmpmae9dwq9', '--map-index', '93', '--error-file', '/tmp/tmptugkwweu']
[2022-06-06 02:19:28,762] {standard_task_runner.py:80} INFO - Job 14118: Subtask format_to_parquet
[2022-06-06 02:19:29,186] {task_command.py:370} INFO - Running <TaskInstance: hero_info.format_to_parquet manual__2022-06-06T02:08:02.896924+00:00 map_index=93 [running]> on host 76384e2d8475
[2022-06-06 02:19:33,856] {taskinstance.py:1570} INFO - Exporting the following env vars:
AIRFLOW_CTX_DAG_OWNER=***
AIRFLOW_CTX_DAG_ID=hero_info
AIRFLOW_CTX_TASK_ID=format_to_parquet
AIRFLOW_CTX_EXECUTION_DATE=2022-06-06T02:08:02.896924+00:00
AIRFLOW_CTX_TRY_NUMBER=1
AIRFLOW_CTX_DAG_RUN_ID=manual__2022-06-06T02:08:02.896924+00:00
[2022-06-06 02:19:42,227] {python.py:173} INFO - Done. Returned value was: /opt/***/20220606_H02M19_HERO0000000093001.parquet
[2022-06-06 02:19:42,844] {taskinstance.py:1396} INFO - Marking task as SUCCESS. dag_id=hero_info, task_id=format_to_parquet, map_index=93, execution_date=20220606T020802, start_date=20220606T021928, end_date=20220606T021942
[2022-06-06 02:19:42,947] {local_task_job.py:156} INFO - Task exited with return code 0
[2022-06-06 02:19:43,949] {local_task_job.py:273} INFO - 0 downstream tasks scheduled from follow-on schedule check
