[2022-06-06 02:21:04,161] {taskinstance.py:1160} INFO - Dependencies all met for <TaskInstance: hero_info.format_to_parquet manual__2022-06-06T02:08:02.896924+00:00 map_index=183 [queued]>
[2022-06-06 02:21:04,743] {taskinstance.py:1160} INFO - Dependencies all met for <TaskInstance: hero_info.format_to_parquet manual__2022-06-06T02:08:02.896924+00:00 map_index=183 [queued]>
[2022-06-06 02:21:04,744] {taskinstance.py:1357} INFO - 
--------------------------------------------------------------------------------
[2022-06-06 02:21:04,744] {taskinstance.py:1358} INFO - Starting attempt 1 of 2
[2022-06-06 02:21:04,744] {taskinstance.py:1359} INFO - 
--------------------------------------------------------------------------------
[2022-06-06 02:21:04,862] {taskinstance.py:1378} INFO - Executing <Mapped(_PythonDecoratedOperator): format_to_parquet> on 2022-06-06 02:08:02.896924+00:00
[2022-06-06 02:21:04,894] {standard_task_runner.py:52} INFO - Started process 1704 to run task
[2022-06-06 02:21:04,938] {standard_task_runner.py:79} INFO - Running: ['***', 'tasks', 'run', 'hero_info', 'format_to_parquet', 'manual__2022-06-06T02:08:02.896924+00:00', '--job-id', '14179', '--raw', '--subdir', 'DAGS_FOLDER/ingest_heroes.py', '--cfg-path', '/tmp/tmp5vxx59tz', '--map-index', '183', '--error-file', '/tmp/tmper_8uqb5']
[2022-06-06 02:21:04,940] {standard_task_runner.py:80} INFO - Job 14179: Subtask format_to_parquet
[2022-06-06 02:21:05,374] {task_command.py:370} INFO - Running <TaskInstance: hero_info.format_to_parquet manual__2022-06-06T02:08:02.896924+00:00 map_index=183 [running]> on host 76384e2d8475
[2022-06-06 02:21:09,669] {taskinstance.py:1570} INFO - Exporting the following env vars:
AIRFLOW_CTX_DAG_OWNER=***
AIRFLOW_CTX_DAG_ID=hero_info
AIRFLOW_CTX_TASK_ID=format_to_parquet
AIRFLOW_CTX_EXECUTION_DATE=2022-06-06T02:08:02.896924+00:00
AIRFLOW_CTX_TRY_NUMBER=1
AIRFLOW_CTX_DAG_RUN_ID=manual__2022-06-06T02:08:02.896924+00:00
[2022-06-06 02:21:17,983] {python.py:173} INFO - Done. Returned value was: /opt/***/20220606_H02M21_HERO0000000183001.parquet
[2022-06-06 02:21:19,155] {taskinstance.py:1396} INFO - Marking task as SUCCESS. dag_id=hero_info, task_id=format_to_parquet, map_index=183, execution_date=20220606T020802, start_date=20220606T022104, end_date=20220606T022119
[2022-06-06 02:21:19,286] {local_task_job.py:156} INFO - Task exited with return code 0
[2022-06-06 02:21:20,998] {local_task_job.py:273} INFO - 0 downstream tasks scheduled from follow-on schedule check
