[2022-06-06 02:22:38,159] {taskinstance.py:1160} INFO - Dependencies all met for <TaskInstance: hero_info.upload_to_gcs manual__2022-06-06T02:08:02.896924+00:00 map_index=10 [queued]>
[2022-06-06 02:22:38,300] {taskinstance.py:1160} INFO - Dependencies all met for <TaskInstance: hero_info.upload_to_gcs manual__2022-06-06T02:08:02.896924+00:00 map_index=10 [queued]>
[2022-06-06 02:22:38,301] {taskinstance.py:1357} INFO - 
--------------------------------------------------------------------------------
[2022-06-06 02:22:38,301] {taskinstance.py:1358} INFO - Starting attempt 1 of 2
[2022-06-06 02:22:38,301] {taskinstance.py:1359} INFO - 
--------------------------------------------------------------------------------
[2022-06-06 02:22:38,325] {taskinstance.py:1378} INFO - Executing <Mapped(_PythonDecoratedOperator): upload_to_gcs> on 2022-06-06 02:08:02.896924+00:00
[2022-06-06 02:22:38,347] {standard_task_runner.py:52} INFO - Started process 2059 to run task
[2022-06-06 02:22:38,364] {standard_task_runner.py:79} INFO - Running: ['***', 'tasks', 'run', 'hero_info', 'upload_to_gcs', 'manual__2022-06-06T02:08:02.896924+00:00', '--job-id', '14259', '--raw', '--subdir', 'DAGS_FOLDER/ingest_heroes.py', '--cfg-path', '/tmp/tmpg1vbqga3', '--map-index', '10', '--error-file', '/tmp/tmpf5wim1ll']
[2022-06-06 02:22:38,365] {standard_task_runner.py:80} INFO - Job 14259: Subtask upload_to_gcs
[2022-06-06 02:22:38,536] {task_command.py:370} INFO - Running <TaskInstance: hero_info.upload_to_gcs manual__2022-06-06T02:08:02.896924+00:00 map_index=10 [running]> on host 76384e2d8475
[2022-06-06 02:22:38,695] {taskinstance.py:1570} INFO - Exporting the following env vars:
AIRFLOW_CTX_DAG_OWNER=***
AIRFLOW_CTX_DAG_ID=hero_info
AIRFLOW_CTX_TASK_ID=upload_to_gcs
AIRFLOW_CTX_EXECUTION_DATE=2022-06-06T02:08:02.896924+00:00
AIRFLOW_CTX_TRY_NUMBER=1
AIRFLOW_CTX_DAG_RUN_ID=manual__2022-06-06T02:08:02.896924+00:00
[2022-06-06 02:22:38,913] {python.py:173} INFO - Done. Returned value was: None
[2022-06-06 02:22:40,340] {taskinstance.py:1396} INFO - Marking task as SUCCESS. dag_id=hero_info, task_id=upload_to_gcs, map_index=10, execution_date=20220606T020802, start_date=20220606T022238, end_date=20220606T022240
[2022-06-06 02:22:40,388] {local_task_job.py:156} INFO - Task exited with return code 0
[2022-06-06 02:22:42,652] {local_task_job.py:273} INFO - 0 downstream tasks scheduled from follow-on schedule check
