[2022-06-07 04:11:29,219] {taskinstance.py:1160} INFO - Dependencies all met for <TaskInstance: hero_info.upload_to_gcs scheduled__2022-06-06T04:00:00+00:00 map_index=202 [queued]>
[2022-06-07 04:11:29,290] {taskinstance.py:1160} INFO - Dependencies all met for <TaskInstance: hero_info.upload_to_gcs scheduled__2022-06-06T04:00:00+00:00 map_index=202 [queued]>
[2022-06-07 04:11:29,290] {taskinstance.py:1357} INFO - 
--------------------------------------------------------------------------------
[2022-06-07 04:11:29,290] {taskinstance.py:1358} INFO - Starting attempt 1 of 2
[2022-06-07 04:11:29,290] {taskinstance.py:1359} INFO - 
--------------------------------------------------------------------------------
[2022-06-07 04:11:29,304] {taskinstance.py:1378} INFO - Executing <Mapped(_PythonDecoratedOperator): upload_to_gcs> on 2022-06-06 04:00:00+00:00
[2022-06-07 04:11:29,312] {standard_task_runner.py:52} INFO - Started process 64287 to run task
[2022-06-07 04:11:29,324] {standard_task_runner.py:79} INFO - Running: ['***', 'tasks', 'run', 'hero_info', 'upload_to_gcs', 'scheduled__2022-06-06T04:00:00+00:00', '--job-id', '15786', '--raw', '--subdir', 'DAGS_FOLDER/ingest_heroes.py', '--cfg-path', '/tmp/tmpcu_g1hi0', '--map-index', '202', '--error-file', '/tmp/tmpyiun5471']
[2022-06-07 04:11:29,325] {standard_task_runner.py:80} INFO - Job 15786: Subtask upload_to_gcs
[2022-06-07 04:11:29,407] {task_command.py:370} INFO - Running <TaskInstance: hero_info.upload_to_gcs scheduled__2022-06-06T04:00:00+00:00 map_index=202 [running]> on host 76384e2d8475
[2022-06-07 04:11:29,502] {taskinstance.py:1570} INFO - Exporting the following env vars:
AIRFLOW_CTX_DAG_OWNER=***
AIRFLOW_CTX_DAG_ID=hero_info
AIRFLOW_CTX_TASK_ID=upload_to_gcs
AIRFLOW_CTX_EXECUTION_DATE=2022-06-06T04:00:00+00:00
AIRFLOW_CTX_TRY_NUMBER=1
AIRFLOW_CTX_DAG_RUN_ID=scheduled__2022-06-06T04:00:00+00:00
[2022-06-07 04:11:29,712] {python.py:173} INFO - Done. Returned value was: None
[2022-06-07 04:11:31,352] {taskinstance.py:1396} INFO - Marking task as SUCCESS. dag_id=hero_info, task_id=upload_to_gcs, map_index=202, execution_date=20220606T040000, start_date=20220607T041129, end_date=20220607T041131
[2022-06-07 04:11:31,448] {local_task_job.py:156} INFO - Task exited with return code 0
[2022-06-07 04:11:33,796] {local_task_job.py:273} INFO - 0 downstream tasks scheduled from follow-on schedule check
