[2022-06-06 02:19:30,092] {taskinstance.py:1160} INFO - Dependencies all met for <TaskInstance: hero_info.format_to_parquet manual__2022-06-06T02:08:02.896924+00:00 map_index=112 [queued]>
[2022-06-06 02:19:30,404] {taskinstance.py:1160} INFO - Dependencies all met for <TaskInstance: hero_info.format_to_parquet manual__2022-06-06T02:08:02.896924+00:00 map_index=112 [queued]>
[2022-06-06 02:19:30,404] {taskinstance.py:1357} INFO - 
--------------------------------------------------------------------------------
[2022-06-06 02:19:30,404] {taskinstance.py:1358} INFO - Starting attempt 1 of 2
[2022-06-06 02:19:30,404] {taskinstance.py:1359} INFO - 
--------------------------------------------------------------------------------
[2022-06-06 02:19:30,449] {taskinstance.py:1378} INFO - Executing <Mapped(_PythonDecoratedOperator): format_to_parquet> on 2022-06-06 02:08:02.896924+00:00
[2022-06-06 02:19:30,515] {standard_task_runner.py:52} INFO - Started process 1493 to run task
[2022-06-06 02:19:30,550] {standard_task_runner.py:79} INFO - Running: ['***', 'tasks', 'run', 'hero_info', 'format_to_parquet', 'manual__2022-06-06T02:08:02.896924+00:00', '--job-id', '14120', '--raw', '--subdir', 'DAGS_FOLDER/ingest_heroes.py', '--cfg-path', '/tmp/tmpmf9lp80j', '--map-index', '112', '--error-file', '/tmp/tmpscirjbo3']
[2022-06-06 02:19:30,560] {standard_task_runner.py:80} INFO - Job 14120: Subtask format_to_parquet
[2022-06-06 02:19:30,831] {task_command.py:370} INFO - Running <TaskInstance: hero_info.format_to_parquet manual__2022-06-06T02:08:02.896924+00:00 map_index=112 [running]> on host 76384e2d8475
[2022-06-06 02:19:35,488] {taskinstance.py:1570} INFO - Exporting the following env vars:
AIRFLOW_CTX_DAG_OWNER=***
AIRFLOW_CTX_DAG_ID=hero_info
AIRFLOW_CTX_TASK_ID=format_to_parquet
AIRFLOW_CTX_EXECUTION_DATE=2022-06-06T02:08:02.896924+00:00
AIRFLOW_CTX_TRY_NUMBER=1
AIRFLOW_CTX_DAG_RUN_ID=manual__2022-06-06T02:08:02.896924+00:00
[2022-06-06 02:19:44,482] {python.py:173} INFO - Done. Returned value was: /opt/***/20220606_H02M19_HERO0000000112001.parquet
[2022-06-06 02:19:45,323] {taskinstance.py:1396} INFO - Marking task as SUCCESS. dag_id=hero_info, task_id=format_to_parquet, map_index=112, execution_date=20220606T020802, start_date=20220606T021930, end_date=20220606T021945
[2022-06-06 02:19:45,468] {local_task_job.py:156} INFO - Task exited with return code 0
[2022-06-06 02:19:46,131] {local_task_job.py:273} INFO - 0 downstream tasks scheduled from follow-on schedule check
