[2022-06-06 04:13:20,853] {taskinstance.py:1160} INFO - Dependencies all met for <TaskInstance: hero_info.upload_to_gcs scheduled__2022-06-05T04:00:00+00:00 map_index=92 [queued]>
[2022-06-06 04:13:20,986] {taskinstance.py:1160} INFO - Dependencies all met for <TaskInstance: hero_info.upload_to_gcs scheduled__2022-06-05T04:00:00+00:00 map_index=92 [queued]>
[2022-06-06 04:13:20,986] {taskinstance.py:1357} INFO - 
--------------------------------------------------------------------------------
[2022-06-06 04:13:20,986] {taskinstance.py:1358} INFO - Starting attempt 1 of 2
[2022-06-06 04:13:20,987] {taskinstance.py:1359} INFO - 
--------------------------------------------------------------------------------
[2022-06-06 04:13:21,057] {taskinstance.py:1378} INFO - Executing <Mapped(_PythonDecoratedOperator): upload_to_gcs> on 2022-06-05 04:00:00+00:00
[2022-06-06 04:13:21,083] {standard_task_runner.py:52} INFO - Started process 8689 to run task
[2022-06-06 04:13:21,093] {standard_task_runner.py:79} INFO - Running: ['***', 'tasks', 'run', 'hero_info', 'upload_to_gcs', 'scheduled__2022-06-05T04:00:00+00:00', '--job-id', '14990', '--raw', '--subdir', 'DAGS_FOLDER/ingest_heroes.py', '--cfg-path', '/tmp/tmpdj9pgh8b', '--map-index', '92', '--error-file', '/tmp/tmp4ewbq02q']
[2022-06-06 04:13:21,095] {standard_task_runner.py:80} INFO - Job 14990: Subtask upload_to_gcs
[2022-06-06 04:13:21,258] {task_command.py:370} INFO - Running <TaskInstance: hero_info.upload_to_gcs scheduled__2022-06-05T04:00:00+00:00 map_index=92 [running]> on host 76384e2d8475
[2022-06-06 04:13:21,428] {taskinstance.py:1570} INFO - Exporting the following env vars:
AIRFLOW_CTX_DAG_OWNER=***
AIRFLOW_CTX_DAG_ID=hero_info
AIRFLOW_CTX_TASK_ID=upload_to_gcs
AIRFLOW_CTX_EXECUTION_DATE=2022-06-05T04:00:00+00:00
AIRFLOW_CTX_TRY_NUMBER=1
AIRFLOW_CTX_DAG_RUN_ID=scheduled__2022-06-05T04:00:00+00:00
[2022-06-06 04:13:21,678] {python.py:173} INFO - Done. Returned value was: None
[2022-06-06 04:13:22,740] {taskinstance.py:1396} INFO - Marking task as SUCCESS. dag_id=hero_info, task_id=upload_to_gcs, map_index=92, execution_date=20220605T040000, start_date=20220606T041320, end_date=20220606T041322
[2022-06-06 04:13:22,816] {local_task_job.py:156} INFO - Task exited with return code 0
[2022-06-06 04:13:25,392] {local_task_job.py:273} INFO - 0 downstream tasks scheduled from follow-on schedule check
