[2022-06-06 02:18:43,236] {taskinstance.py:1160} INFO - Dependencies all met for <TaskInstance: hero_info.format_to_parquet manual__2022-06-06T02:08:02.896924+00:00 map_index=57 [queued]>
[2022-06-06 02:18:43,425] {taskinstance.py:1160} INFO - Dependencies all met for <TaskInstance: hero_info.format_to_parquet manual__2022-06-06T02:08:02.896924+00:00 map_index=57 [queued]>
[2022-06-06 02:18:43,426] {taskinstance.py:1357} INFO - 
--------------------------------------------------------------------------------
[2022-06-06 02:18:43,426] {taskinstance.py:1358} INFO - Starting attempt 1 of 2
[2022-06-06 02:18:43,426] {taskinstance.py:1359} INFO - 
--------------------------------------------------------------------------------
[2022-06-06 02:18:43,480] {taskinstance.py:1378} INFO - Executing <Mapped(_PythonDecoratedOperator): format_to_parquet> on 2022-06-06 02:08:02.896924+00:00
[2022-06-06 02:18:43,514] {standard_task_runner.py:52} INFO - Started process 1389 to run task
[2022-06-06 02:18:43,553] {standard_task_runner.py:79} INFO - Running: ['***', 'tasks', 'run', 'hero_info', 'format_to_parquet', 'manual__2022-06-06T02:08:02.896924+00:00', '--job-id', '14089', '--raw', '--subdir', 'DAGS_FOLDER/ingest_heroes.py', '--cfg-path', '/tmp/tmpewd4zudf', '--map-index', '57', '--error-file', '/tmp/tmpudq5zikh']
[2022-06-06 02:18:43,554] {standard_task_runner.py:80} INFO - Job 14089: Subtask format_to_parquet
[2022-06-06 02:18:43,750] {task_command.py:370} INFO - Running <TaskInstance: hero_info.format_to_parquet manual__2022-06-06T02:08:02.896924+00:00 map_index=57 [running]> on host 76384e2d8475
[2022-06-06 02:18:48,068] {taskinstance.py:1570} INFO - Exporting the following env vars:
AIRFLOW_CTX_DAG_OWNER=***
AIRFLOW_CTX_DAG_ID=hero_info
AIRFLOW_CTX_TASK_ID=format_to_parquet
AIRFLOW_CTX_EXECUTION_DATE=2022-06-06T02:08:02.896924+00:00
AIRFLOW_CTX_TRY_NUMBER=1
AIRFLOW_CTX_DAG_RUN_ID=manual__2022-06-06T02:08:02.896924+00:00
[2022-06-06 02:18:54,799] {python.py:173} INFO - Done. Returned value was: /opt/***/20220606_H02M18_HERO0000000057001.parquet
[2022-06-06 02:18:55,979] {taskinstance.py:1396} INFO - Marking task as SUCCESS. dag_id=hero_info, task_id=format_to_parquet, map_index=57, execution_date=20220606T020802, start_date=20220606T021843, end_date=20220606T021855
[2022-06-06 02:18:56,064] {local_task_job.py:156} INFO - Task exited with return code 0
[2022-06-06 02:18:56,651] {local_task_job.py:273} INFO - 0 downstream tasks scheduled from follow-on schedule check
