[2022-06-06 04:08:43,610] {taskinstance.py:1160} INFO - Dependencies all met for <TaskInstance: hero_info.format_to_parquet scheduled__2022-06-05T04:00:00+00:00 map_index=78 [queued]>
[2022-06-06 04:08:43,798] {taskinstance.py:1160} INFO - Dependencies all met for <TaskInstance: hero_info.format_to_parquet scheduled__2022-06-05T04:00:00+00:00 map_index=78 [queued]>
[2022-06-06 04:08:43,799] {taskinstance.py:1357} INFO - 
--------------------------------------------------------------------------------
[2022-06-06 04:08:43,799] {taskinstance.py:1358} INFO - Starting attempt 1 of 2
[2022-06-06 04:08:43,799] {taskinstance.py:1359} INFO - 
--------------------------------------------------------------------------------
[2022-06-06 04:08:43,944] {taskinstance.py:1378} INFO - Executing <Mapped(_PythonDecoratedOperator): format_to_parquet> on 2022-06-05 04:00:00+00:00
[2022-06-06 04:08:44,002] {standard_task_runner.py:52} INFO - Started process 7685 to run task
[2022-06-06 04:08:44,102] {standard_task_runner.py:79} INFO - Running: ['***', 'tasks', 'run', 'hero_info', 'format_to_parquet', 'scheduled__2022-06-05T04:00:00+00:00', '--job-id', '14750', '--raw', '--subdir', 'DAGS_FOLDER/ingest_heroes.py', '--cfg-path', '/tmp/tmppkp47b6_', '--map-index', '78', '--error-file', '/tmp/tmp4qvw6nav']
[2022-06-06 04:08:44,121] {standard_task_runner.py:80} INFO - Job 14750: Subtask format_to_parquet
[2022-06-06 04:08:44,452] {task_command.py:370} INFO - Running <TaskInstance: hero_info.format_to_parquet scheduled__2022-06-05T04:00:00+00:00 map_index=78 [running]> on host 76384e2d8475
[2022-06-06 04:08:49,527] {taskinstance.py:1570} INFO - Exporting the following env vars:
AIRFLOW_CTX_DAG_OWNER=***
AIRFLOW_CTX_DAG_ID=hero_info
AIRFLOW_CTX_TASK_ID=format_to_parquet
AIRFLOW_CTX_EXECUTION_DATE=2022-06-05T04:00:00+00:00
AIRFLOW_CTX_TRY_NUMBER=1
AIRFLOW_CTX_DAG_RUN_ID=scheduled__2022-06-05T04:00:00+00:00
[2022-06-06 04:08:58,725] {python.py:173} INFO - Done. Returned value was: /opt/***/20220606_H04M08_HERO0000000078001.parquet
[2022-06-06 04:08:59,057] {taskinstance.py:1396} INFO - Marking task as SUCCESS. dag_id=hero_info, task_id=format_to_parquet, map_index=78, execution_date=20220605T040000, start_date=20220606T040843, end_date=20220606T040859
[2022-06-06 04:08:59,212] {local_task_job.py:156} INFO - Task exited with return code 0
[2022-06-06 04:09:00,392] {local_task_job.py:273} INFO - 0 downstream tasks scheduled from follow-on schedule check
