[2022-06-06 02:18:52,229] {taskinstance.py:1160} INFO - Dependencies all met for <TaskInstance: hero_info.format_to_parquet manual__2022-06-06T02:08:02.896924+00:00 map_index=69 [queued]>
[2022-06-06 02:18:52,488] {taskinstance.py:1160} INFO - Dependencies all met for <TaskInstance: hero_info.format_to_parquet manual__2022-06-06T02:08:02.896924+00:00 map_index=69 [queued]>
[2022-06-06 02:18:52,488] {taskinstance.py:1357} INFO - 
--------------------------------------------------------------------------------
[2022-06-06 02:18:52,488] {taskinstance.py:1358} INFO - Starting attempt 1 of 2
[2022-06-06 02:18:52,488] {taskinstance.py:1359} INFO - 
--------------------------------------------------------------------------------
[2022-06-06 02:18:52,573] {taskinstance.py:1378} INFO - Executing <Mapped(_PythonDecoratedOperator): format_to_parquet> on 2022-06-06 02:08:02.896924+00:00
[2022-06-06 02:18:52,583] {standard_task_runner.py:52} INFO - Started process 1407 to run task
[2022-06-06 02:18:52,681] {standard_task_runner.py:79} INFO - Running: ['***', 'tasks', 'run', 'hero_info', 'format_to_parquet', 'manual__2022-06-06T02:08:02.896924+00:00', '--job-id', '14095', '--raw', '--subdir', 'DAGS_FOLDER/ingest_heroes.py', '--cfg-path', '/tmp/tmpmb404jw3', '--map-index', '69', '--error-file', '/tmp/tmphplm66ce']
[2022-06-06 02:18:52,705] {standard_task_runner.py:80} INFO - Job 14095: Subtask format_to_parquet
[2022-06-06 02:18:53,288] {task_command.py:370} INFO - Running <TaskInstance: hero_info.format_to_parquet manual__2022-06-06T02:08:02.896924+00:00 map_index=69 [running]> on host 76384e2d8475
[2022-06-06 02:18:57,275] {taskinstance.py:1570} INFO - Exporting the following env vars:
AIRFLOW_CTX_DAG_OWNER=***
AIRFLOW_CTX_DAG_ID=hero_info
AIRFLOW_CTX_TASK_ID=format_to_parquet
AIRFLOW_CTX_EXECUTION_DATE=2022-06-06T02:08:02.896924+00:00
AIRFLOW_CTX_TRY_NUMBER=1
AIRFLOW_CTX_DAG_RUN_ID=manual__2022-06-06T02:08:02.896924+00:00
[2022-06-06 02:19:06,746] {python.py:173} INFO - Done. Returned value was: /opt/***/20220606_H02M18_HERO0000000069001.parquet
[2022-06-06 02:19:07,740] {taskinstance.py:1396} INFO - Marking task as SUCCESS. dag_id=hero_info, task_id=format_to_parquet, map_index=69, execution_date=20220606T020802, start_date=20220606T021852, end_date=20220606T021907
[2022-06-06 02:19:07,801] {local_task_job.py:156} INFO - Task exited with return code 0
[2022-06-06 02:19:08,330] {local_task_job.py:273} INFO - 0 downstream tasks scheduled from follow-on schedule check
