[2022-06-06 02:21:42,516] {taskinstance.py:1160} INFO - Dependencies all met for <TaskInstance: hero_info.format_to_parquet manual__2022-06-06T02:08:02.896924+00:00 map_index=211 [queued]>
[2022-06-06 02:21:42,872] {taskinstance.py:1160} INFO - Dependencies all met for <TaskInstance: hero_info.format_to_parquet manual__2022-06-06T02:08:02.896924+00:00 map_index=211 [queued]>
[2022-06-06 02:21:42,872] {taskinstance.py:1357} INFO - 
--------------------------------------------------------------------------------
[2022-06-06 02:21:42,872] {taskinstance.py:1358} INFO - Starting attempt 1 of 2
[2022-06-06 02:21:42,872] {taskinstance.py:1359} INFO - 
--------------------------------------------------------------------------------
[2022-06-06 02:21:42,944] {taskinstance.py:1378} INFO - Executing <Mapped(_PythonDecoratedOperator): format_to_parquet> on 2022-06-06 02:08:02.896924+00:00
[2022-06-06 02:21:43,021] {standard_task_runner.py:52} INFO - Started process 1790 to run task
[2022-06-06 02:21:43,026] {standard_task_runner.py:79} INFO - Running: ['***', 'tasks', 'run', 'hero_info', 'format_to_parquet', 'manual__2022-06-06T02:08:02.896924+00:00', '--job-id', '14204', '--raw', '--subdir', 'DAGS_FOLDER/ingest_heroes.py', '--cfg-path', '/tmp/tmpp7chh5nx', '--map-index', '211', '--error-file', '/tmp/tmps0is72np']
[2022-06-06 02:21:43,056] {standard_task_runner.py:80} INFO - Job 14204: Subtask format_to_parquet
[2022-06-06 02:21:43,521] {task_command.py:370} INFO - Running <TaskInstance: hero_info.format_to_parquet manual__2022-06-06T02:08:02.896924+00:00 map_index=211 [running]> on host 76384e2d8475
[2022-06-06 02:21:47,950] {taskinstance.py:1570} INFO - Exporting the following env vars:
AIRFLOW_CTX_DAG_OWNER=***
AIRFLOW_CTX_DAG_ID=hero_info
AIRFLOW_CTX_TASK_ID=format_to_parquet
AIRFLOW_CTX_EXECUTION_DATE=2022-06-06T02:08:02.896924+00:00
AIRFLOW_CTX_TRY_NUMBER=1
AIRFLOW_CTX_DAG_RUN_ID=manual__2022-06-06T02:08:02.896924+00:00
[2022-06-06 02:21:57,111] {python.py:173} INFO - Done. Returned value was: /opt/***/20220606_H02M21_HERO0000000211001.parquet
[2022-06-06 02:21:58,627] {taskinstance.py:1396} INFO - Marking task as SUCCESS. dag_id=hero_info, task_id=format_to_parquet, map_index=211, execution_date=20220606T020802, start_date=20220606T022142, end_date=20220606T022158
[2022-06-06 02:21:58,724] {local_task_job.py:156} INFO - Task exited with return code 0
[2022-06-06 02:21:59,170] {local_task_job.py:273} INFO - 0 downstream tasks scheduled from follow-on schedule check
