[2022-06-06 02:22:37,888] {taskinstance.py:1160} INFO - Dependencies all met for <TaskInstance: hero_info.upload_to_gcs manual__2022-06-06T02:08:02.896924+00:00 map_index=7 [queued]>
[2022-06-06 02:22:37,983] {taskinstance.py:1160} INFO - Dependencies all met for <TaskInstance: hero_info.upload_to_gcs manual__2022-06-06T02:08:02.896924+00:00 map_index=7 [queued]>
[2022-06-06 02:22:37,983] {taskinstance.py:1357} INFO - 
--------------------------------------------------------------------------------
[2022-06-06 02:22:37,983] {taskinstance.py:1358} INFO - Starting attempt 1 of 2
[2022-06-06 02:22:37,984] {taskinstance.py:1359} INFO - 
--------------------------------------------------------------------------------
[2022-06-06 02:22:38,008] {taskinstance.py:1378} INFO - Executing <Mapped(_PythonDecoratedOperator): upload_to_gcs> on 2022-06-06 02:08:02.896924+00:00
[2022-06-06 02:22:38,032] {standard_task_runner.py:52} INFO - Started process 2056 to run task
[2022-06-06 02:22:38,049] {standard_task_runner.py:79} INFO - Running: ['***', 'tasks', 'run', 'hero_info', 'upload_to_gcs', 'manual__2022-06-06T02:08:02.896924+00:00', '--job-id', '14258', '--raw', '--subdir', 'DAGS_FOLDER/ingest_heroes.py', '--cfg-path', '/tmp/tmpfnzl72p8', '--map-index', '7', '--error-file', '/tmp/tmpvbo0loix']
[2022-06-06 02:22:38,052] {standard_task_runner.py:80} INFO - Job 14258: Subtask upload_to_gcs
[2022-06-06 02:22:38,174] {task_command.py:370} INFO - Running <TaskInstance: hero_info.upload_to_gcs manual__2022-06-06T02:08:02.896924+00:00 map_index=7 [running]> on host 76384e2d8475
[2022-06-06 02:22:38,450] {taskinstance.py:1570} INFO - Exporting the following env vars:
AIRFLOW_CTX_DAG_OWNER=***
AIRFLOW_CTX_DAG_ID=hero_info
AIRFLOW_CTX_TASK_ID=upload_to_gcs
AIRFLOW_CTX_EXECUTION_DATE=2022-06-06T02:08:02.896924+00:00
AIRFLOW_CTX_TRY_NUMBER=1
AIRFLOW_CTX_DAG_RUN_ID=manual__2022-06-06T02:08:02.896924+00:00
[2022-06-06 02:22:38,663] {python.py:173} INFO - Done. Returned value was: None
[2022-06-06 02:22:39,888] {taskinstance.py:1396} INFO - Marking task as SUCCESS. dag_id=hero_info, task_id=upload_to_gcs, map_index=7, execution_date=20220606T020802, start_date=20220606T022237, end_date=20220606T022239
[2022-06-06 02:22:39,940] {local_task_job.py:156} INFO - Task exited with return code 0
[2022-06-06 02:22:41,914] {local_task_job.py:273} INFO - 0 downstream tasks scheduled from follow-on schedule check
