[2022-06-06 04:13:18,198] {taskinstance.py:1160} INFO - Dependencies all met for <TaskInstance: hero_info.upload_to_gcs scheduled__2022-06-05T04:00:00+00:00 map_index=83 [queued]>
[2022-06-06 04:13:18,412] {taskinstance.py:1160} INFO - Dependencies all met for <TaskInstance: hero_info.upload_to_gcs scheduled__2022-06-05T04:00:00+00:00 map_index=83 [queued]>
[2022-06-06 04:13:18,412] {taskinstance.py:1357} INFO - 
--------------------------------------------------------------------------------
[2022-06-06 04:13:18,412] {taskinstance.py:1358} INFO - Starting attempt 1 of 2
[2022-06-06 04:13:18,413] {taskinstance.py:1359} INFO - 
--------------------------------------------------------------------------------
[2022-06-06 04:13:18,449] {taskinstance.py:1378} INFO - Executing <Mapped(_PythonDecoratedOperator): upload_to_gcs> on 2022-06-05 04:00:00+00:00
[2022-06-06 04:13:18,467] {standard_task_runner.py:52} INFO - Started process 8663 to run task
[2022-06-06 04:13:18,498] {standard_task_runner.py:79} INFO - Running: ['***', 'tasks', 'run', 'hero_info', 'upload_to_gcs', 'scheduled__2022-06-05T04:00:00+00:00', '--job-id', '14981', '--raw', '--subdir', 'DAGS_FOLDER/ingest_heroes.py', '--cfg-path', '/tmp/tmpspx01s07', '--map-index', '83', '--error-file', '/tmp/tmphit7g3nj']
[2022-06-06 04:13:18,516] {standard_task_runner.py:80} INFO - Job 14981: Subtask upload_to_gcs
[2022-06-06 04:13:18,666] {task_command.py:370} INFO - Running <TaskInstance: hero_info.upload_to_gcs scheduled__2022-06-05T04:00:00+00:00 map_index=83 [running]> on host 76384e2d8475
[2022-06-06 04:13:18,896] {taskinstance.py:1570} INFO - Exporting the following env vars:
AIRFLOW_CTX_DAG_OWNER=***
AIRFLOW_CTX_DAG_ID=hero_info
AIRFLOW_CTX_TASK_ID=upload_to_gcs
AIRFLOW_CTX_EXECUTION_DATE=2022-06-05T04:00:00+00:00
AIRFLOW_CTX_TRY_NUMBER=1
AIRFLOW_CTX_DAG_RUN_ID=scheduled__2022-06-05T04:00:00+00:00
[2022-06-06 04:13:19,186] {python.py:173} INFO - Done. Returned value was: None
[2022-06-06 04:13:21,298] {taskinstance.py:1396} INFO - Marking task as SUCCESS. dag_id=hero_info, task_id=upload_to_gcs, map_index=83, execution_date=20220605T040000, start_date=20220606T041318, end_date=20220606T041321
[2022-06-06 04:13:21,366] {local_task_job.py:156} INFO - Task exited with return code 0
[2022-06-06 04:13:22,719] {local_task_job.py:273} INFO - 0 downstream tasks scheduled from follow-on schedule check
