[2022-06-06 04:07:06,388] {taskinstance.py:1160} INFO - Dependencies all met for <TaskInstance: hero_info.format_to_parquet scheduled__2022-06-05T04:00:00+00:00 map_index=1 [queued]>
[2022-06-06 04:07:06,587] {taskinstance.py:1160} INFO - Dependencies all met for <TaskInstance: hero_info.format_to_parquet scheduled__2022-06-05T04:00:00+00:00 map_index=1 [queued]>
[2022-06-06 04:07:06,587] {taskinstance.py:1357} INFO - 
--------------------------------------------------------------------------------
[2022-06-06 04:07:06,588] {taskinstance.py:1358} INFO - Starting attempt 1 of 2
[2022-06-06 04:07:06,588] {taskinstance.py:1359} INFO - 
--------------------------------------------------------------------------------
[2022-06-06 04:07:06,640] {taskinstance.py:1378} INFO - Executing <Mapped(_PythonDecoratedOperator): format_to_parquet> on 2022-06-05 04:00:00+00:00
[2022-06-06 04:07:06,673] {standard_task_runner.py:52} INFO - Started process 7451 to run task
[2022-06-06 04:07:06,694] {standard_task_runner.py:79} INFO - Running: ['***', 'tasks', 'run', 'hero_info', 'format_to_parquet', 'scheduled__2022-06-05T04:00:00+00:00', '--job-id', '14682', '--raw', '--subdir', 'DAGS_FOLDER/ingest_heroes.py', '--cfg-path', '/tmp/tmphynjdchf', '--map-index', '1', '--error-file', '/tmp/tmpxq4k30ck']
[2022-06-06 04:07:06,712] {standard_task_runner.py:80} INFO - Job 14682: Subtask format_to_parquet
[2022-06-06 04:07:06,980] {task_command.py:370} INFO - Running <TaskInstance: hero_info.format_to_parquet scheduled__2022-06-05T04:00:00+00:00 map_index=1 [running]> on host 76384e2d8475
[2022-06-06 04:07:12,043] {taskinstance.py:1570} INFO - Exporting the following env vars:
AIRFLOW_CTX_DAG_OWNER=***
AIRFLOW_CTX_DAG_ID=hero_info
AIRFLOW_CTX_TASK_ID=format_to_parquet
AIRFLOW_CTX_EXECUTION_DATE=2022-06-05T04:00:00+00:00
AIRFLOW_CTX_TRY_NUMBER=1
AIRFLOW_CTX_DAG_RUN_ID=scheduled__2022-06-05T04:00:00+00:00
[2022-06-06 04:07:20,833] {python.py:173} INFO - Done. Returned value was: /opt/***/20220606_H04M07_HERO0000000001001.parquet
[2022-06-06 04:07:21,167] {taskinstance.py:1396} INFO - Marking task as SUCCESS. dag_id=hero_info, task_id=format_to_parquet, map_index=1, execution_date=20220605T040000, start_date=20220606T040706, end_date=20220606T040721
[2022-06-06 04:07:21,228] {local_task_job.py:156} INFO - Task exited with return code 0
[2022-06-06 04:07:21,392] {local_task_job.py:273} INFO - 0 downstream tasks scheduled from follow-on schedule check
