[2022-06-07 04:05:10,383] {taskinstance.py:1160} INFO - Dependencies all met for <TaskInstance: hero_info.format_to_parquet scheduled__2022-06-06T04:00:00+00:00 map_index=52 [queued]>
[2022-06-07 04:05:10,584] {taskinstance.py:1160} INFO - Dependencies all met for <TaskInstance: hero_info.format_to_parquet scheduled__2022-06-06T04:00:00+00:00 map_index=52 [queued]>
[2022-06-07 04:05:10,584] {taskinstance.py:1357} INFO - 
--------------------------------------------------------------------------------
[2022-06-07 04:05:10,584] {taskinstance.py:1358} INFO - Starting attempt 1 of 2
[2022-06-07 04:05:10,584] {taskinstance.py:1359} INFO - 
--------------------------------------------------------------------------------
[2022-06-07 04:05:10,714] {taskinstance.py:1378} INFO - Executing <Mapped(_PythonDecoratedOperator): format_to_parquet> on 2022-06-06 04:00:00+00:00
[2022-06-07 04:05:10,788] {standard_task_runner.py:52} INFO - Started process 62621 to run task
[2022-06-07 04:05:10,843] {standard_task_runner.py:79} INFO - Running: ['***', 'tasks', 'run', 'hero_info', 'format_to_parquet', 'scheduled__2022-06-06T04:00:00+00:00', '--job-id', '15413', '--raw', '--subdir', 'DAGS_FOLDER/ingest_heroes.py', '--cfg-path', '/tmp/tmpadglweji', '--map-index', '52', '--error-file', '/tmp/tmpn_d5hlxo']
[2022-06-07 04:05:10,876] {standard_task_runner.py:80} INFO - Job 15413: Subtask format_to_parquet
[2022-06-07 04:05:11,616] {task_command.py:370} INFO - Running <TaskInstance: hero_info.format_to_parquet scheduled__2022-06-06T04:00:00+00:00 map_index=52 [running]> on host 76384e2d8475
[2022-06-07 04:05:17,584] {taskinstance.py:1570} INFO - Exporting the following env vars:
AIRFLOW_CTX_DAG_OWNER=***
AIRFLOW_CTX_DAG_ID=hero_info
AIRFLOW_CTX_TASK_ID=format_to_parquet
AIRFLOW_CTX_EXECUTION_DATE=2022-06-06T04:00:00+00:00
AIRFLOW_CTX_TRY_NUMBER=1
AIRFLOW_CTX_DAG_RUN_ID=scheduled__2022-06-06T04:00:00+00:00
[2022-06-07 04:05:25,672] {python.py:173} INFO - Done. Returned value was: /opt/***/20220607_H04M05_HERO0000000052001.parquet
[2022-06-07 04:05:27,221] {taskinstance.py:1396} INFO - Marking task as SUCCESS. dag_id=hero_info, task_id=format_to_parquet, map_index=52, execution_date=20220606T040000, start_date=20220607T040510, end_date=20220607T040527
[2022-06-07 04:05:27,359] {local_task_job.py:156} INFO - Task exited with return code 0
[2022-06-07 04:05:28,218] {local_task_job.py:273} INFO - 0 downstream tasks scheduled from follow-on schedule check
