[2022-06-06 02:23:24,795] {taskinstance.py:1160} INFO - Dependencies all met for <TaskInstance: hero_info.upload_to_gcs manual__2022-06-06T02:08:02.896924+00:00 map_index=105 [queued]>
[2022-06-06 02:23:24,911] {taskinstance.py:1160} INFO - Dependencies all met for <TaskInstance: hero_info.upload_to_gcs manual__2022-06-06T02:08:02.896924+00:00 map_index=105 [queued]>
[2022-06-06 02:23:24,911] {taskinstance.py:1357} INFO - 
--------------------------------------------------------------------------------
[2022-06-06 02:23:24,911] {taskinstance.py:1358} INFO - Starting attempt 1 of 2
[2022-06-06 02:23:24,911] {taskinstance.py:1359} INFO - 
--------------------------------------------------------------------------------
[2022-06-06 02:23:24,934] {taskinstance.py:1378} INFO - Executing <Mapped(_PythonDecoratedOperator): upload_to_gcs> on 2022-06-06 02:08:02.896924+00:00
[2022-06-06 02:23:24,946] {standard_task_runner.py:52} INFO - Started process 2396 to run task
[2022-06-06 02:23:24,962] {standard_task_runner.py:79} INFO - Running: ['***', 'tasks', 'run', 'hero_info', 'upload_to_gcs', 'manual__2022-06-06T02:08:02.896924+00:00', '--job-id', '14321', '--raw', '--subdir', 'DAGS_FOLDER/ingest_heroes.py', '--cfg-path', '/tmp/tmpqpsnnk6a', '--map-index', '105', '--error-file', '/tmp/tmpgud3tlr6']
[2022-06-06 02:23:24,964] {standard_task_runner.py:80} INFO - Job 14321: Subtask upload_to_gcs
[2022-06-06 02:23:25,087] {task_command.py:370} INFO - Running <TaskInstance: hero_info.upload_to_gcs manual__2022-06-06T02:08:02.896924+00:00 map_index=105 [running]> on host 76384e2d8475
[2022-06-06 02:23:25,236] {taskinstance.py:1570} INFO - Exporting the following env vars:
AIRFLOW_CTX_DAG_OWNER=***
AIRFLOW_CTX_DAG_ID=hero_info
AIRFLOW_CTX_TASK_ID=upload_to_gcs
AIRFLOW_CTX_EXECUTION_DATE=2022-06-06T02:08:02.896924+00:00
AIRFLOW_CTX_TRY_NUMBER=1
AIRFLOW_CTX_DAG_RUN_ID=manual__2022-06-06T02:08:02.896924+00:00
[2022-06-06 02:23:25,456] {python.py:173} INFO - Done. Returned value was: None
[2022-06-06 02:23:26,619] {taskinstance.py:1396} INFO - Marking task as SUCCESS. dag_id=hero_info, task_id=upload_to_gcs, map_index=105, execution_date=20220606T020802, start_date=20220606T022324, end_date=20220606T022326
[2022-06-06 02:23:26,663] {local_task_job.py:156} INFO - Task exited with return code 0
[2022-06-06 02:23:29,677] {local_task_job.py:273} INFO - 0 downstream tasks scheduled from follow-on schedule check
