[2022-06-06 02:18:41,908] {taskinstance.py:1160} INFO - Dependencies all met for <TaskInstance: hero_info.format_to_parquet manual__2022-06-06T02:08:02.896924+00:00 map_index=56 [queued]>
[2022-06-06 02:18:42,260] {taskinstance.py:1160} INFO - Dependencies all met for <TaskInstance: hero_info.format_to_parquet manual__2022-06-06T02:08:02.896924+00:00 map_index=56 [queued]>
[2022-06-06 02:18:42,260] {taskinstance.py:1357} INFO - 
--------------------------------------------------------------------------------
[2022-06-06 02:18:42,260] {taskinstance.py:1358} INFO - Starting attempt 1 of 2
[2022-06-06 02:18:42,260] {taskinstance.py:1359} INFO - 
--------------------------------------------------------------------------------
[2022-06-06 02:18:42,408] {taskinstance.py:1378} INFO - Executing <Mapped(_PythonDecoratedOperator): format_to_parquet> on 2022-06-06 02:08:02.896924+00:00
[2022-06-06 02:18:42,501] {standard_task_runner.py:52} INFO - Started process 1387 to run task
[2022-06-06 02:18:42,526] {standard_task_runner.py:79} INFO - Running: ['***', 'tasks', 'run', 'hero_info', 'format_to_parquet', 'manual__2022-06-06T02:08:02.896924+00:00', '--job-id', '14088', '--raw', '--subdir', 'DAGS_FOLDER/ingest_heroes.py', '--cfg-path', '/tmp/tmpwd1ptxps', '--map-index', '56', '--error-file', '/tmp/tmpt_2kbw8e']
[2022-06-06 02:18:42,528] {standard_task_runner.py:80} INFO - Job 14088: Subtask format_to_parquet
[2022-06-06 02:18:42,829] {task_command.py:370} INFO - Running <TaskInstance: hero_info.format_to_parquet manual__2022-06-06T02:08:02.896924+00:00 map_index=56 [running]> on host 76384e2d8475
[2022-06-06 02:18:47,244] {taskinstance.py:1570} INFO - Exporting the following env vars:
AIRFLOW_CTX_DAG_OWNER=***
AIRFLOW_CTX_DAG_ID=hero_info
AIRFLOW_CTX_TASK_ID=format_to_parquet
AIRFLOW_CTX_EXECUTION_DATE=2022-06-06T02:08:02.896924+00:00
AIRFLOW_CTX_TRY_NUMBER=1
AIRFLOW_CTX_DAG_RUN_ID=manual__2022-06-06T02:08:02.896924+00:00
[2022-06-06 02:18:55,787] {python.py:173} INFO - Done. Returned value was: /opt/***/20220606_H02M18_HERO0000000056001.parquet
[2022-06-06 02:18:55,992] {taskinstance.py:1396} INFO - Marking task as SUCCESS. dag_id=hero_info, task_id=format_to_parquet, map_index=56, execution_date=20220606T020802, start_date=20220606T021841, end_date=20220606T021855
[2022-06-06 02:18:56,077] {local_task_job.py:156} INFO - Task exited with return code 0
[2022-06-06 02:18:57,599] {local_task_job.py:273} INFO - 0 downstream tasks scheduled from follow-on schedule check
