[2022-06-06 02:21:27,353] {taskinstance.py:1160} INFO - Dependencies all met for <TaskInstance: hero_info.format_to_parquet manual__2022-06-06T02:08:02.896924+00:00 map_index=201 [queued]>
[2022-06-06 02:21:27,748] {taskinstance.py:1160} INFO - Dependencies all met for <TaskInstance: hero_info.format_to_parquet manual__2022-06-06T02:08:02.896924+00:00 map_index=201 [queued]>
[2022-06-06 02:21:27,748] {taskinstance.py:1357} INFO - 
--------------------------------------------------------------------------------
[2022-06-06 02:21:27,749] {taskinstance.py:1358} INFO - Starting attempt 1 of 2
[2022-06-06 02:21:27,749] {taskinstance.py:1359} INFO - 
--------------------------------------------------------------------------------
[2022-06-06 02:21:27,864] {taskinstance.py:1378} INFO - Executing <Mapped(_PythonDecoratedOperator): format_to_parquet> on 2022-06-06 02:08:02.896924+00:00
[2022-06-06 02:21:27,969] {standard_task_runner.py:52} INFO - Started process 1754 to run task
[2022-06-06 02:21:28,111] {standard_task_runner.py:79} INFO - Running: ['***', 'tasks', 'run', 'hero_info', 'format_to_parquet', 'manual__2022-06-06T02:08:02.896924+00:00', '--job-id', '14193', '--raw', '--subdir', 'DAGS_FOLDER/ingest_heroes.py', '--cfg-path', '/tmp/tmpa_h1s8oh', '--map-index', '201', '--error-file', '/tmp/tmpg0lffj2r']
[2022-06-06 02:21:28,151] {standard_task_runner.py:80} INFO - Job 14193: Subtask format_to_parquet
[2022-06-06 02:21:28,428] {task_command.py:370} INFO - Running <TaskInstance: hero_info.format_to_parquet manual__2022-06-06T02:08:02.896924+00:00 map_index=201 [running]> on host 76384e2d8475
[2022-06-06 02:21:31,571] {taskinstance.py:1570} INFO - Exporting the following env vars:
AIRFLOW_CTX_DAG_OWNER=***
AIRFLOW_CTX_DAG_ID=hero_info
AIRFLOW_CTX_TASK_ID=format_to_parquet
AIRFLOW_CTX_EXECUTION_DATE=2022-06-06T02:08:02.896924+00:00
AIRFLOW_CTX_TRY_NUMBER=1
AIRFLOW_CTX_DAG_RUN_ID=manual__2022-06-06T02:08:02.896924+00:00
[2022-06-06 02:21:39,444] {python.py:173} INFO - Done. Returned value was: /opt/***/20220606_H02M21_HERO0000000201001.parquet
[2022-06-06 02:21:40,356] {taskinstance.py:1396} INFO - Marking task as SUCCESS. dag_id=hero_info, task_id=format_to_parquet, map_index=201, execution_date=20220606T020802, start_date=20220606T022127, end_date=20220606T022140
[2022-06-06 02:21:40,507] {local_task_job.py:156} INFO - Task exited with return code 0
[2022-06-06 02:21:43,915] {local_task_job.py:273} INFO - 0 downstream tasks scheduled from follow-on schedule check
