[2022-06-06 02:17:12,878] {taskinstance.py:1160} INFO - Dependencies all met for <TaskInstance: hero_info.format_to_parquet manual__2022-06-06T02:08:02.896924+00:00 map_index=86 [queued]>
[2022-06-06 02:17:13,156] {taskinstance.py:1160} INFO - Dependencies all met for <TaskInstance: hero_info.format_to_parquet manual__2022-06-06T02:08:02.896924+00:00 map_index=86 [queued]>
[2022-06-06 02:17:13,156] {taskinstance.py:1357} INFO - 
--------------------------------------------------------------------------------
[2022-06-06 02:17:13,156] {taskinstance.py:1358} INFO - Starting attempt 1 of 2
[2022-06-06 02:17:13,156] {taskinstance.py:1359} INFO - 
--------------------------------------------------------------------------------
[2022-06-06 02:17:13,244] {taskinstance.py:1378} INFO - Executing <Mapped(_PythonDecoratedOperator): format_to_parquet> on 2022-06-06 02:08:02.896924+00:00
[2022-06-06 02:17:13,281] {standard_task_runner.py:52} INFO - Started process 1186 to run task
[2022-06-06 02:17:13,316] {standard_task_runner.py:79} INFO - Running: ['***', 'tasks', 'run', 'hero_info', 'format_to_parquet', 'manual__2022-06-06T02:08:02.896924+00:00', '--job-id', '14035', '--raw', '--subdir', 'DAGS_FOLDER/ingest_heroes.py', '--cfg-path', '/tmp/tmpwkxjfx04', '--map-index', '86', '--error-file', '/tmp/tmpq7xk9s5g']
[2022-06-06 02:17:13,318] {standard_task_runner.py:80} INFO - Job 14035: Subtask format_to_parquet
[2022-06-06 02:17:13,587] {task_command.py:370} INFO - Running <TaskInstance: hero_info.format_to_parquet manual__2022-06-06T02:08:02.896924+00:00 map_index=86 [running]> on host 76384e2d8475
[2022-06-06 02:17:18,993] {taskinstance.py:1570} INFO - Exporting the following env vars:
AIRFLOW_CTX_DAG_OWNER=***
AIRFLOW_CTX_DAG_ID=hero_info
AIRFLOW_CTX_TASK_ID=format_to_parquet
AIRFLOW_CTX_EXECUTION_DATE=2022-06-06T02:08:02.896924+00:00
AIRFLOW_CTX_TRY_NUMBER=1
AIRFLOW_CTX_DAG_RUN_ID=manual__2022-06-06T02:08:02.896924+00:00
[2022-06-06 02:17:29,923] {python.py:173} INFO - Done. Returned value was: /opt/***/20220606_H02M17_HERO0000000086001.parquet
[2022-06-06 02:17:30,414] {taskinstance.py:1396} INFO - Marking task as SUCCESS. dag_id=hero_info, task_id=format_to_parquet, map_index=86, execution_date=20220606T020802, start_date=20220606T021712, end_date=20220606T021730
[2022-06-06 02:17:30,480] {local_task_job.py:156} INFO - Task exited with return code 0
[2022-06-06 02:17:31,687] {local_task_job.py:273} INFO - 0 downstream tasks scheduled from follow-on schedule check
