[2022-06-06 04:07:06,056] {taskinstance.py:1160} INFO - Dependencies all met for <TaskInstance: hero_info.format_to_parquet scheduled__2022-06-05T04:00:00+00:00 map_index=15 [queued]>
[2022-06-06 04:07:06,185] {taskinstance.py:1160} INFO - Dependencies all met for <TaskInstance: hero_info.format_to_parquet scheduled__2022-06-05T04:00:00+00:00 map_index=15 [queued]>
[2022-06-06 04:07:06,185] {taskinstance.py:1357} INFO - 
--------------------------------------------------------------------------------
[2022-06-06 04:07:06,186] {taskinstance.py:1358} INFO - Starting attempt 1 of 2
[2022-06-06 04:07:06,186] {taskinstance.py:1359} INFO - 
--------------------------------------------------------------------------------
[2022-06-06 04:07:06,244] {taskinstance.py:1378} INFO - Executing <Mapped(_PythonDecoratedOperator): format_to_parquet> on 2022-06-05 04:00:00+00:00
[2022-06-06 04:07:06,257] {standard_task_runner.py:52} INFO - Started process 7450 to run task
[2022-06-06 04:07:06,274] {standard_task_runner.py:79} INFO - Running: ['***', 'tasks', 'run', 'hero_info', 'format_to_parquet', 'scheduled__2022-06-05T04:00:00+00:00', '--job-id', '14681', '--raw', '--subdir', 'DAGS_FOLDER/ingest_heroes.py', '--cfg-path', '/tmp/tmpc39pdo1d', '--map-index', '15', '--error-file', '/tmp/tmpl06b5x84']
[2022-06-06 04:07:06,288] {standard_task_runner.py:80} INFO - Job 14681: Subtask format_to_parquet
[2022-06-06 04:07:06,441] {task_command.py:370} INFO - Running <TaskInstance: hero_info.format_to_parquet scheduled__2022-06-05T04:00:00+00:00 map_index=15 [running]> on host 76384e2d8475
[2022-06-06 04:07:11,237] {taskinstance.py:1570} INFO - Exporting the following env vars:
AIRFLOW_CTX_DAG_OWNER=***
AIRFLOW_CTX_DAG_ID=hero_info
AIRFLOW_CTX_TASK_ID=format_to_parquet
AIRFLOW_CTX_EXECUTION_DATE=2022-06-05T04:00:00+00:00
AIRFLOW_CTX_TRY_NUMBER=1
AIRFLOW_CTX_DAG_RUN_ID=scheduled__2022-06-05T04:00:00+00:00
[2022-06-06 04:07:20,328] {python.py:173} INFO - Done. Returned value was: /opt/***/20220606_H04M07_HERO0000000015001.parquet
[2022-06-06 04:07:21,126] {taskinstance.py:1396} INFO - Marking task as SUCCESS. dag_id=hero_info, task_id=format_to_parquet, map_index=15, execution_date=20220605T040000, start_date=20220606T040706, end_date=20220606T040721
[2022-06-06 04:07:21,269] {local_task_job.py:156} INFO - Task exited with return code 0
[2022-06-06 04:07:21,986] {local_task_job.py:273} INFO - 0 downstream tasks scheduled from follow-on schedule check
