[2022-06-06 04:11:46,064] {taskinstance.py:1160} INFO - Dependencies all met for <TaskInstance: hero_info.format_to_parquet scheduled__2022-06-05T04:00:00+00:00 map_index=204 [queued]>
[2022-06-06 04:11:46,427] {taskinstance.py:1160} INFO - Dependencies all met for <TaskInstance: hero_info.format_to_parquet scheduled__2022-06-05T04:00:00+00:00 map_index=204 [queued]>
[2022-06-06 04:11:46,427] {taskinstance.py:1357} INFO - 
--------------------------------------------------------------------------------
[2022-06-06 04:11:46,427] {taskinstance.py:1358} INFO - Starting attempt 1 of 2
[2022-06-06 04:11:46,427] {taskinstance.py:1359} INFO - 
--------------------------------------------------------------------------------
[2022-06-06 04:11:46,464] {taskinstance.py:1378} INFO - Executing <Mapped(_PythonDecoratedOperator): format_to_parquet> on 2022-06-05 04:00:00+00:00
[2022-06-06 04:11:46,480] {standard_task_runner.py:52} INFO - Started process 8126 to run task
[2022-06-06 04:11:46,498] {standard_task_runner.py:79} INFO - Running: ['***', 'tasks', 'run', 'hero_info', 'format_to_parquet', 'scheduled__2022-06-05T04:00:00+00:00', '--job-id', '14876', '--raw', '--subdir', 'DAGS_FOLDER/ingest_heroes.py', '--cfg-path', '/tmp/tmpq08lq61q', '--map-index', '204', '--error-file', '/tmp/tmpr0ee55jf']
[2022-06-06 04:11:46,515] {standard_task_runner.py:80} INFO - Job 14876: Subtask format_to_parquet
[2022-06-06 04:11:46,808] {task_command.py:370} INFO - Running <TaskInstance: hero_info.format_to_parquet scheduled__2022-06-05T04:00:00+00:00 map_index=204 [running]> on host 76384e2d8475
[2022-06-06 04:11:51,792] {taskinstance.py:1570} INFO - Exporting the following env vars:
AIRFLOW_CTX_DAG_OWNER=***
AIRFLOW_CTX_DAG_ID=hero_info
AIRFLOW_CTX_TASK_ID=format_to_parquet
AIRFLOW_CTX_EXECUTION_DATE=2022-06-05T04:00:00+00:00
AIRFLOW_CTX_TRY_NUMBER=1
AIRFLOW_CTX_DAG_RUN_ID=scheduled__2022-06-05T04:00:00+00:00
[2022-06-06 04:11:58,132] {python.py:173} INFO - Done. Returned value was: /opt/***/20220606_H04M11_HERO0000000204001.parquet
[2022-06-06 04:11:59,118] {taskinstance.py:1396} INFO - Marking task as SUCCESS. dag_id=hero_info, task_id=format_to_parquet, map_index=204, execution_date=20220605T040000, start_date=20220606T041146, end_date=20220606T041159
[2022-06-06 04:11:59,271] {local_task_job.py:156} INFO - Task exited with return code 0
[2022-06-06 04:12:00,543] {local_task_job.py:273} INFO - 0 downstream tasks scheduled from follow-on schedule check
