[2022-06-06 04:13:20,556] {taskinstance.py:1160} INFO - Dependencies all met for <TaskInstance: hero_info.upload_to_gcs scheduled__2022-06-05T04:00:00+00:00 map_index=91 [queued]>
[2022-06-06 04:13:20,650] {taskinstance.py:1160} INFO - Dependencies all met for <TaskInstance: hero_info.upload_to_gcs scheduled__2022-06-05T04:00:00+00:00 map_index=91 [queued]>
[2022-06-06 04:13:20,650] {taskinstance.py:1357} INFO - 
--------------------------------------------------------------------------------
[2022-06-06 04:13:20,651] {taskinstance.py:1358} INFO - Starting attempt 1 of 2
[2022-06-06 04:13:20,651] {taskinstance.py:1359} INFO - 
--------------------------------------------------------------------------------
[2022-06-06 04:13:20,675] {taskinstance.py:1378} INFO - Executing <Mapped(_PythonDecoratedOperator): upload_to_gcs> on 2022-06-05 04:00:00+00:00
[2022-06-06 04:13:20,687] {standard_task_runner.py:52} INFO - Started process 8685 to run task
[2022-06-06 04:13:20,696] {standard_task_runner.py:79} INFO - Running: ['***', 'tasks', 'run', 'hero_info', 'upload_to_gcs', 'scheduled__2022-06-05T04:00:00+00:00', '--job-id', '14989', '--raw', '--subdir', 'DAGS_FOLDER/ingest_heroes.py', '--cfg-path', '/tmp/tmpsurs95y5', '--map-index', '91', '--error-file', '/tmp/tmp3hb3i4tu']
[2022-06-06 04:13:20,698] {standard_task_runner.py:80} INFO - Job 14989: Subtask upload_to_gcs
[2022-06-06 04:13:20,926] {task_command.py:370} INFO - Running <TaskInstance: hero_info.upload_to_gcs scheduled__2022-06-05T04:00:00+00:00 map_index=91 [running]> on host 76384e2d8475
[2022-06-06 04:13:21,131] {taskinstance.py:1570} INFO - Exporting the following env vars:
AIRFLOW_CTX_DAG_OWNER=***
AIRFLOW_CTX_DAG_ID=hero_info
AIRFLOW_CTX_TASK_ID=upload_to_gcs
AIRFLOW_CTX_EXECUTION_DATE=2022-06-05T04:00:00+00:00
AIRFLOW_CTX_TRY_NUMBER=1
AIRFLOW_CTX_DAG_RUN_ID=scheduled__2022-06-05T04:00:00+00:00
[2022-06-06 04:13:21,408] {python.py:173} INFO - Done. Returned value was: None
[2022-06-06 04:13:22,719] {taskinstance.py:1396} INFO - Marking task as SUCCESS. dag_id=hero_info, task_id=upload_to_gcs, map_index=91, execution_date=20220605T040000, start_date=20220606T041320, end_date=20220606T041322
[2022-06-06 04:13:22,775] {local_task_job.py:156} INFO - Task exited with return code 0
[2022-06-06 04:13:25,130] {local_task_job.py:273} INFO - 0 downstream tasks scheduled from follow-on schedule check
