[2022-06-07 04:06:15,040] {taskinstance.py:1160} INFO - Dependencies all met for <TaskInstance: hero_info.format_to_parquet scheduled__2022-06-06T04:00:00+00:00 map_index=99 [queued]>
[2022-06-07 04:06:15,451] {taskinstance.py:1160} INFO - Dependencies all met for <TaskInstance: hero_info.format_to_parquet scheduled__2022-06-06T04:00:00+00:00 map_index=99 [queued]>
[2022-06-07 04:06:15,452] {taskinstance.py:1357} INFO - 
--------------------------------------------------------------------------------
[2022-06-07 04:06:15,452] {taskinstance.py:1358} INFO - Starting attempt 1 of 2
[2022-06-07 04:06:15,452] {taskinstance.py:1359} INFO - 
--------------------------------------------------------------------------------
[2022-06-07 04:06:15,525] {taskinstance.py:1378} INFO - Executing <Mapped(_PythonDecoratedOperator): format_to_parquet> on 2022-06-06 04:00:00+00:00
[2022-06-07 04:06:15,572] {standard_task_runner.py:52} INFO - Started process 62775 to run task
[2022-06-07 04:06:15,621] {standard_task_runner.py:79} INFO - Running: ['***', 'tasks', 'run', 'hero_info', 'format_to_parquet', 'scheduled__2022-06-06T04:00:00+00:00', '--job-id', '15456', '--raw', '--subdir', 'DAGS_FOLDER/ingest_heroes.py', '--cfg-path', '/tmp/tmpf0g2dxb1', '--map-index', '99', '--error-file', '/tmp/tmpoysuxi0w']
[2022-06-07 04:06:15,623] {standard_task_runner.py:80} INFO - Job 15456: Subtask format_to_parquet
[2022-06-07 04:06:16,064] {task_command.py:370} INFO - Running <TaskInstance: hero_info.format_to_parquet scheduled__2022-06-06T04:00:00+00:00 map_index=99 [running]> on host 76384e2d8475
[2022-06-07 04:06:20,430] {taskinstance.py:1570} INFO - Exporting the following env vars:
AIRFLOW_CTX_DAG_OWNER=***
AIRFLOW_CTX_DAG_ID=hero_info
AIRFLOW_CTX_TASK_ID=format_to_parquet
AIRFLOW_CTX_EXECUTION_DATE=2022-06-06T04:00:00+00:00
AIRFLOW_CTX_TRY_NUMBER=1
AIRFLOW_CTX_DAG_RUN_ID=scheduled__2022-06-06T04:00:00+00:00
[2022-06-07 04:06:30,608] {python.py:173} INFO - Done. Returned value was: /opt/***/20220607_H04M06_HERO0000000099001.parquet
[2022-06-07 04:06:31,548] {taskinstance.py:1396} INFO - Marking task as SUCCESS. dag_id=hero_info, task_id=format_to_parquet, map_index=99, execution_date=20220606T040000, start_date=20220607T040615, end_date=20220607T040631
[2022-06-07 04:06:31,612] {local_task_job.py:156} INFO - Task exited with return code 0
[2022-06-07 04:06:32,794] {local_task_job.py:273} INFO - 0 downstream tasks scheduled from follow-on schedule check
