[2022-06-07 04:09:34,850] {taskinstance.py:1160} INFO - Dependencies all met for <TaskInstance: hero_info.upload_to_gcs scheduled__2022-06-06T04:00:00+00:00 map_index=96 [queued]>
[2022-06-07 04:09:34,935] {taskinstance.py:1160} INFO - Dependencies all met for <TaskInstance: hero_info.upload_to_gcs scheduled__2022-06-06T04:00:00+00:00 map_index=96 [queued]>
[2022-06-07 04:09:34,935] {taskinstance.py:1357} INFO - 
--------------------------------------------------------------------------------
[2022-06-07 04:09:34,935] {taskinstance.py:1358} INFO - Starting attempt 1 of 2
[2022-06-07 04:09:34,935] {taskinstance.py:1359} INFO - 
--------------------------------------------------------------------------------
[2022-06-07 04:09:34,953] {taskinstance.py:1378} INFO - Executing <Mapped(_PythonDecoratedOperator): upload_to_gcs> on 2022-06-06 04:00:00+00:00
[2022-06-07 04:09:34,962] {standard_task_runner.py:52} INFO - Started process 63358 to run task
[2022-06-07 04:09:34,970] {standard_task_runner.py:79} INFO - Running: ['***', 'tasks', 'run', 'hero_info', 'upload_to_gcs', 'scheduled__2022-06-06T04:00:00+00:00', '--job-id', '15610', '--raw', '--subdir', 'DAGS_FOLDER/ingest_heroes.py', '--cfg-path', '/tmp/tmpjcsjk885', '--map-index', '96', '--error-file', '/tmp/tmpp72dez8v']
[2022-06-07 04:09:34,972] {standard_task_runner.py:80} INFO - Job 15610: Subtask upload_to_gcs
[2022-06-07 04:09:35,065] {task_command.py:370} INFO - Running <TaskInstance: hero_info.upload_to_gcs scheduled__2022-06-06T04:00:00+00:00 map_index=96 [running]> on host 76384e2d8475
[2022-06-07 04:09:35,205] {taskinstance.py:1570} INFO - Exporting the following env vars:
AIRFLOW_CTX_DAG_OWNER=***
AIRFLOW_CTX_DAG_ID=hero_info
AIRFLOW_CTX_TASK_ID=upload_to_gcs
AIRFLOW_CTX_EXECUTION_DATE=2022-06-06T04:00:00+00:00
AIRFLOW_CTX_TRY_NUMBER=1
AIRFLOW_CTX_DAG_RUN_ID=scheduled__2022-06-06T04:00:00+00:00
[2022-06-07 04:09:35,435] {python.py:173} INFO - Done. Returned value was: None
[2022-06-07 04:09:37,112] {taskinstance.py:1396} INFO - Marking task as SUCCESS. dag_id=hero_info, task_id=upload_to_gcs, map_index=96, execution_date=20220606T040000, start_date=20220607T040934, end_date=20220607T040937
[2022-06-07 04:09:37,154] {local_task_job.py:156} INFO - Task exited with return code 0
[2022-06-07 04:09:39,954] {local_task_job.py:273} INFO - 0 downstream tasks scheduled from follow-on schedule check
