[2022-06-06 02:20:01,059] {taskinstance.py:1160} INFO - Dependencies all met for <TaskInstance: hero_info.format_to_parquet manual__2022-06-06T02:08:02.896924+00:00 map_index=134 [queued]>
[2022-06-06 02:20:01,496] {taskinstance.py:1160} INFO - Dependencies all met for <TaskInstance: hero_info.format_to_parquet manual__2022-06-06T02:08:02.896924+00:00 map_index=134 [queued]>
[2022-06-06 02:20:01,496] {taskinstance.py:1357} INFO - 
--------------------------------------------------------------------------------
[2022-06-06 02:20:01,496] {taskinstance.py:1358} INFO - Starting attempt 1 of 2
[2022-06-06 02:20:01,496] {taskinstance.py:1359} INFO - 
--------------------------------------------------------------------------------
[2022-06-06 02:20:01,630] {taskinstance.py:1378} INFO - Executing <Mapped(_PythonDecoratedOperator): format_to_parquet> on 2022-06-06 02:08:02.896924+00:00
[2022-06-06 02:20:01,683] {standard_task_runner.py:52} INFO - Started process 1563 to run task
[2022-06-06 02:20:01,698] {standard_task_runner.py:79} INFO - Running: ['***', 'tasks', 'run', 'hero_info', 'format_to_parquet', 'manual__2022-06-06T02:08:02.896924+00:00', '--job-id', '14140', '--raw', '--subdir', 'DAGS_FOLDER/ingest_heroes.py', '--cfg-path', '/tmp/tmpljwc2dh3', '--map-index', '134', '--error-file', '/tmp/tmpuizsknk2']
[2022-06-06 02:20:01,700] {standard_task_runner.py:80} INFO - Job 14140: Subtask format_to_parquet
[2022-06-06 02:20:01,914] {task_command.py:370} INFO - Running <TaskInstance: hero_info.format_to_parquet manual__2022-06-06T02:08:02.896924+00:00 map_index=134 [running]> on host 76384e2d8475
[2022-06-06 02:20:07,355] {taskinstance.py:1570} INFO - Exporting the following env vars:
AIRFLOW_CTX_DAG_OWNER=***
AIRFLOW_CTX_DAG_ID=hero_info
AIRFLOW_CTX_TASK_ID=format_to_parquet
AIRFLOW_CTX_EXECUTION_DATE=2022-06-06T02:08:02.896924+00:00
AIRFLOW_CTX_TRY_NUMBER=1
AIRFLOW_CTX_DAG_RUN_ID=manual__2022-06-06T02:08:02.896924+00:00
[2022-06-06 02:20:15,550] {python.py:173} INFO - Done. Returned value was: /opt/***/20220606_H02M19_HERO0000000134001.parquet
[2022-06-06 02:20:18,248] {taskinstance.py:1396} INFO - Marking task as SUCCESS. dag_id=hero_info, task_id=format_to_parquet, map_index=134, execution_date=20220606T020802, start_date=20220606T022001, end_date=20220606T022018
[2022-06-06 02:20:18,398] {local_task_job.py:156} INFO - Task exited with return code 0
[2022-06-06 02:20:19,807] {local_task_job.py:273} INFO - 0 downstream tasks scheduled from follow-on schedule check
