[2022-06-06 04:13:21,522] {taskinstance.py:1160} INFO - Dependencies all met for <TaskInstance: hero_info.upload_to_gcs scheduled__2022-06-05T04:00:00+00:00 map_index=94 [queued]>
[2022-06-06 04:13:21,669] {taskinstance.py:1160} INFO - Dependencies all met for <TaskInstance: hero_info.upload_to_gcs scheduled__2022-06-05T04:00:00+00:00 map_index=94 [queued]>
[2022-06-06 04:13:21,670] {taskinstance.py:1357} INFO - 
--------------------------------------------------------------------------------
[2022-06-06 04:13:21,679] {taskinstance.py:1358} INFO - Starting attempt 1 of 2
[2022-06-06 04:13:21,680] {taskinstance.py:1359} INFO - 
--------------------------------------------------------------------------------
[2022-06-06 04:13:21,715] {taskinstance.py:1378} INFO - Executing <Mapped(_PythonDecoratedOperator): upload_to_gcs> on 2022-06-05 04:00:00+00:00
[2022-06-06 04:13:21,763] {standard_task_runner.py:52} INFO - Started process 8696 to run task
[2022-06-06 04:13:21,801] {standard_task_runner.py:79} INFO - Running: ['***', 'tasks', 'run', 'hero_info', 'upload_to_gcs', 'scheduled__2022-06-05T04:00:00+00:00', '--job-id', '14992', '--raw', '--subdir', 'DAGS_FOLDER/ingest_heroes.py', '--cfg-path', '/tmp/tmpg08xqqty', '--map-index', '94', '--error-file', '/tmp/tmpykra2ipy']
[2022-06-06 04:13:21,817] {standard_task_runner.py:80} INFO - Job 14992: Subtask upload_to_gcs
[2022-06-06 04:13:21,976] {task_command.py:370} INFO - Running <TaskInstance: hero_info.upload_to_gcs scheduled__2022-06-05T04:00:00+00:00 map_index=94 [running]> on host 76384e2d8475
[2022-06-06 04:13:22,201] {taskinstance.py:1570} INFO - Exporting the following env vars:
AIRFLOW_CTX_DAG_OWNER=***
AIRFLOW_CTX_DAG_ID=hero_info
AIRFLOW_CTX_TASK_ID=upload_to_gcs
AIRFLOW_CTX_EXECUTION_DATE=2022-06-05T04:00:00+00:00
AIRFLOW_CTX_TRY_NUMBER=1
AIRFLOW_CTX_DAG_RUN_ID=scheduled__2022-06-05T04:00:00+00:00
[2022-06-06 04:13:22,461] {python.py:173} INFO - Done. Returned value was: None
[2022-06-06 04:13:24,117] {taskinstance.py:1396} INFO - Marking task as SUCCESS. dag_id=hero_info, task_id=upload_to_gcs, map_index=94, execution_date=20220605T040000, start_date=20220606T041321, end_date=20220606T041324
[2022-06-06 04:13:24,225] {local_task_job.py:156} INFO - Task exited with return code 0
[2022-06-06 04:13:26,162] {local_task_job.py:273} INFO - 0 downstream tasks scheduled from follow-on schedule check
