[2022-06-06 02:19:08,858] {taskinstance.py:1160} INFO - Dependencies all met for <TaskInstance: hero_info.format_to_parquet manual__2022-06-06T02:08:02.896924+00:00 map_index=78 [queued]>
[2022-06-06 02:19:09,436] {taskinstance.py:1160} INFO - Dependencies all met for <TaskInstance: hero_info.format_to_parquet manual__2022-06-06T02:08:02.896924+00:00 map_index=78 [queued]>
[2022-06-06 02:19:09,436] {taskinstance.py:1357} INFO - 
--------------------------------------------------------------------------------
[2022-06-06 02:19:09,436] {taskinstance.py:1358} INFO - Starting attempt 1 of 2
[2022-06-06 02:19:09,436] {taskinstance.py:1359} INFO - 
--------------------------------------------------------------------------------
[2022-06-06 02:19:09,573] {taskinstance.py:1378} INFO - Executing <Mapped(_PythonDecoratedOperator): format_to_parquet> on 2022-06-06 02:08:02.896924+00:00
[2022-06-06 02:19:09,622] {standard_task_runner.py:52} INFO - Started process 1446 to run task
[2022-06-06 02:19:09,669] {standard_task_runner.py:79} INFO - Running: ['***', 'tasks', 'run', 'hero_info', 'format_to_parquet', 'manual__2022-06-06T02:08:02.896924+00:00', '--job-id', '14106', '--raw', '--subdir', 'DAGS_FOLDER/ingest_heroes.py', '--cfg-path', '/tmp/tmp3v4vgrk4', '--map-index', '78', '--error-file', '/tmp/tmpvqp6vzec']
[2022-06-06 02:19:09,684] {standard_task_runner.py:80} INFO - Job 14106: Subtask format_to_parquet
[2022-06-06 02:19:09,970] {task_command.py:370} INFO - Running <TaskInstance: hero_info.format_to_parquet manual__2022-06-06T02:08:02.896924+00:00 map_index=78 [running]> on host 76384e2d8475
[2022-06-06 02:19:15,106] {taskinstance.py:1570} INFO - Exporting the following env vars:
AIRFLOW_CTX_DAG_OWNER=***
AIRFLOW_CTX_DAG_ID=hero_info
AIRFLOW_CTX_TASK_ID=format_to_parquet
AIRFLOW_CTX_EXECUTION_DATE=2022-06-06T02:08:02.896924+00:00
AIRFLOW_CTX_TRY_NUMBER=1
AIRFLOW_CTX_DAG_RUN_ID=manual__2022-06-06T02:08:02.896924+00:00
[2022-06-06 02:19:22,374] {python.py:173} INFO - Done. Returned value was: /opt/***/20220606_H02M19_HERO0000000078001.parquet
[2022-06-06 02:19:22,545] {taskinstance.py:1396} INFO - Marking task as SUCCESS. dag_id=hero_info, task_id=format_to_parquet, map_index=78, execution_date=20220606T020802, start_date=20220606T021908, end_date=20220606T021922
[2022-06-06 02:19:22,748] {local_task_job.py:156} INFO - Task exited with return code 0
[2022-06-06 02:19:23,234] {local_task_job.py:273} INFO - 0 downstream tasks scheduled from follow-on schedule check
