[2022-06-06 02:19:42,429] {taskinstance.py:1160} INFO - Dependencies all met for <TaskInstance: hero_info.format_to_parquet manual__2022-06-06T02:08:02.896924+00:00 map_index=121 [queued]>
[2022-06-06 02:19:42,731] {taskinstance.py:1160} INFO - Dependencies all met for <TaskInstance: hero_info.format_to_parquet manual__2022-06-06T02:08:02.896924+00:00 map_index=121 [queued]>
[2022-06-06 02:19:42,731] {taskinstance.py:1357} INFO - 
--------------------------------------------------------------------------------
[2022-06-06 02:19:42,731] {taskinstance.py:1358} INFO - Starting attempt 1 of 2
[2022-06-06 02:19:42,731] {taskinstance.py:1359} INFO - 
--------------------------------------------------------------------------------
[2022-06-06 02:19:42,826] {taskinstance.py:1378} INFO - Executing <Mapped(_PythonDecoratedOperator): format_to_parquet> on 2022-06-06 02:08:02.896924+00:00
[2022-06-06 02:19:42,895] {standard_task_runner.py:52} INFO - Started process 1521 to run task
[2022-06-06 02:19:42,935] {standard_task_runner.py:79} INFO - Running: ['***', 'tasks', 'run', 'hero_info', 'format_to_parquet', 'manual__2022-06-06T02:08:02.896924+00:00', '--job-id', '14127', '--raw', '--subdir', 'DAGS_FOLDER/ingest_heroes.py', '--cfg-path', '/tmp/tmpfpl_hu6q', '--map-index', '121', '--error-file', '/tmp/tmpnkpdhvgb']
[2022-06-06 02:19:42,941] {standard_task_runner.py:80} INFO - Job 14127: Subtask format_to_parquet
[2022-06-06 02:19:43,427] {task_command.py:370} INFO - Running <TaskInstance: hero_info.format_to_parquet manual__2022-06-06T02:08:02.896924+00:00 map_index=121 [running]> on host 76384e2d8475
[2022-06-06 02:19:48,340] {taskinstance.py:1570} INFO - Exporting the following env vars:
AIRFLOW_CTX_DAG_OWNER=***
AIRFLOW_CTX_DAG_ID=hero_info
AIRFLOW_CTX_TASK_ID=format_to_parquet
AIRFLOW_CTX_EXECUTION_DATE=2022-06-06T02:08:02.896924+00:00
AIRFLOW_CTX_TRY_NUMBER=1
AIRFLOW_CTX_DAG_RUN_ID=manual__2022-06-06T02:08:02.896924+00:00
[2022-06-06 02:19:57,606] {python.py:173} INFO - Done. Returned value was: /opt/***/20220606_H02M19_HERO0000000121001.parquet
[2022-06-06 02:19:58,192] {taskinstance.py:1396} INFO - Marking task as SUCCESS. dag_id=hero_info, task_id=format_to_parquet, map_index=121, execution_date=20220606T020802, start_date=20220606T021942, end_date=20220606T021958
[2022-06-06 02:19:58,291] {local_task_job.py:156} INFO - Task exited with return code 0
[2022-06-06 02:19:58,984] {local_task_job.py:273} INFO - 0 downstream tasks scheduled from follow-on schedule check
