[2022-06-06 04:10:10,296] {taskinstance.py:1160} INFO - Dependencies all met for <TaskInstance: hero_info.format_to_parquet scheduled__2022-06-05T04:00:00+00:00 map_index=137 [queued]>
[2022-06-06 04:10:10,520] {taskinstance.py:1160} INFO - Dependencies all met for <TaskInstance: hero_info.format_to_parquet scheduled__2022-06-05T04:00:00+00:00 map_index=137 [queued]>
[2022-06-06 04:10:10,520] {taskinstance.py:1357} INFO - 
--------------------------------------------------------------------------------
[2022-06-06 04:10:10,520] {taskinstance.py:1358} INFO - Starting attempt 1 of 2
[2022-06-06 04:10:10,520] {taskinstance.py:1359} INFO - 
--------------------------------------------------------------------------------
[2022-06-06 04:10:10,569] {taskinstance.py:1378} INFO - Executing <Mapped(_PythonDecoratedOperator): format_to_parquet> on 2022-06-05 04:00:00+00:00
[2022-06-06 04:10:10,579] {standard_task_runner.py:52} INFO - Started process 7903 to run task
[2022-06-06 04:10:10,638] {standard_task_runner.py:79} INFO - Running: ['***', 'tasks', 'run', 'hero_info', 'format_to_parquet', 'scheduled__2022-06-05T04:00:00+00:00', '--job-id', '14810', '--raw', '--subdir', 'DAGS_FOLDER/ingest_heroes.py', '--cfg-path', '/tmp/tmpsi05g0qh', '--map-index', '137', '--error-file', '/tmp/tmpvo9tmeg9']
[2022-06-06 04:10:10,655] {standard_task_runner.py:80} INFO - Job 14810: Subtask format_to_parquet
[2022-06-06 04:10:11,092] {task_command.py:370} INFO - Running <TaskInstance: hero_info.format_to_parquet scheduled__2022-06-05T04:00:00+00:00 map_index=137 [running]> on host 76384e2d8475
[2022-06-06 04:10:15,350] {taskinstance.py:1570} INFO - Exporting the following env vars:
AIRFLOW_CTX_DAG_OWNER=***
AIRFLOW_CTX_DAG_ID=hero_info
AIRFLOW_CTX_TASK_ID=format_to_parquet
AIRFLOW_CTX_EXECUTION_DATE=2022-06-05T04:00:00+00:00
AIRFLOW_CTX_TRY_NUMBER=1
AIRFLOW_CTX_DAG_RUN_ID=scheduled__2022-06-05T04:00:00+00:00
[2022-06-06 04:10:23,452] {python.py:173} INFO - Done. Returned value was: /opt/***/20220606_H04M10_HERO0000000137001.parquet
[2022-06-06 04:10:25,090] {taskinstance.py:1396} INFO - Marking task as SUCCESS. dag_id=hero_info, task_id=format_to_parquet, map_index=137, execution_date=20220605T040000, start_date=20220606T041010, end_date=20220606T041025
[2022-06-06 04:10:25,194] {local_task_job.py:156} INFO - Task exited with return code 0
[2022-06-06 04:10:25,667] {local_task_job.py:273} INFO - 0 downstream tasks scheduled from follow-on schedule check
