[2022-06-06 04:09:17,900] {taskinstance.py:1160} INFO - Dependencies all met for <TaskInstance: hero_info.format_to_parquet scheduled__2022-06-05T04:00:00+00:00 map_index=99 [queued]>
[2022-06-06 04:09:18,191] {taskinstance.py:1160} INFO - Dependencies all met for <TaskInstance: hero_info.format_to_parquet scheduled__2022-06-05T04:00:00+00:00 map_index=99 [queued]>
[2022-06-06 04:09:18,192] {taskinstance.py:1357} INFO - 
--------------------------------------------------------------------------------
[2022-06-06 04:09:18,192] {taskinstance.py:1358} INFO - Starting attempt 1 of 2
[2022-06-06 04:09:18,192] {taskinstance.py:1359} INFO - 
--------------------------------------------------------------------------------
[2022-06-06 04:09:18,266] {taskinstance.py:1378} INFO - Executing <Mapped(_PythonDecoratedOperator): format_to_parquet> on 2022-06-05 04:00:00+00:00
[2022-06-06 04:09:18,279] {standard_task_runner.py:52} INFO - Started process 7769 to run task
[2022-06-06 04:09:18,293] {standard_task_runner.py:79} INFO - Running: ['***', 'tasks', 'run', 'hero_info', 'format_to_parquet', 'scheduled__2022-06-05T04:00:00+00:00', '--job-id', '14772', '--raw', '--subdir', 'DAGS_FOLDER/ingest_heroes.py', '--cfg-path', '/tmp/tmpj8yy0iau', '--map-index', '99', '--error-file', '/tmp/tmpo9hutfd7']
[2022-06-06 04:09:18,294] {standard_task_runner.py:80} INFO - Job 14772: Subtask format_to_parquet
[2022-06-06 04:09:18,490] {task_command.py:370} INFO - Running <TaskInstance: hero_info.format_to_parquet scheduled__2022-06-05T04:00:00+00:00 map_index=99 [running]> on host 76384e2d8475
[2022-06-06 04:09:23,220] {taskinstance.py:1570} INFO - Exporting the following env vars:
AIRFLOW_CTX_DAG_OWNER=***
AIRFLOW_CTX_DAG_ID=hero_info
AIRFLOW_CTX_TASK_ID=format_to_parquet
AIRFLOW_CTX_EXECUTION_DATE=2022-06-05T04:00:00+00:00
AIRFLOW_CTX_TRY_NUMBER=1
AIRFLOW_CTX_DAG_RUN_ID=scheduled__2022-06-05T04:00:00+00:00
[2022-06-06 04:09:30,758] {python.py:173} INFO - Done. Returned value was: /opt/***/20220606_H04M09_HERO0000000099001.parquet
[2022-06-06 04:09:31,053] {taskinstance.py:1396} INFO - Marking task as SUCCESS. dag_id=hero_info, task_id=format_to_parquet, map_index=99, execution_date=20220605T040000, start_date=20220606T040917, end_date=20220606T040931
[2022-06-06 04:09:31,211] {local_task_job.py:156} INFO - Task exited with return code 0
[2022-06-06 04:09:31,814] {local_task_job.py:273} INFO - 0 downstream tasks scheduled from follow-on schedule check
