[2022-06-06 04:10:55,375] {taskinstance.py:1160} INFO - Dependencies all met for <TaskInstance: hero_info.format_to_parquet scheduled__2022-06-05T04:00:00+00:00 map_index=171 [queued]>
[2022-06-06 04:10:55,469] {taskinstance.py:1160} INFO - Dependencies all met for <TaskInstance: hero_info.format_to_parquet scheduled__2022-06-05T04:00:00+00:00 map_index=171 [queued]>
[2022-06-06 04:10:55,469] {taskinstance.py:1357} INFO - 
--------------------------------------------------------------------------------
[2022-06-06 04:10:55,469] {taskinstance.py:1358} INFO - Starting attempt 1 of 2
[2022-06-06 04:10:55,470] {taskinstance.py:1359} INFO - 
--------------------------------------------------------------------------------
[2022-06-06 04:10:55,488] {taskinstance.py:1378} INFO - Executing <Mapped(_PythonDecoratedOperator): format_to_parquet> on 2022-06-05 04:00:00+00:00
[2022-06-06 04:10:55,504] {standard_task_runner.py:52} INFO - Started process 8008 to run task
[2022-06-06 04:10:55,570] {standard_task_runner.py:79} INFO - Running: ['***', 'tasks', 'run', 'hero_info', 'format_to_parquet', 'scheduled__2022-06-05T04:00:00+00:00', '--job-id', '14841', '--raw', '--subdir', 'DAGS_FOLDER/ingest_heroes.py', '--cfg-path', '/tmp/tmpbdk1itau', '--map-index', '171', '--error-file', '/tmp/tmpn0gxlbve']
[2022-06-06 04:10:55,572] {standard_task_runner.py:80} INFO - Job 14841: Subtask format_to_parquet
[2022-06-06 04:10:55,805] {task_command.py:370} INFO - Running <TaskInstance: hero_info.format_to_parquet scheduled__2022-06-05T04:00:00+00:00 map_index=171 [running]> on host 76384e2d8475
[2022-06-06 04:11:01,271] {taskinstance.py:1570} INFO - Exporting the following env vars:
AIRFLOW_CTX_DAG_OWNER=***
AIRFLOW_CTX_DAG_ID=hero_info
AIRFLOW_CTX_TASK_ID=format_to_parquet
AIRFLOW_CTX_EXECUTION_DATE=2022-06-05T04:00:00+00:00
AIRFLOW_CTX_TRY_NUMBER=1
AIRFLOW_CTX_DAG_RUN_ID=scheduled__2022-06-05T04:00:00+00:00
[2022-06-06 04:11:10,438] {python.py:173} INFO - Done. Returned value was: /opt/***/20220606_H04M10_HERO0000000171001.parquet
[2022-06-06 04:11:10,493] {taskinstance.py:1396} INFO - Marking task as SUCCESS. dag_id=hero_info, task_id=format_to_parquet, map_index=171, execution_date=20220605T040000, start_date=20220606T041055, end_date=20220606T041110
[2022-06-06 04:11:10,629] {local_task_job.py:156} INFO - Task exited with return code 0
[2022-06-06 04:11:11,544] {local_task_job.py:273} INFO - 0 downstream tasks scheduled from follow-on schedule check
