[2022-06-06 04:14:35,042] {taskinstance.py:1160} INFO - Dependencies all met for <TaskInstance: hero_info.upload_to_gcs scheduled__2022-06-05T04:00:00+00:00 map_index=204 [queued]>
[2022-06-06 04:14:35,111] {taskinstance.py:1160} INFO - Dependencies all met for <TaskInstance: hero_info.upload_to_gcs scheduled__2022-06-05T04:00:00+00:00 map_index=204 [queued]>
[2022-06-06 04:14:35,112] {taskinstance.py:1357} INFO - 
--------------------------------------------------------------------------------
[2022-06-06 04:14:35,112] {taskinstance.py:1358} INFO - Starting attempt 1 of 2
[2022-06-06 04:14:35,112] {taskinstance.py:1359} INFO - 
--------------------------------------------------------------------------------
[2022-06-06 04:14:35,130] {taskinstance.py:1378} INFO - Executing <Mapped(_PythonDecoratedOperator): upload_to_gcs> on 2022-06-05 04:00:00+00:00
[2022-06-06 04:14:35,157] {standard_task_runner.py:52} INFO - Started process 9291 to run task
[2022-06-06 04:14:35,167] {standard_task_runner.py:79} INFO - Running: ['***', 'tasks', 'run', 'hero_info', 'upload_to_gcs', 'scheduled__2022-06-05T04:00:00+00:00', '--job-id', '15104', '--raw', '--subdir', 'DAGS_FOLDER/ingest_heroes.py', '--cfg-path', '/tmp/tmpr2mxb17w', '--map-index', '204', '--error-file', '/tmp/tmp3x4mu40i']
[2022-06-06 04:14:35,169] {standard_task_runner.py:80} INFO - Job 15104: Subtask upload_to_gcs
[2022-06-06 04:14:35,257] {task_command.py:370} INFO - Running <TaskInstance: hero_info.upload_to_gcs scheduled__2022-06-05T04:00:00+00:00 map_index=204 [running]> on host 76384e2d8475
[2022-06-06 04:14:35,357] {taskinstance.py:1570} INFO - Exporting the following env vars:
AIRFLOW_CTX_DAG_OWNER=***
AIRFLOW_CTX_DAG_ID=hero_info
AIRFLOW_CTX_TASK_ID=upload_to_gcs
AIRFLOW_CTX_EXECUTION_DATE=2022-06-05T04:00:00+00:00
AIRFLOW_CTX_TRY_NUMBER=1
AIRFLOW_CTX_DAG_RUN_ID=scheduled__2022-06-05T04:00:00+00:00
[2022-06-06 04:14:35,550] {python.py:173} INFO - Done. Returned value was: None
[2022-06-06 04:14:36,588] {taskinstance.py:1396} INFO - Marking task as SUCCESS. dag_id=hero_info, task_id=upload_to_gcs, map_index=204, execution_date=20220605T040000, start_date=20220606T041435, end_date=20220606T041436
[2022-06-06 04:14:36,688] {local_task_job.py:156} INFO - Task exited with return code 0
[2022-06-06 04:14:39,321] {local_task_job.py:273} INFO - 0 downstream tasks scheduled from follow-on schedule check
