[2022-06-06 02:17:07,553] {taskinstance.py:1160} INFO - Dependencies all met for <TaskInstance: hero_info.format_to_parquet manual__2022-06-06T02:08:02.896924+00:00 map_index=53 [queued]>
[2022-06-06 02:17:07,619] {taskinstance.py:1160} INFO - Dependencies all met for <TaskInstance: hero_info.format_to_parquet manual__2022-06-06T02:08:02.896924+00:00 map_index=53 [queued]>
[2022-06-06 02:17:07,619] {taskinstance.py:1357} INFO - 
--------------------------------------------------------------------------------
[2022-06-06 02:17:07,620] {taskinstance.py:1358} INFO - Starting attempt 1 of 2
[2022-06-06 02:17:07,620] {taskinstance.py:1359} INFO - 
--------------------------------------------------------------------------------
[2022-06-06 02:17:07,696] {taskinstance.py:1378} INFO - Executing <Mapped(_PythonDecoratedOperator): format_to_parquet> on 2022-06-06 02:08:02.896924+00:00
[2022-06-06 02:17:07,734] {standard_task_runner.py:52} INFO - Started process 1179 to run task
[2022-06-06 02:17:07,778] {standard_task_runner.py:79} INFO - Running: ['***', 'tasks', 'run', 'hero_info', 'format_to_parquet', 'manual__2022-06-06T02:08:02.896924+00:00', '--job-id', '14030', '--raw', '--subdir', 'DAGS_FOLDER/ingest_heroes.py', '--cfg-path', '/tmp/tmp2pj9e_zi', '--map-index', '53', '--error-file', '/tmp/tmpe7jj2sre']
[2022-06-06 02:17:07,779] {standard_task_runner.py:80} INFO - Job 14030: Subtask format_to_parquet
[2022-06-06 02:17:08,038] {task_command.py:370} INFO - Running <TaskInstance: hero_info.format_to_parquet manual__2022-06-06T02:08:02.896924+00:00 map_index=53 [running]> on host 76384e2d8475
[2022-06-06 02:17:13,951] {taskinstance.py:1570} INFO - Exporting the following env vars:
AIRFLOW_CTX_DAG_OWNER=***
AIRFLOW_CTX_DAG_ID=hero_info
AIRFLOW_CTX_TASK_ID=format_to_parquet
AIRFLOW_CTX_EXECUTION_DATE=2022-06-06T02:08:02.896924+00:00
AIRFLOW_CTX_TRY_NUMBER=1
AIRFLOW_CTX_DAG_RUN_ID=manual__2022-06-06T02:08:02.896924+00:00
[2022-06-06 02:17:23,018] {python.py:173} INFO - Done. Returned value was: /opt/***/20220606_H02M17_HERO0000000053001.parquet
[2022-06-06 02:17:24,143] {taskinstance.py:1396} INFO - Marking task as SUCCESS. dag_id=hero_info, task_id=format_to_parquet, map_index=53, execution_date=20220606T020802, start_date=20220606T021707, end_date=20220606T021724
[2022-06-06 02:17:24,225] {local_task_job.py:156} INFO - Task exited with return code 0
[2022-06-06 02:17:24,753] {local_task_job.py:273} INFO - 0 downstream tasks scheduled from follow-on schedule check
