[2022-06-06 02:22:21,911] {taskinstance.py:1160} INFO - Dependencies all met for <TaskInstance: hero_info.upload_to_gcs manual__2022-06-06T02:08:02.896924+00:00 map_index=86 [queued]>
[2022-06-06 02:22:22,256] {taskinstance.py:1160} INFO - Dependencies all met for <TaskInstance: hero_info.upload_to_gcs manual__2022-06-06T02:08:02.896924+00:00 map_index=86 [queued]>
[2022-06-06 02:22:22,256] {taskinstance.py:1357} INFO - 
--------------------------------------------------------------------------------
[2022-06-06 02:22:22,256] {taskinstance.py:1358} INFO - Starting attempt 1 of 2
[2022-06-06 02:22:22,256] {taskinstance.py:1359} INFO - 
--------------------------------------------------------------------------------
[2022-06-06 02:22:22,327] {taskinstance.py:1378} INFO - Executing <Mapped(_PythonDecoratedOperator): upload_to_gcs> on 2022-06-06 02:08:02.896924+00:00
[2022-06-06 02:22:22,371] {standard_task_runner.py:52} INFO - Started process 1938 to run task
[2022-06-06 02:22:22,394] {standard_task_runner.py:79} INFO - Running: ['***', 'tasks', 'run', 'hero_info', 'upload_to_gcs', 'manual__2022-06-06T02:08:02.896924+00:00', '--job-id', '14232', '--raw', '--subdir', 'DAGS_FOLDER/ingest_heroes.py', '--cfg-path', '/tmp/tmpz326b1zk', '--map-index', '86', '--error-file', '/tmp/tmpva09ssqq']
[2022-06-06 02:22:22,395] {standard_task_runner.py:80} INFO - Job 14232: Subtask upload_to_gcs
[2022-06-06 02:22:22,623] {task_command.py:370} INFO - Running <TaskInstance: hero_info.upload_to_gcs manual__2022-06-06T02:08:02.896924+00:00 map_index=86 [running]> on host 76384e2d8475
[2022-06-06 02:22:23,006] {taskinstance.py:1570} INFO - Exporting the following env vars:
AIRFLOW_CTX_DAG_OWNER=***
AIRFLOW_CTX_DAG_ID=hero_info
AIRFLOW_CTX_TASK_ID=upload_to_gcs
AIRFLOW_CTX_EXECUTION_DATE=2022-06-06T02:08:02.896924+00:00
AIRFLOW_CTX_TRY_NUMBER=1
AIRFLOW_CTX_DAG_RUN_ID=manual__2022-06-06T02:08:02.896924+00:00
[2022-06-06 02:22:23,242] {python.py:173} INFO - Done. Returned value was: None
[2022-06-06 02:22:25,106] {taskinstance.py:1396} INFO - Marking task as SUCCESS. dag_id=hero_info, task_id=upload_to_gcs, map_index=86, execution_date=20220606T020802, start_date=20220606T022221, end_date=20220606T022225
[2022-06-06 02:22:25,199] {local_task_job.py:156} INFO - Task exited with return code 0
[2022-06-06 02:22:27,353] {local_task_job.py:273} INFO - 0 downstream tasks scheduled from follow-on schedule check
