[2022-06-07 04:08:26,627] {taskinstance.py:1160} INFO - Dependencies all met for <TaskInstance: hero_info.format_to_parquet scheduled__2022-06-06T04:00:00+00:00 map_index=195 [queued]>
[2022-06-07 04:08:26,845] {taskinstance.py:1160} INFO - Dependencies all met for <TaskInstance: hero_info.format_to_parquet scheduled__2022-06-06T04:00:00+00:00 map_index=195 [queued]>
[2022-06-07 04:08:26,845] {taskinstance.py:1357} INFO - 
--------------------------------------------------------------------------------
[2022-06-07 04:08:26,845] {taskinstance.py:1358} INFO - Starting attempt 1 of 2
[2022-06-07 04:08:26,845] {taskinstance.py:1359} INFO - 
--------------------------------------------------------------------------------
[2022-06-07 04:08:26,868] {taskinstance.py:1378} INFO - Executing <Mapped(_PythonDecoratedOperator): format_to_parquet> on 2022-06-06 04:00:00+00:00
[2022-06-07 04:08:26,901] {standard_task_runner.py:52} INFO - Started process 63102 to run task
[2022-06-07 04:08:26,949] {standard_task_runner.py:79} INFO - Running: ['***', 'tasks', 'run', 'hero_info', 'format_to_parquet', 'scheduled__2022-06-06T04:00:00+00:00', '--job-id', '15550', '--raw', '--subdir', 'DAGS_FOLDER/ingest_heroes.py', '--cfg-path', '/tmp/tmpbusqielb', '--map-index', '195', '--error-file', '/tmp/tmprbpckupd']
[2022-06-07 04:08:26,951] {standard_task_runner.py:80} INFO - Job 15550: Subtask format_to_parquet
[2022-06-07 04:08:27,398] {task_command.py:370} INFO - Running <TaskInstance: hero_info.format_to_parquet scheduled__2022-06-06T04:00:00+00:00 map_index=195 [running]> on host 76384e2d8475
[2022-06-07 04:08:32,096] {taskinstance.py:1570} INFO - Exporting the following env vars:
AIRFLOW_CTX_DAG_OWNER=***
AIRFLOW_CTX_DAG_ID=hero_info
AIRFLOW_CTX_TASK_ID=format_to_parquet
AIRFLOW_CTX_EXECUTION_DATE=2022-06-06T04:00:00+00:00
AIRFLOW_CTX_TRY_NUMBER=1
AIRFLOW_CTX_DAG_RUN_ID=scheduled__2022-06-06T04:00:00+00:00
[2022-06-07 04:08:38,429] {python.py:173} INFO - Done. Returned value was: /opt/***/20220607_H04M08_HERO0000000195001.parquet
[2022-06-07 04:08:39,732] {taskinstance.py:1396} INFO - Marking task as SUCCESS. dag_id=hero_info, task_id=format_to_parquet, map_index=195, execution_date=20220606T040000, start_date=20220607T040826, end_date=20220607T040839
[2022-06-07 04:08:39,837] {local_task_job.py:156} INFO - Task exited with return code 0
[2022-06-07 04:08:41,467] {local_task_job.py:273} INFO - 0 downstream tasks scheduled from follow-on schedule check
