[2022-06-06 04:13:10,004] {taskinstance.py:1160} INFO - Dependencies all met for <TaskInstance: hero_info.upload_to_gcs scheduled__2022-06-05T04:00:00+00:00 map_index=72 [queued]>
[2022-06-06 04:13:10,072] {taskinstance.py:1160} INFO - Dependencies all met for <TaskInstance: hero_info.upload_to_gcs scheduled__2022-06-05T04:00:00+00:00 map_index=72 [queued]>
[2022-06-06 04:13:10,072] {taskinstance.py:1357} INFO - 
--------------------------------------------------------------------------------
[2022-06-06 04:13:10,072] {taskinstance.py:1358} INFO - Starting attempt 1 of 2
[2022-06-06 04:13:10,072] {taskinstance.py:1359} INFO - 
--------------------------------------------------------------------------------
[2022-06-06 04:13:10,084] {taskinstance.py:1378} INFO - Executing <Mapped(_PythonDecoratedOperator): upload_to_gcs> on 2022-06-05 04:00:00+00:00
[2022-06-06 04:13:10,093] {standard_task_runner.py:52} INFO - Started process 8592 to run task
[2022-06-06 04:13:10,101] {standard_task_runner.py:79} INFO - Running: ['***', 'tasks', 'run', 'hero_info', 'upload_to_gcs', 'scheduled__2022-06-05T04:00:00+00:00', '--job-id', '14971', '--raw', '--subdir', 'DAGS_FOLDER/ingest_heroes.py', '--cfg-path', '/tmp/tmp97n1yuwc', '--map-index', '72', '--error-file', '/tmp/tmpqqkta92a']
[2022-06-06 04:13:10,102] {standard_task_runner.py:80} INFO - Job 14971: Subtask upload_to_gcs
[2022-06-06 04:13:10,269] {task_command.py:370} INFO - Running <TaskInstance: hero_info.upload_to_gcs scheduled__2022-06-05T04:00:00+00:00 map_index=72 [running]> on host 76384e2d8475
[2022-06-06 04:13:10,421] {taskinstance.py:1570} INFO - Exporting the following env vars:
AIRFLOW_CTX_DAG_OWNER=***
AIRFLOW_CTX_DAG_ID=hero_info
AIRFLOW_CTX_TASK_ID=upload_to_gcs
AIRFLOW_CTX_EXECUTION_DATE=2022-06-05T04:00:00+00:00
AIRFLOW_CTX_TRY_NUMBER=1
AIRFLOW_CTX_DAG_RUN_ID=scheduled__2022-06-05T04:00:00+00:00
[2022-06-06 04:13:10,661] {python.py:173} INFO - Done. Returned value was: None
[2022-06-06 04:13:12,014] {taskinstance.py:1396} INFO - Marking task as SUCCESS. dag_id=hero_info, task_id=upload_to_gcs, map_index=72, execution_date=20220605T040000, start_date=20220606T041310, end_date=20220606T041312
[2022-06-06 04:13:12,083] {local_task_job.py:156} INFO - Task exited with return code 0
[2022-06-06 04:13:14,151] {local_task_job.py:273} INFO - 0 downstream tasks scheduled from follow-on schedule check
