[2022-06-07 04:07:03,100] {taskinstance.py:1160} INFO - Dependencies all met for <TaskInstance: hero_info.format_to_parquet scheduled__2022-06-06T04:00:00+00:00 map_index=133 [queued]>
[2022-06-07 04:07:03,340] {taskinstance.py:1160} INFO - Dependencies all met for <TaskInstance: hero_info.format_to_parquet scheduled__2022-06-06T04:00:00+00:00 map_index=133 [queued]>
[2022-06-07 04:07:03,341] {taskinstance.py:1357} INFO - 
--------------------------------------------------------------------------------
[2022-06-07 04:07:03,348] {taskinstance.py:1358} INFO - Starting attempt 1 of 2
[2022-06-07 04:07:03,348] {taskinstance.py:1359} INFO - 
--------------------------------------------------------------------------------
[2022-06-07 04:07:03,437] {taskinstance.py:1378} INFO - Executing <Mapped(_PythonDecoratedOperator): format_to_parquet> on 2022-06-06 04:00:00+00:00
[2022-06-07 04:07:03,464] {standard_task_runner.py:52} INFO - Started process 62889 to run task
[2022-06-07 04:07:03,497] {standard_task_runner.py:79} INFO - Running: ['***', 'tasks', 'run', 'hero_info', 'format_to_parquet', 'scheduled__2022-06-06T04:00:00+00:00', '--job-id', '15490', '--raw', '--subdir', 'DAGS_FOLDER/ingest_heroes.py', '--cfg-path', '/tmp/tmpg6m_klvt', '--map-index', '133', '--error-file', '/tmp/tmp8tla1hpo']
[2022-06-07 04:07:03,505] {standard_task_runner.py:80} INFO - Job 15490: Subtask format_to_parquet
[2022-06-07 04:07:03,762] {task_command.py:370} INFO - Running <TaskInstance: hero_info.format_to_parquet scheduled__2022-06-06T04:00:00+00:00 map_index=133 [running]> on host 76384e2d8475
[2022-06-07 04:07:07,028] {taskinstance.py:1570} INFO - Exporting the following env vars:
AIRFLOW_CTX_DAG_OWNER=***
AIRFLOW_CTX_DAG_ID=hero_info
AIRFLOW_CTX_TASK_ID=format_to_parquet
AIRFLOW_CTX_EXECUTION_DATE=2022-06-06T04:00:00+00:00
AIRFLOW_CTX_TRY_NUMBER=1
AIRFLOW_CTX_DAG_RUN_ID=scheduled__2022-06-06T04:00:00+00:00
[2022-06-07 04:07:16,233] {python.py:173} INFO - Done. Returned value was: /opt/***/20220607_H04M07_HERO0000000133001.parquet
[2022-06-07 04:07:16,505] {taskinstance.py:1396} INFO - Marking task as SUCCESS. dag_id=hero_info, task_id=format_to_parquet, map_index=133, execution_date=20220606T040000, start_date=20220607T040703, end_date=20220607T040716
[2022-06-07 04:07:16,606] {local_task_job.py:156} INFO - Task exited with return code 0
[2022-06-07 04:07:18,206] {local_task_job.py:273} INFO - 0 downstream tasks scheduled from follow-on schedule check
