[2022-06-06 02:16:43,664] {taskinstance.py:1160} INFO - Dependencies all met for <TaskInstance: hero_info.format_to_parquet manual__2022-06-06T02:08:02.896924+00:00 map_index=29 [queued]>
[2022-06-06 02:16:43,795] {taskinstance.py:1160} INFO - Dependencies all met for <TaskInstance: hero_info.format_to_parquet manual__2022-06-06T02:08:02.896924+00:00 map_index=29 [queued]>
[2022-06-06 02:16:43,795] {taskinstance.py:1357} INFO - 
--------------------------------------------------------------------------------
[2022-06-06 02:16:43,795] {taskinstance.py:1358} INFO - Starting attempt 1 of 2
[2022-06-06 02:16:43,795] {taskinstance.py:1359} INFO - 
--------------------------------------------------------------------------------
[2022-06-06 02:16:43,839] {taskinstance.py:1378} INFO - Executing <Mapped(_PythonDecoratedOperator): format_to_parquet> on 2022-06-06 02:08:02.896924+00:00
[2022-06-06 02:16:43,870] {standard_task_runner.py:79} INFO - Running: ['***', 'tasks', 'run', 'hero_info', 'format_to_parquet', 'manual__2022-06-06T02:08:02.896924+00:00', '--job-id', '14015', '--raw', '--subdir', 'DAGS_FOLDER/ingest_heroes.py', '--cfg-path', '/tmp/tmp_94_kdnv', '--map-index', '29', '--error-file', '/tmp/tmpd75l0_om']
[2022-06-06 02:16:43,888] {standard_task_runner.py:80} INFO - Job 14015: Subtask format_to_parquet
[2022-06-06 02:16:43,855] {standard_task_runner.py:52} INFO - Started process 1125 to run task
[2022-06-06 02:16:44,116] {task_command.py:370} INFO - Running <TaskInstance: hero_info.format_to_parquet manual__2022-06-06T02:08:02.896924+00:00 map_index=29 [running]> on host 76384e2d8475
[2022-06-06 02:16:49,208] {taskinstance.py:1570} INFO - Exporting the following env vars:
AIRFLOW_CTX_DAG_OWNER=***
AIRFLOW_CTX_DAG_ID=hero_info
AIRFLOW_CTX_TASK_ID=format_to_parquet
AIRFLOW_CTX_EXECUTION_DATE=2022-06-06T02:08:02.896924+00:00
AIRFLOW_CTX_TRY_NUMBER=1
AIRFLOW_CTX_DAG_RUN_ID=manual__2022-06-06T02:08:02.896924+00:00
[2022-06-06 02:16:58,458] {python.py:173} INFO - Done. Returned value was: /opt/***/20220606_H02M16_HERO0000000029001.parquet
[2022-06-06 02:16:59,126] {taskinstance.py:1396} INFO - Marking task as SUCCESS. dag_id=hero_info, task_id=format_to_parquet, map_index=29, execution_date=20220606T020802, start_date=20220606T021643, end_date=20220606T021659
[2022-06-06 02:16:59,232] {local_task_job.py:220} WARNING - State of this instance has been externally set to success. Terminating instance.
[2022-06-06 02:16:59,245] {process_utils.py:125} INFO - Sending Signals.SIGTERM to group 1125. PIDs of all processes in the group: [1125]
[2022-06-06 02:16:59,245] {process_utils.py:80} INFO - Sending the signal Signals.SIGTERM to group 1125
[2022-06-06 02:16:59,245] {process_utils.py:75} INFO - Process psutil.Process(pid=1125, status='terminated', exitcode=0, started='02:16:43') (1125) terminated with exit code 0
