[2022-06-06 02:21:28,607] {taskinstance.py:1160} INFO - Dependencies all met for <TaskInstance: hero_info.format_to_parquet manual__2022-06-06T02:08:02.896924+00:00 map_index=203 [queued]>
[2022-06-06 02:21:29,020] {taskinstance.py:1160} INFO - Dependencies all met for <TaskInstance: hero_info.format_to_parquet manual__2022-06-06T02:08:02.896924+00:00 map_index=203 [queued]>
[2022-06-06 02:21:29,020] {taskinstance.py:1357} INFO - 
--------------------------------------------------------------------------------
[2022-06-06 02:21:29,020] {taskinstance.py:1358} INFO - Starting attempt 1 of 2
[2022-06-06 02:21:29,020] {taskinstance.py:1359} INFO - 
--------------------------------------------------------------------------------
[2022-06-06 02:21:29,099] {taskinstance.py:1378} INFO - Executing <Mapped(_PythonDecoratedOperator): format_to_parquet> on 2022-06-06 02:08:02.896924+00:00
[2022-06-06 02:21:29,131] {standard_task_runner.py:52} INFO - Started process 1756 to run task
[2022-06-06 02:21:29,156] {standard_task_runner.py:79} INFO - Running: ['***', 'tasks', 'run', 'hero_info', 'format_to_parquet', 'manual__2022-06-06T02:08:02.896924+00:00', '--job-id', '14194', '--raw', '--subdir', 'DAGS_FOLDER/ingest_heroes.py', '--cfg-path', '/tmp/tmpezy8jaod', '--map-index', '203', '--error-file', '/tmp/tmp8m9hu26n']
[2022-06-06 02:21:29,158] {standard_task_runner.py:80} INFO - Job 14194: Subtask format_to_parquet
[2022-06-06 02:21:29,355] {task_command.py:370} INFO - Running <TaskInstance: hero_info.format_to_parquet manual__2022-06-06T02:08:02.896924+00:00 map_index=203 [running]> on host 76384e2d8475
[2022-06-06 02:21:33,676] {taskinstance.py:1570} INFO - Exporting the following env vars:
AIRFLOW_CTX_DAG_OWNER=***
AIRFLOW_CTX_DAG_ID=hero_info
AIRFLOW_CTX_TASK_ID=format_to_parquet
AIRFLOW_CTX_EXECUTION_DATE=2022-06-06T02:08:02.896924+00:00
AIRFLOW_CTX_TRY_NUMBER=1
AIRFLOW_CTX_DAG_RUN_ID=manual__2022-06-06T02:08:02.896924+00:00
[2022-06-06 02:21:41,530] {python.py:173} INFO - Done. Returned value was: /opt/***/20220606_H02M21_HERO0000000203001.parquet
[2022-06-06 02:21:43,908] {taskinstance.py:1396} INFO - Marking task as SUCCESS. dag_id=hero_info, task_id=format_to_parquet, map_index=203, execution_date=20220606T020802, start_date=20220606T022128, end_date=20220606T022143
[2022-06-06 02:21:44,088] {local_task_job.py:156} INFO - Task exited with return code 0
[2022-06-06 02:21:45,156] {local_task_job.py:273} INFO - 0 downstream tasks scheduled from follow-on schedule check
