[2022-06-06 04:10:56,092] {taskinstance.py:1160} INFO - Dependencies all met for <TaskInstance: hero_info.format_to_parquet scheduled__2022-06-05T04:00:00+00:00 map_index=169 [queued]>
[2022-06-06 04:10:56,776] {taskinstance.py:1160} INFO - Dependencies all met for <TaskInstance: hero_info.format_to_parquet scheduled__2022-06-05T04:00:00+00:00 map_index=169 [queued]>
[2022-06-06 04:10:56,776] {taskinstance.py:1357} INFO - 
--------------------------------------------------------------------------------
[2022-06-06 04:10:56,776] {taskinstance.py:1358} INFO - Starting attempt 1 of 2
[2022-06-06 04:10:56,776] {taskinstance.py:1359} INFO - 
--------------------------------------------------------------------------------
[2022-06-06 04:10:56,971] {taskinstance.py:1378} INFO - Executing <Mapped(_PythonDecoratedOperator): format_to_parquet> on 2022-06-05 04:00:00+00:00
[2022-06-06 04:10:57,060] {standard_task_runner.py:52} INFO - Started process 8012 to run task
[2022-06-06 04:10:57,112] {standard_task_runner.py:79} INFO - Running: ['***', 'tasks', 'run', 'hero_info', 'format_to_parquet', 'scheduled__2022-06-05T04:00:00+00:00', '--job-id', '14842', '--raw', '--subdir', 'DAGS_FOLDER/ingest_heroes.py', '--cfg-path', '/tmp/tmp37__3s54', '--map-index', '169', '--error-file', '/tmp/tmpg3n42fxa']
[2022-06-06 04:10:57,114] {standard_task_runner.py:80} INFO - Job 14842: Subtask format_to_parquet
[2022-06-06 04:10:57,608] {task_command.py:370} INFO - Running <TaskInstance: hero_info.format_to_parquet scheduled__2022-06-05T04:00:00+00:00 map_index=169 [running]> on host 76384e2d8475
[2022-06-06 04:11:02,395] {taskinstance.py:1570} INFO - Exporting the following env vars:
AIRFLOW_CTX_DAG_OWNER=***
AIRFLOW_CTX_DAG_ID=hero_info
AIRFLOW_CTX_TASK_ID=format_to_parquet
AIRFLOW_CTX_EXECUTION_DATE=2022-06-05T04:00:00+00:00
AIRFLOW_CTX_TRY_NUMBER=1
AIRFLOW_CTX_DAG_RUN_ID=scheduled__2022-06-05T04:00:00+00:00
[2022-06-06 04:11:10,956] {python.py:173} INFO - Done. Returned value was: /opt/***/20220606_H04M10_HERO0000000169001.parquet
[2022-06-06 04:11:12,210] {taskinstance.py:1396} INFO - Marking task as SUCCESS. dag_id=hero_info, task_id=format_to_parquet, map_index=169, execution_date=20220605T040000, start_date=20220606T041056, end_date=20220606T041112
[2022-06-06 04:11:12,353] {local_task_job.py:220} WARNING - State of this instance has been externally set to success. Terminating instance.
[2022-06-06 04:11:12,356] {process_utils.py:125} INFO - Sending Signals.SIGTERM to group 8012. PIDs of all processes in the group: [8012]
[2022-06-06 04:11:12,356] {process_utils.py:80} INFO - Sending the signal Signals.SIGTERM to group 8012
[2022-06-06 04:11:12,461] {process_utils.py:75} INFO - Process psutil.Process(pid=8012, status='terminated', exitcode=0, started='04:10:56') (8012) terminated with exit code 0
