[2022-06-06 02:17:14,730] {taskinstance.py:1160} INFO - Dependencies all met for <TaskInstance: hero_info.format_to_parquet manual__2022-06-06T02:08:02.896924+00:00 map_index=87 [queued]>
[2022-06-06 02:17:14,966] {taskinstance.py:1160} INFO - Dependencies all met for <TaskInstance: hero_info.format_to_parquet manual__2022-06-06T02:08:02.896924+00:00 map_index=87 [queued]>
[2022-06-06 02:17:14,966] {taskinstance.py:1357} INFO - 
--------------------------------------------------------------------------------
[2022-06-06 02:17:14,966] {taskinstance.py:1358} INFO - Starting attempt 1 of 2
[2022-06-06 02:17:14,966] {taskinstance.py:1359} INFO - 
--------------------------------------------------------------------------------
[2022-06-06 02:17:15,018] {taskinstance.py:1378} INFO - Executing <Mapped(_PythonDecoratedOperator): format_to_parquet> on 2022-06-06 02:08:02.896924+00:00
[2022-06-06 02:17:15,070] {standard_task_runner.py:52} INFO - Started process 1187 to run task
[2022-06-06 02:17:15,102] {standard_task_runner.py:79} INFO - Running: ['***', 'tasks', 'run', 'hero_info', 'format_to_parquet', 'manual__2022-06-06T02:08:02.896924+00:00', '--job-id', '14036', '--raw', '--subdir', 'DAGS_FOLDER/ingest_heroes.py', '--cfg-path', '/tmp/tmp3qdw1mdw', '--map-index', '87', '--error-file', '/tmp/tmpsi04on0l']
[2022-06-06 02:17:15,103] {standard_task_runner.py:80} INFO - Job 14036: Subtask format_to_parquet
[2022-06-06 02:17:15,423] {task_command.py:370} INFO - Running <TaskInstance: hero_info.format_to_parquet manual__2022-06-06T02:08:02.896924+00:00 map_index=87 [running]> on host 76384e2d8475
[2022-06-06 02:17:21,273] {taskinstance.py:1570} INFO - Exporting the following env vars:
AIRFLOW_CTX_DAG_OWNER=***
AIRFLOW_CTX_DAG_ID=hero_info
AIRFLOW_CTX_TASK_ID=format_to_parquet
AIRFLOW_CTX_EXECUTION_DATE=2022-06-06T02:08:02.896924+00:00
AIRFLOW_CTX_TRY_NUMBER=1
AIRFLOW_CTX_DAG_RUN_ID=manual__2022-06-06T02:08:02.896924+00:00
[2022-06-06 02:17:29,762] {python.py:173} INFO - Done. Returned value was: /opt/***/20220606_H02M17_HERO0000000087001.parquet
[2022-06-06 02:17:30,388] {taskinstance.py:1396} INFO - Marking task as SUCCESS. dag_id=hero_info, task_id=format_to_parquet, map_index=87, execution_date=20220606T020802, start_date=20220606T021714, end_date=20220606T021730
[2022-06-06 02:17:30,454] {local_task_job.py:220} WARNING - State of this instance has been externally set to success. Terminating instance.
[2022-06-06 02:17:30,458] {process_utils.py:125} INFO - Sending Signals.SIGTERM to group 1187. PIDs of all processes in the group: [1187]
[2022-06-06 02:17:30,458] {process_utils.py:80} INFO - Sending the signal Signals.SIGTERM to group 1187
[2022-06-06 02:17:30,484] {process_utils.py:75} INFO - Process psutil.Process(pid=1187, status='terminated', exitcode=0, started='02:17:14') (1187) terminated with exit code 0
