[2022-06-07 04:11:18,138] {taskinstance.py:1160} INFO - Dependencies all met for <TaskInstance: hero_info.upload_to_gcs scheduled__2022-06-06T04:00:00+00:00 map_index=55 [queued]>
[2022-06-07 04:11:18,236] {taskinstance.py:1160} INFO - Dependencies all met for <TaskInstance: hero_info.upload_to_gcs scheduled__2022-06-06T04:00:00+00:00 map_index=55 [queued]>
[2022-06-07 04:11:18,237] {taskinstance.py:1357} INFO - 
--------------------------------------------------------------------------------
[2022-06-07 04:11:18,237] {taskinstance.py:1358} INFO - Starting attempt 1 of 2
[2022-06-07 04:11:18,237] {taskinstance.py:1359} INFO - 
--------------------------------------------------------------------------------
[2022-06-07 04:11:18,255] {taskinstance.py:1378} INFO - Executing <Mapped(_PythonDecoratedOperator): upload_to_gcs> on 2022-06-06 04:00:00+00:00
[2022-06-07 04:11:18,266] {standard_task_runner.py:52} INFO - Started process 64198 to run task
[2022-06-07 04:11:18,278] {standard_task_runner.py:79} INFO - Running: ['***', 'tasks', 'run', 'hero_info', 'upload_to_gcs', 'scheduled__2022-06-06T04:00:00+00:00', '--job-id', '15769', '--raw', '--subdir', 'DAGS_FOLDER/ingest_heroes.py', '--cfg-path', '/tmp/tmpv0plhs4d', '--map-index', '55', '--error-file', '/tmp/tmpwhbx7aa9']
[2022-06-07 04:11:18,279] {standard_task_runner.py:80} INFO - Job 15769: Subtask upload_to_gcs
[2022-06-07 04:11:18,345] {task_command.py:370} INFO - Running <TaskInstance: hero_info.upload_to_gcs scheduled__2022-06-06T04:00:00+00:00 map_index=55 [running]> on host 76384e2d8475
[2022-06-07 04:11:18,499] {taskinstance.py:1570} INFO - Exporting the following env vars:
AIRFLOW_CTX_DAG_OWNER=***
AIRFLOW_CTX_DAG_ID=hero_info
AIRFLOW_CTX_TASK_ID=upload_to_gcs
AIRFLOW_CTX_EXECUTION_DATE=2022-06-06T04:00:00+00:00
AIRFLOW_CTX_TRY_NUMBER=1
AIRFLOW_CTX_DAG_RUN_ID=scheduled__2022-06-06T04:00:00+00:00
[2022-06-07 04:11:18,726] {python.py:173} INFO - Done. Returned value was: None
[2022-06-07 04:11:19,491] {taskinstance.py:1396} INFO - Marking task as SUCCESS. dag_id=hero_info, task_id=upload_to_gcs, map_index=55, execution_date=20220606T040000, start_date=20220607T041118, end_date=20220607T041119
[2022-06-07 04:11:19,547] {local_task_job.py:156} INFO - Task exited with return code 0
[2022-06-07 04:11:22,408] {local_task_job.py:273} INFO - 0 downstream tasks scheduled from follow-on schedule check
