[2022-06-06 04:12:11,394] {taskinstance.py:1160} INFO - Dependencies all met for <TaskInstance: hero_info.format_to_parquet scheduled__2022-06-05T04:00:00+00:00 map_index=221 [queued]>
[2022-06-06 04:12:11,646] {taskinstance.py:1160} INFO - Dependencies all met for <TaskInstance: hero_info.format_to_parquet scheduled__2022-06-05T04:00:00+00:00 map_index=221 [queued]>
[2022-06-06 04:12:11,646] {taskinstance.py:1357} INFO - 
--------------------------------------------------------------------------------
[2022-06-06 04:12:11,646] {taskinstance.py:1358} INFO - Starting attempt 1 of 2
[2022-06-06 04:12:11,646] {taskinstance.py:1359} INFO - 
--------------------------------------------------------------------------------
[2022-06-06 04:12:11,694] {taskinstance.py:1378} INFO - Executing <Mapped(_PythonDecoratedOperator): format_to_parquet> on 2022-06-05 04:00:00+00:00
[2022-06-06 04:12:11,730] {standard_task_runner.py:52} INFO - Started process 8192 to run task
[2022-06-06 04:12:11,765] {standard_task_runner.py:79} INFO - Running: ['***', 'tasks', 'run', 'hero_info', 'format_to_parquet', 'scheduled__2022-06-05T04:00:00+00:00', '--job-id', '14894', '--raw', '--subdir', 'DAGS_FOLDER/ingest_heroes.py', '--cfg-path', '/tmp/tmpaij8d8c5', '--map-index', '221', '--error-file', '/tmp/tmpjnx467ip']
[2022-06-06 04:12:11,766] {standard_task_runner.py:80} INFO - Job 14894: Subtask format_to_parquet
[2022-06-06 04:12:11,977] {task_command.py:370} INFO - Running <TaskInstance: hero_info.format_to_parquet scheduled__2022-06-05T04:00:00+00:00 map_index=221 [running]> on host 76384e2d8475
[2022-06-06 04:12:14,728] {taskinstance.py:1570} INFO - Exporting the following env vars:
AIRFLOW_CTX_DAG_OWNER=***
AIRFLOW_CTX_DAG_ID=hero_info
AIRFLOW_CTX_TASK_ID=format_to_parquet
AIRFLOW_CTX_EXECUTION_DATE=2022-06-05T04:00:00+00:00
AIRFLOW_CTX_TRY_NUMBER=1
AIRFLOW_CTX_DAG_RUN_ID=scheduled__2022-06-05T04:00:00+00:00
[2022-06-06 04:12:18,932] {python.py:173} INFO - Done. Returned value was: /opt/***/20220606_H04M12_HERO0000000221001.parquet
[2022-06-06 04:12:19,199] {taskinstance.py:1396} INFO - Marking task as SUCCESS. dag_id=hero_info, task_id=format_to_parquet, map_index=221, execution_date=20220605T040000, start_date=20220606T041211, end_date=20220606T041219
[2022-06-06 04:12:19,234] {local_task_job.py:156} INFO - Task exited with return code 0
[2022-06-06 04:12:19,403] {local_task_job.py:273} INFO - 0 downstream tasks scheduled from follow-on schedule check
