[2022-06-07 04:10:37,751] {taskinstance.py:1160} INFO - Dependencies all met for <TaskInstance: hero_info.upload_to_gcs scheduled__2022-06-06T04:00:00+00:00 map_index=172 [queued]>
[2022-06-07 04:10:37,849] {taskinstance.py:1160} INFO - Dependencies all met for <TaskInstance: hero_info.upload_to_gcs scheduled__2022-06-06T04:00:00+00:00 map_index=172 [queued]>
[2022-06-07 04:10:37,849] {taskinstance.py:1357} INFO - 
--------------------------------------------------------------------------------
[2022-06-07 04:10:37,849] {taskinstance.py:1358} INFO - Starting attempt 1 of 2
[2022-06-07 04:10:37,849] {taskinstance.py:1359} INFO - 
--------------------------------------------------------------------------------
[2022-06-07 04:10:37,873] {taskinstance.py:1378} INFO - Executing <Mapped(_PythonDecoratedOperator): upload_to_gcs> on 2022-06-06 04:00:00+00:00
[2022-06-07 04:10:37,883] {standard_task_runner.py:52} INFO - Started process 63873 to run task
[2022-06-07 04:10:37,911] {standard_task_runner.py:79} INFO - Running: ['***', 'tasks', 'run', 'hero_info', 'upload_to_gcs', 'scheduled__2022-06-06T04:00:00+00:00', '--job-id', '15708', '--raw', '--subdir', 'DAGS_FOLDER/ingest_heroes.py', '--cfg-path', '/tmp/tmpn03zjnj4', '--map-index', '172', '--error-file', '/tmp/tmpa3y3o9q6']
[2022-06-07 04:10:37,912] {standard_task_runner.py:80} INFO - Job 15708: Subtask upload_to_gcs
[2022-06-07 04:10:38,143] {task_command.py:370} INFO - Running <TaskInstance: hero_info.upload_to_gcs scheduled__2022-06-06T04:00:00+00:00 map_index=172 [running]> on host 76384e2d8475
[2022-06-07 04:10:38,404] {taskinstance.py:1570} INFO - Exporting the following env vars:
AIRFLOW_CTX_DAG_OWNER=***
AIRFLOW_CTX_DAG_ID=hero_info
AIRFLOW_CTX_TASK_ID=upload_to_gcs
AIRFLOW_CTX_EXECUTION_DATE=2022-06-06T04:00:00+00:00
AIRFLOW_CTX_TRY_NUMBER=1
AIRFLOW_CTX_DAG_RUN_ID=scheduled__2022-06-06T04:00:00+00:00
[2022-06-07 04:10:38,726] {python.py:173} INFO - Done. Returned value was: None
[2022-06-07 04:10:41,307] {taskinstance.py:1396} INFO - Marking task as SUCCESS. dag_id=hero_info, task_id=upload_to_gcs, map_index=172, execution_date=20220606T040000, start_date=20220607T041037, end_date=20220607T041041
[2022-06-07 04:10:41,422] {local_task_job.py:156} INFO - Task exited with return code 0
[2022-06-07 04:10:44,258] {local_task_job.py:273} INFO - 0 downstream tasks scheduled from follow-on schedule check
