[2022-06-07 04:07:13,080] {taskinstance.py:1160} INFO - Dependencies all met for <TaskInstance: hero_info.format_to_parquet scheduled__2022-06-06T04:00:00+00:00 map_index=142 [queued]>
[2022-06-07 04:07:13,408] {taskinstance.py:1160} INFO - Dependencies all met for <TaskInstance: hero_info.format_to_parquet scheduled__2022-06-06T04:00:00+00:00 map_index=142 [queued]>
[2022-06-07 04:07:13,408] {taskinstance.py:1357} INFO - 
--------------------------------------------------------------------------------
[2022-06-07 04:07:13,408] {taskinstance.py:1358} INFO - Starting attempt 1 of 2
[2022-06-07 04:07:13,408] {taskinstance.py:1359} INFO - 
--------------------------------------------------------------------------------
[2022-06-07 04:07:13,476] {taskinstance.py:1378} INFO - Executing <Mapped(_PythonDecoratedOperator): format_to_parquet> on 2022-06-06 04:00:00+00:00
[2022-06-07 04:07:13,524] {standard_task_runner.py:52} INFO - Started process 62919 to run task
[2022-06-07 04:07:13,585] {standard_task_runner.py:79} INFO - Running: ['***', 'tasks', 'run', 'hero_info', 'format_to_parquet', 'scheduled__2022-06-06T04:00:00+00:00', '--job-id', '15498', '--raw', '--subdir', 'DAGS_FOLDER/ingest_heroes.py', '--cfg-path', '/tmp/tmpgijmos1v', '--map-index', '142', '--error-file', '/tmp/tmpdmaa2j0p']
[2022-06-07 04:07:13,587] {standard_task_runner.py:80} INFO - Job 15498: Subtask format_to_parquet
[2022-06-07 04:07:13,856] {task_command.py:370} INFO - Running <TaskInstance: hero_info.format_to_parquet scheduled__2022-06-06T04:00:00+00:00 map_index=142 [running]> on host 76384e2d8475
[2022-06-07 04:07:18,128] {taskinstance.py:1570} INFO - Exporting the following env vars:
AIRFLOW_CTX_DAG_OWNER=***
AIRFLOW_CTX_DAG_ID=hero_info
AIRFLOW_CTX_TASK_ID=format_to_parquet
AIRFLOW_CTX_EXECUTION_DATE=2022-06-06T04:00:00+00:00
AIRFLOW_CTX_TRY_NUMBER=1
AIRFLOW_CTX_DAG_RUN_ID=scheduled__2022-06-06T04:00:00+00:00
[2022-06-07 04:07:26,258] {python.py:173} INFO - Done. Returned value was: /opt/***/20220607_H04M07_HERO0000000142001.parquet
[2022-06-07 04:07:27,040] {taskinstance.py:1396} INFO - Marking task as SUCCESS. dag_id=hero_info, task_id=format_to_parquet, map_index=142, execution_date=20220606T040000, start_date=20220607T040713, end_date=20220607T040727
[2022-06-07 04:07:27,196] {local_task_job.py:156} INFO - Task exited with return code 0
[2022-06-07 04:07:28,335] {local_task_job.py:273} INFO - 0 downstream tasks scheduled from follow-on schedule check
