[2022-06-06 04:11:36,572] {taskinstance.py:1160} INFO - Dependencies all met for <TaskInstance: hero_info.format_to_parquet scheduled__2022-06-05T04:00:00+00:00 map_index=197 [queued]>
[2022-06-06 04:11:36,844] {taskinstance.py:1160} INFO - Dependencies all met for <TaskInstance: hero_info.format_to_parquet scheduled__2022-06-05T04:00:00+00:00 map_index=197 [queued]>
[2022-06-06 04:11:36,844] {taskinstance.py:1357} INFO - 
--------------------------------------------------------------------------------
[2022-06-06 04:11:36,844] {taskinstance.py:1358} INFO - Starting attempt 1 of 2
[2022-06-06 04:11:36,844] {taskinstance.py:1359} INFO - 
--------------------------------------------------------------------------------
[2022-06-06 04:11:36,881] {taskinstance.py:1378} INFO - Executing <Mapped(_PythonDecoratedOperator): format_to_parquet> on 2022-06-05 04:00:00+00:00
[2022-06-06 04:11:36,905] {standard_task_runner.py:52} INFO - Started process 8107 to run task
[2022-06-06 04:11:36,937] {standard_task_runner.py:79} INFO - Running: ['***', 'tasks', 'run', 'hero_info', 'format_to_parquet', 'scheduled__2022-06-05T04:00:00+00:00', '--job-id', '14870', '--raw', '--subdir', 'DAGS_FOLDER/ingest_heroes.py', '--cfg-path', '/tmp/tmp3ljifc6x', '--map-index', '197', '--error-file', '/tmp/tmpk92frpgt']
[2022-06-06 04:11:36,968] {standard_task_runner.py:80} INFO - Job 14870: Subtask format_to_parquet
[2022-06-06 04:11:37,223] {task_command.py:370} INFO - Running <TaskInstance: hero_info.format_to_parquet scheduled__2022-06-05T04:00:00+00:00 map_index=197 [running]> on host 76384e2d8475
[2022-06-06 04:11:41,613] {taskinstance.py:1570} INFO - Exporting the following env vars:
AIRFLOW_CTX_DAG_OWNER=***
AIRFLOW_CTX_DAG_ID=hero_info
AIRFLOW_CTX_TASK_ID=format_to_parquet
AIRFLOW_CTX_EXECUTION_DATE=2022-06-05T04:00:00+00:00
AIRFLOW_CTX_TRY_NUMBER=1
AIRFLOW_CTX_DAG_RUN_ID=scheduled__2022-06-05T04:00:00+00:00
[2022-06-06 04:11:49,804] {python.py:173} INFO - Done. Returned value was: /opt/***/20220606_H04M11_HERO0000000197001.parquet
[2022-06-06 04:11:50,279] {taskinstance.py:1396} INFO - Marking task as SUCCESS. dag_id=hero_info, task_id=format_to_parquet, map_index=197, execution_date=20220605T040000, start_date=20220606T041136, end_date=20220606T041150
[2022-06-06 04:11:50,357] {local_task_job.py:156} INFO - Task exited with return code 0
[2022-06-06 04:11:51,231] {local_task_job.py:273} INFO - 0 downstream tasks scheduled from follow-on schedule check
