[2022-06-06 02:19:59,847] {taskinstance.py:1160} INFO - Dependencies all met for <TaskInstance: hero_info.format_to_parquet manual__2022-06-06T02:08:02.896924+00:00 map_index=133 [queued]>
[2022-06-06 02:20:00,269] {taskinstance.py:1160} INFO - Dependencies all met for <TaskInstance: hero_info.format_to_parquet manual__2022-06-06T02:08:02.896924+00:00 map_index=133 [queued]>
[2022-06-06 02:20:00,269] {taskinstance.py:1357} INFO - 
--------------------------------------------------------------------------------
[2022-06-06 02:20:00,269] {taskinstance.py:1358} INFO - Starting attempt 1 of 2
[2022-06-06 02:20:00,269] {taskinstance.py:1359} INFO - 
--------------------------------------------------------------------------------
[2022-06-06 02:20:00,361] {taskinstance.py:1378} INFO - Executing <Mapped(_PythonDecoratedOperator): format_to_parquet> on 2022-06-06 02:08:02.896924+00:00
[2022-06-06 02:20:00,410] {standard_task_runner.py:52} INFO - Started process 1561 to run task
[2022-06-06 02:20:00,465] {standard_task_runner.py:79} INFO - Running: ['***', 'tasks', 'run', 'hero_info', 'format_to_parquet', 'manual__2022-06-06T02:08:02.896924+00:00', '--job-id', '14139', '--raw', '--subdir', 'DAGS_FOLDER/ingest_heroes.py', '--cfg-path', '/tmp/tmp897o6dv5', '--map-index', '133', '--error-file', '/tmp/tmp7_ffkq_a']
[2022-06-06 02:20:00,467] {standard_task_runner.py:80} INFO - Job 14139: Subtask format_to_parquet
[2022-06-06 02:20:01,106] {task_command.py:370} INFO - Running <TaskInstance: hero_info.format_to_parquet manual__2022-06-06T02:08:02.896924+00:00 map_index=133 [running]> on host 76384e2d8475
[2022-06-06 02:20:06,252] {taskinstance.py:1570} INFO - Exporting the following env vars:
AIRFLOW_CTX_DAG_OWNER=***
AIRFLOW_CTX_DAG_ID=hero_info
AIRFLOW_CTX_TASK_ID=format_to_parquet
AIRFLOW_CTX_EXECUTION_DATE=2022-06-06T02:08:02.896924+00:00
AIRFLOW_CTX_TRY_NUMBER=1
AIRFLOW_CTX_DAG_RUN_ID=manual__2022-06-06T02:08:02.896924+00:00
[2022-06-06 02:20:13,583] {python.py:173} INFO - Done. Returned value was: /opt/***/20220606_H02M19_HERO0000000133001.parquet
[2022-06-06 02:20:15,194] {taskinstance.py:1396} INFO - Marking task as SUCCESS. dag_id=hero_info, task_id=format_to_parquet, map_index=133, execution_date=20220606T020802, start_date=20220606T021959, end_date=20220606T022015
[2022-06-06 02:20:15,267] {local_task_job.py:156} INFO - Task exited with return code 0
[2022-06-06 02:20:17,256] {local_task_job.py:273} INFO - 0 downstream tasks scheduled from follow-on schedule check
