[2022-06-07 04:06:09,420] {taskinstance.py:1160} INFO - Dependencies all met for <TaskInstance: hero_info.format_to_parquet scheduled__2022-06-06T04:00:00+00:00 map_index=97 [queued]>
[2022-06-07 04:06:09,667] {taskinstance.py:1160} INFO - Dependencies all met for <TaskInstance: hero_info.format_to_parquet scheduled__2022-06-06T04:00:00+00:00 map_index=97 [queued]>
[2022-06-07 04:06:09,667] {taskinstance.py:1357} INFO - 
--------------------------------------------------------------------------------
[2022-06-07 04:06:09,667] {taskinstance.py:1358} INFO - Starting attempt 1 of 2
[2022-06-07 04:06:09,667] {taskinstance.py:1359} INFO - 
--------------------------------------------------------------------------------
[2022-06-07 04:06:09,770] {taskinstance.py:1378} INFO - Executing <Mapped(_PythonDecoratedOperator): format_to_parquet> on 2022-06-06 04:00:00+00:00
[2022-06-07 04:06:09,835] {standard_task_runner.py:79} INFO - Running: ['***', 'tasks', 'run', 'hero_info', 'format_to_parquet', 'scheduled__2022-06-06T04:00:00+00:00', '--job-id', '15453', '--raw', '--subdir', 'DAGS_FOLDER/ingest_heroes.py', '--cfg-path', '/tmp/tmp2jtskdns', '--map-index', '97', '--error-file', '/tmp/tmp6w68iqcy']
[2022-06-07 04:06:09,838] {standard_task_runner.py:80} INFO - Job 15453: Subtask format_to_parquet
[2022-06-07 04:06:09,841] {standard_task_runner.py:52} INFO - Started process 62759 to run task
[2022-06-07 04:06:10,129] {task_command.py:370} INFO - Running <TaskInstance: hero_info.format_to_parquet scheduled__2022-06-06T04:00:00+00:00 map_index=97 [running]> on host 76384e2d8475
[2022-06-07 04:06:14,591] {taskinstance.py:1570} INFO - Exporting the following env vars:
AIRFLOW_CTX_DAG_OWNER=***
AIRFLOW_CTX_DAG_ID=hero_info
AIRFLOW_CTX_TASK_ID=format_to_parquet
AIRFLOW_CTX_EXECUTION_DATE=2022-06-06T04:00:00+00:00
AIRFLOW_CTX_TRY_NUMBER=1
AIRFLOW_CTX_DAG_RUN_ID=scheduled__2022-06-06T04:00:00+00:00
[2022-06-07 04:06:22,545] {python.py:173} INFO - Done. Returned value was: /opt/***/20220607_H04M06_HERO0000000097001.parquet
[2022-06-07 04:06:22,855] {taskinstance.py:1396} INFO - Marking task as SUCCESS. dag_id=hero_info, task_id=format_to_parquet, map_index=97, execution_date=20220606T040000, start_date=20220607T040609, end_date=20220607T040622
[2022-06-07 04:06:23,051] {local_task_job.py:156} INFO - Task exited with return code 0
[2022-06-07 04:06:23,642] {local_task_job.py:273} INFO - 0 downstream tasks scheduled from follow-on schedule check
