[2022-06-07 04:10:02,600] {taskinstance.py:1160} INFO - Dependencies all met for <TaskInstance: hero_info.upload_to_gcs scheduled__2022-06-06T04:00:00+00:00 map_index=145 [queued]>
[2022-06-07 04:10:02,884] {taskinstance.py:1160} INFO - Dependencies all met for <TaskInstance: hero_info.upload_to_gcs scheduled__2022-06-06T04:00:00+00:00 map_index=145 [queued]>
[2022-06-07 04:10:02,884] {taskinstance.py:1357} INFO - 
--------------------------------------------------------------------------------
[2022-06-07 04:10:02,884] {taskinstance.py:1358} INFO - Starting attempt 1 of 2
[2022-06-07 04:10:02,884] {taskinstance.py:1359} INFO - 
--------------------------------------------------------------------------------
[2022-06-07 04:10:02,921] {taskinstance.py:1378} INFO - Executing <Mapped(_PythonDecoratedOperator): upload_to_gcs> on 2022-06-06 04:00:00+00:00
[2022-06-07 04:10:02,950] {standard_task_runner.py:52} INFO - Started process 63570 to run task
[2022-06-07 04:10:02,973] {standard_task_runner.py:79} INFO - Running: ['***', 'tasks', 'run', 'hero_info', 'upload_to_gcs', 'scheduled__2022-06-06T04:00:00+00:00', '--job-id', '15647', '--raw', '--subdir', 'DAGS_FOLDER/ingest_heroes.py', '--cfg-path', '/tmp/tmpatjaj993', '--map-index', '145', '--error-file', '/tmp/tmpjnt5mkj8']
[2022-06-07 04:10:02,974] {standard_task_runner.py:80} INFO - Job 15647: Subtask upload_to_gcs
[2022-06-07 04:10:03,172] {task_command.py:370} INFO - Running <TaskInstance: hero_info.upload_to_gcs scheduled__2022-06-06T04:00:00+00:00 map_index=145 [running]> on host 76384e2d8475
[2022-06-07 04:10:03,408] {taskinstance.py:1570} INFO - Exporting the following env vars:
AIRFLOW_CTX_DAG_OWNER=***
AIRFLOW_CTX_DAG_ID=hero_info
AIRFLOW_CTX_TASK_ID=upload_to_gcs
AIRFLOW_CTX_EXECUTION_DATE=2022-06-06T04:00:00+00:00
AIRFLOW_CTX_TRY_NUMBER=1
AIRFLOW_CTX_DAG_RUN_ID=scheduled__2022-06-06T04:00:00+00:00
[2022-06-07 04:10:03,704] {python.py:173} INFO - Done. Returned value was: None
[2022-06-07 04:10:05,576] {taskinstance.py:1396} INFO - Marking task as SUCCESS. dag_id=hero_info, task_id=upload_to_gcs, map_index=145, execution_date=20220606T040000, start_date=20220607T041002, end_date=20220607T041005
[2022-06-07 04:10:05,623] {local_task_job.py:156} INFO - Task exited with return code 0
[2022-06-07 04:10:07,181] {local_task_job.py:273} INFO - 0 downstream tasks scheduled from follow-on schedule check
