[2022-06-07 04:10:22,142] {taskinstance.py:1160} INFO - Dependencies all met for <TaskInstance: hero_info.upload_to_gcs scheduled__2022-06-06T04:00:00+00:00 map_index=7 [queued]>
[2022-06-07 04:10:22,489] {taskinstance.py:1160} INFO - Dependencies all met for <TaskInstance: hero_info.upload_to_gcs scheduled__2022-06-06T04:00:00+00:00 map_index=7 [queued]>
[2022-06-07 04:10:22,490] {taskinstance.py:1357} INFO - 
--------------------------------------------------------------------------------
[2022-06-07 04:10:22,490] {taskinstance.py:1358} INFO - Starting attempt 1 of 2
[2022-06-07 04:10:22,490] {taskinstance.py:1359} INFO - 
--------------------------------------------------------------------------------
[2022-06-07 04:10:22,590] {taskinstance.py:1378} INFO - Executing <Mapped(_PythonDecoratedOperator): upload_to_gcs> on 2022-06-06 04:00:00+00:00
[2022-06-07 04:10:22,682] {standard_task_runner.py:52} INFO - Started process 63736 to run task
[2022-06-07 04:10:22,712] {standard_task_runner.py:79} INFO - Running: ['***', 'tasks', 'run', 'hero_info', 'upload_to_gcs', 'scheduled__2022-06-06T04:00:00+00:00', '--job-id', '15678', '--raw', '--subdir', 'DAGS_FOLDER/ingest_heroes.py', '--cfg-path', '/tmp/tmp35gzz4ag', '--map-index', '7', '--error-file', '/tmp/tmp2kac6_sk']
[2022-06-07 04:10:22,720] {standard_task_runner.py:80} INFO - Job 15678: Subtask upload_to_gcs
[2022-06-07 04:10:23,052] {task_command.py:370} INFO - Running <TaskInstance: hero_info.upload_to_gcs scheduled__2022-06-06T04:00:00+00:00 map_index=7 [running]> on host 76384e2d8475
[2022-06-07 04:10:23,409] {taskinstance.py:1570} INFO - Exporting the following env vars:
AIRFLOW_CTX_DAG_OWNER=***
AIRFLOW_CTX_DAG_ID=hero_info
AIRFLOW_CTX_TASK_ID=upload_to_gcs
AIRFLOW_CTX_EXECUTION_DATE=2022-06-06T04:00:00+00:00
AIRFLOW_CTX_TRY_NUMBER=1
AIRFLOW_CTX_DAG_RUN_ID=scheduled__2022-06-06T04:00:00+00:00
[2022-06-07 04:10:23,810] {python.py:173} INFO - Done. Returned value was: None
[2022-06-07 04:10:26,657] {taskinstance.py:1396} INFO - Marking task as SUCCESS. dag_id=hero_info, task_id=upload_to_gcs, map_index=7, execution_date=20220606T040000, start_date=20220607T041022, end_date=20220607T041026
[2022-06-07 04:10:26,718] {local_task_job.py:156} INFO - Task exited with return code 0
[2022-06-07 04:10:27,820] {local_task_job.py:273} INFO - 0 downstream tasks scheduled from follow-on schedule check
