[2022-06-07 04:06:29,028] {taskinstance.py:1160} INFO - Dependencies all met for <TaskInstance: hero_info.format_to_parquet scheduled__2022-06-06T04:00:00+00:00 map_index=110 [queued]>
[2022-06-07 04:06:29,354] {taskinstance.py:1160} INFO - Dependencies all met for <TaskInstance: hero_info.format_to_parquet scheduled__2022-06-06T04:00:00+00:00 map_index=110 [queued]>
[2022-06-07 04:06:29,354] {taskinstance.py:1357} INFO - 
--------------------------------------------------------------------------------
[2022-06-07 04:06:29,354] {taskinstance.py:1358} INFO - Starting attempt 1 of 2
[2022-06-07 04:06:29,355] {taskinstance.py:1359} INFO - 
--------------------------------------------------------------------------------
[2022-06-07 04:06:29,421] {taskinstance.py:1378} INFO - Executing <Mapped(_PythonDecoratedOperator): format_to_parquet> on 2022-06-06 04:00:00+00:00
[2022-06-07 04:06:29,527] {standard_task_runner.py:79} INFO - Running: ['***', 'tasks', 'run', 'hero_info', 'format_to_parquet', 'scheduled__2022-06-06T04:00:00+00:00', '--job-id', '15467', '--raw', '--subdir', 'DAGS_FOLDER/ingest_heroes.py', '--cfg-path', '/tmp/tmpj26m_ghs', '--map-index', '110', '--error-file', '/tmp/tmp2xzevgbt']
[2022-06-07 04:06:29,533] {standard_task_runner.py:80} INFO - Job 15467: Subtask format_to_parquet
[2022-06-07 04:06:29,508] {standard_task_runner.py:52} INFO - Started process 62809 to run task
[2022-06-07 04:06:29,786] {task_command.py:370} INFO - Running <TaskInstance: hero_info.format_to_parquet scheduled__2022-06-06T04:00:00+00:00 map_index=110 [running]> on host 76384e2d8475
[2022-06-07 04:06:33,989] {taskinstance.py:1570} INFO - Exporting the following env vars:
AIRFLOW_CTX_DAG_OWNER=***
AIRFLOW_CTX_DAG_ID=hero_info
AIRFLOW_CTX_TASK_ID=format_to_parquet
AIRFLOW_CTX_EXECUTION_DATE=2022-06-06T04:00:00+00:00
AIRFLOW_CTX_TRY_NUMBER=1
AIRFLOW_CTX_DAG_RUN_ID=scheduled__2022-06-06T04:00:00+00:00
[2022-06-07 04:06:42,822] {python.py:173} INFO - Done. Returned value was: /opt/***/20220607_H04M06_HERO0000000110001.parquet
[2022-06-07 04:06:43,340] {taskinstance.py:1396} INFO - Marking task as SUCCESS. dag_id=hero_info, task_id=format_to_parquet, map_index=110, execution_date=20220606T040000, start_date=20220607T040629, end_date=20220607T040643
[2022-06-07 04:06:43,445] {local_task_job.py:156} INFO - Task exited with return code 0
[2022-06-07 04:06:43,998] {local_task_job.py:273} INFO - 0 downstream tasks scheduled from follow-on schedule check
