[2022-06-06 04:12:04,007] {taskinstance.py:1160} INFO - Dependencies all met for <TaskInstance: hero_info.format_to_parquet scheduled__2022-06-05T04:00:00+00:00 map_index=217 [queued]>
[2022-06-06 04:12:04,125] {taskinstance.py:1160} INFO - Dependencies all met for <TaskInstance: hero_info.format_to_parquet scheduled__2022-06-05T04:00:00+00:00 map_index=217 [queued]>
[2022-06-06 04:12:04,125] {taskinstance.py:1357} INFO - 
--------------------------------------------------------------------------------
[2022-06-06 04:12:04,125] {taskinstance.py:1358} INFO - Starting attempt 1 of 2
[2022-06-06 04:12:04,125] {taskinstance.py:1359} INFO - 
--------------------------------------------------------------------------------
[2022-06-06 04:12:04,189] {taskinstance.py:1378} INFO - Executing <Mapped(_PythonDecoratedOperator): format_to_parquet> on 2022-06-05 04:00:00+00:00
[2022-06-06 04:12:04,230] {standard_task_runner.py:52} INFO - Started process 8172 to run task
[2022-06-06 04:12:04,284] {standard_task_runner.py:79} INFO - Running: ['***', 'tasks', 'run', 'hero_info', 'format_to_parquet', 'scheduled__2022-06-05T04:00:00+00:00', '--job-id', '14889', '--raw', '--subdir', 'DAGS_FOLDER/ingest_heroes.py', '--cfg-path', '/tmp/tmpobf7akf7', '--map-index', '217', '--error-file', '/tmp/tmpeho1k3fk']
[2022-06-06 04:12:04,285] {standard_task_runner.py:80} INFO - Job 14889: Subtask format_to_parquet
[2022-06-06 04:12:04,500] {task_command.py:370} INFO - Running <TaskInstance: hero_info.format_to_parquet scheduled__2022-06-05T04:00:00+00:00 map_index=217 [running]> on host 76384e2d8475
[2022-06-06 04:12:10,062] {taskinstance.py:1570} INFO - Exporting the following env vars:
AIRFLOW_CTX_DAG_OWNER=***
AIRFLOW_CTX_DAG_ID=hero_info
AIRFLOW_CTX_TASK_ID=format_to_parquet
AIRFLOW_CTX_EXECUTION_DATE=2022-06-05T04:00:00+00:00
AIRFLOW_CTX_TRY_NUMBER=1
AIRFLOW_CTX_DAG_RUN_ID=scheduled__2022-06-05T04:00:00+00:00
[2022-06-06 04:12:15,215] {python.py:173} INFO - Done. Returned value was: /opt/***/20220606_H04M12_HERO0000000217001.parquet
[2022-06-06 04:12:15,610] {taskinstance.py:1396} INFO - Marking task as SUCCESS. dag_id=hero_info, task_id=format_to_parquet, map_index=217, execution_date=20220605T040000, start_date=20220606T041204, end_date=20220606T041215
[2022-06-06 04:12:15,696] {local_task_job.py:156} INFO - Task exited with return code 0
[2022-06-06 04:12:16,096] {local_task_job.py:273} INFO - 0 downstream tasks scheduled from follow-on schedule check
