[2022-06-07 04:11:06,882] {taskinstance.py:1160} INFO - Dependencies all met for <TaskInstance: hero_info.upload_to_gcs scheduled__2022-06-06T04:00:00+00:00 map_index=37 [queued]>
[2022-06-07 04:11:06,960] {taskinstance.py:1160} INFO - Dependencies all met for <TaskInstance: hero_info.upload_to_gcs scheduled__2022-06-06T04:00:00+00:00 map_index=37 [queued]>
[2022-06-07 04:11:06,961] {taskinstance.py:1357} INFO - 
--------------------------------------------------------------------------------
[2022-06-07 04:11:06,961] {taskinstance.py:1358} INFO - Starting attempt 1 of 2
[2022-06-07 04:11:06,961] {taskinstance.py:1359} INFO - 
--------------------------------------------------------------------------------
[2022-06-07 04:11:06,979] {taskinstance.py:1378} INFO - Executing <Mapped(_PythonDecoratedOperator): upload_to_gcs> on 2022-06-06 04:00:00+00:00
[2022-06-07 04:11:06,993] {standard_task_runner.py:52} INFO - Started process 64099 to run task
[2022-06-07 04:11:07,010] {standard_task_runner.py:79} INFO - Running: ['***', 'tasks', 'run', 'hero_info', 'upload_to_gcs', 'scheduled__2022-06-06T04:00:00+00:00', '--job-id', '15749', '--raw', '--subdir', 'DAGS_FOLDER/ingest_heroes.py', '--cfg-path', '/tmp/tmpd8n7zi6g', '--map-index', '37', '--error-file', '/tmp/tmp3qd7e78s']
[2022-06-07 04:11:07,012] {standard_task_runner.py:80} INFO - Job 15749: Subtask upload_to_gcs
[2022-06-07 04:11:07,152] {task_command.py:370} INFO - Running <TaskInstance: hero_info.upload_to_gcs scheduled__2022-06-06T04:00:00+00:00 map_index=37 [running]> on host 76384e2d8475
[2022-06-07 04:11:07,282] {taskinstance.py:1570} INFO - Exporting the following env vars:
AIRFLOW_CTX_DAG_OWNER=***
AIRFLOW_CTX_DAG_ID=hero_info
AIRFLOW_CTX_TASK_ID=upload_to_gcs
AIRFLOW_CTX_EXECUTION_DATE=2022-06-06T04:00:00+00:00
AIRFLOW_CTX_TRY_NUMBER=1
AIRFLOW_CTX_DAG_RUN_ID=scheduled__2022-06-06T04:00:00+00:00
[2022-06-07 04:11:07,480] {python.py:173} INFO - Done. Returned value was: None
[2022-06-07 04:11:09,021] {taskinstance.py:1396} INFO - Marking task as SUCCESS. dag_id=hero_info, task_id=upload_to_gcs, map_index=37, execution_date=20220606T040000, start_date=20220607T041106, end_date=20220607T041109
[2022-06-07 04:11:09,068] {local_task_job.py:156} INFO - Task exited with return code 0
[2022-06-07 04:11:10,758] {local_task_job.py:273} INFO - 0 downstream tasks scheduled from follow-on schedule check
