[2022-06-06 04:00:01,389] {taskinstance.py:1160} INFO - Dependencies all met for <TaskInstance: hero_info.move_latest_to_old_gcs scheduled__2022-06-05T04:00:00+00:00 [queued]>
[2022-06-06 04:00:01,397] {taskinstance.py:1160} INFO - Dependencies all met for <TaskInstance: hero_info.move_latest_to_old_gcs scheduled__2022-06-05T04:00:00+00:00 [queued]>
[2022-06-06 04:00:01,397] {taskinstance.py:1357} INFO - 
--------------------------------------------------------------------------------
[2022-06-06 04:00:01,397] {taskinstance.py:1358} INFO - Starting attempt 1 of 2
[2022-06-06 04:00:01,397] {taskinstance.py:1359} INFO - 
--------------------------------------------------------------------------------
[2022-06-06 04:00:01,408] {taskinstance.py:1378} INFO - Executing <Task(_PythonDecoratedOperator): move_latest_to_old_gcs> on 2022-06-05 04:00:00+00:00
[2022-06-06 04:00:01,415] {standard_task_runner.py:52} INFO - Started process 6512 to run task
[2022-06-06 04:00:01,419] {standard_task_runner.py:79} INFO - Running: ['***', 'tasks', 'run', 'hero_info', 'move_latest_to_old_gcs', 'scheduled__2022-06-05T04:00:00+00:00', '--job-id', '14443', '--raw', '--subdir', 'DAGS_FOLDER/ingest_heroes.py', '--cfg-path', '/tmp/tmpryprug3j', '--error-file', '/tmp/tmpu8gu3zti']
[2022-06-06 04:00:01,420] {standard_task_runner.py:80} INFO - Job 14443: Subtask move_latest_to_old_gcs
[2022-06-06 04:00:01,483] {task_command.py:370} INFO - Running <TaskInstance: hero_info.move_latest_to_old_gcs scheduled__2022-06-05T04:00:00+00:00 [running]> on host 76384e2d8475
[2022-06-06 04:00:01,552] {taskinstance.py:1570} INFO - Exporting the following env vars:
AIRFLOW_CTX_DAG_OWNER=***
AIRFLOW_CTX_DAG_ID=hero_info
AIRFLOW_CTX_TASK_ID=move_latest_to_old_gcs
AIRFLOW_CTX_EXECUTION_DATE=2022-06-05T04:00:00+00:00
AIRFLOW_CTX_TRY_NUMBER=1
AIRFLOW_CTX_DAG_RUN_ID=scheduled__2022-06-05T04:00:00+00:00
[2022-06-06 04:00:11,750] {python.py:173} INFO - Done. Returned value was: 0
[2022-06-06 04:00:11,782] {taskinstance.py:1396} INFO - Marking task as SUCCESS. dag_id=hero_info, task_id=move_latest_to_old_gcs, execution_date=20220605T040000, start_date=20220606T040001, end_date=20220606T040011
[2022-06-06 04:00:11,828] {local_task_job.py:156} INFO - Task exited with return code 0
[2022-06-06 04:00:11,903] {local_task_job.py:273} INFO - 1 downstream tasks scheduled from follow-on schedule check
