[2022-06-07 04:09:03,671] {taskinstance.py:1160} INFO - Dependencies all met for <TaskInstance: hero_info.format_to_parquet scheduled__2022-06-06T04:00:00+00:00 map_index=215 [queued]>
[2022-06-07 04:09:04,140] {taskinstance.py:1160} INFO - Dependencies all met for <TaskInstance: hero_info.format_to_parquet scheduled__2022-06-06T04:00:00+00:00 map_index=215 [queued]>
[2022-06-07 04:09:04,141] {taskinstance.py:1357} INFO - 
--------------------------------------------------------------------------------
[2022-06-07 04:09:04,141] {taskinstance.py:1358} INFO - Starting attempt 1 of 2
[2022-06-07 04:09:04,141] {taskinstance.py:1359} INFO - 
--------------------------------------------------------------------------------
[2022-06-07 04:09:04,183] {taskinstance.py:1378} INFO - Executing <Mapped(_PythonDecoratedOperator): format_to_parquet> on 2022-06-06 04:00:00+00:00
[2022-06-07 04:09:04,237] {standard_task_runner.py:52} INFO - Started process 63195 to run task
[2022-06-07 04:09:04,284] {standard_task_runner.py:79} INFO - Running: ['***', 'tasks', 'run', 'hero_info', 'format_to_parquet', 'scheduled__2022-06-06T04:00:00+00:00', '--job-id', '15579', '--raw', '--subdir', 'DAGS_FOLDER/ingest_heroes.py', '--cfg-path', '/tmp/tmp6aiw62_2', '--map-index', '215', '--error-file', '/tmp/tmp68bnw8ll']
[2022-06-07 04:09:04,285] {standard_task_runner.py:80} INFO - Job 15579: Subtask format_to_parquet
[2022-06-07 04:09:04,651] {task_command.py:370} INFO - Running <TaskInstance: hero_info.format_to_parquet scheduled__2022-06-06T04:00:00+00:00 map_index=215 [running]> on host 76384e2d8475
[2022-06-07 04:09:09,290] {taskinstance.py:1570} INFO - Exporting the following env vars:
AIRFLOW_CTX_DAG_OWNER=***
AIRFLOW_CTX_DAG_ID=hero_info
AIRFLOW_CTX_TASK_ID=format_to_parquet
AIRFLOW_CTX_EXECUTION_DATE=2022-06-06T04:00:00+00:00
AIRFLOW_CTX_TRY_NUMBER=1
AIRFLOW_CTX_DAG_RUN_ID=scheduled__2022-06-06T04:00:00+00:00
[2022-06-07 04:09:13,803] {python.py:173} INFO - Done. Returned value was: /opt/***/20220607_H04M08_HERO0000000215001.parquet
[2022-06-07 04:09:13,840] {taskinstance.py:1396} INFO - Marking task as SUCCESS. dag_id=hero_info, task_id=format_to_parquet, map_index=215, execution_date=20220606T040000, start_date=20220607T040903, end_date=20220607T040913
[2022-06-07 04:09:13,868] {local_task_job.py:156} INFO - Task exited with return code 0
[2022-06-07 04:09:14,062] {local_task_job.py:273} INFO - 0 downstream tasks scheduled from follow-on schedule check
