[2022-06-06 02:23:11,126] {taskinstance.py:1160} INFO - Dependencies all met for <TaskInstance: hero_info.upload_to_gcs manual__2022-06-06T02:08:02.896924+00:00 map_index=80 [queued]>
[2022-06-06 02:23:11,303] {taskinstance.py:1160} INFO - Dependencies all met for <TaskInstance: hero_info.upload_to_gcs manual__2022-06-06T02:08:02.896924+00:00 map_index=80 [queued]>
[2022-06-06 02:23:11,303] {taskinstance.py:1357} INFO - 
--------------------------------------------------------------------------------
[2022-06-06 02:23:11,303] {taskinstance.py:1358} INFO - Starting attempt 1 of 2
[2022-06-06 02:23:11,303] {taskinstance.py:1359} INFO - 
--------------------------------------------------------------------------------
[2022-06-06 02:23:11,330] {taskinstance.py:1378} INFO - Executing <Mapped(_PythonDecoratedOperator): upload_to_gcs> on 2022-06-06 02:08:02.896924+00:00
[2022-06-06 02:23:11,358] {standard_task_runner.py:52} INFO - Started process 2297 to run task
[2022-06-06 02:23:11,378] {standard_task_runner.py:79} INFO - Running: ['***', 'tasks', 'run', 'hero_info', 'upload_to_gcs', 'manual__2022-06-06T02:08:02.896924+00:00', '--job-id', '14301', '--raw', '--subdir', 'DAGS_FOLDER/ingest_heroes.py', '--cfg-path', '/tmp/tmpfm7u79zl', '--map-index', '80', '--error-file', '/tmp/tmpu86z_x2u']
[2022-06-06 02:23:11,380] {standard_task_runner.py:80} INFO - Job 14301: Subtask upload_to_gcs
[2022-06-06 02:23:11,539] {task_command.py:370} INFO - Running <TaskInstance: hero_info.upload_to_gcs manual__2022-06-06T02:08:02.896924+00:00 map_index=80 [running]> on host 76384e2d8475
[2022-06-06 02:23:11,687] {taskinstance.py:1570} INFO - Exporting the following env vars:
AIRFLOW_CTX_DAG_OWNER=***
AIRFLOW_CTX_DAG_ID=hero_info
AIRFLOW_CTX_TASK_ID=upload_to_gcs
AIRFLOW_CTX_EXECUTION_DATE=2022-06-06T02:08:02.896924+00:00
AIRFLOW_CTX_TRY_NUMBER=1
AIRFLOW_CTX_DAG_RUN_ID=manual__2022-06-06T02:08:02.896924+00:00
[2022-06-06 02:23:11,896] {python.py:173} INFO - Done. Returned value was: None
[2022-06-06 02:23:14,028] {taskinstance.py:1396} INFO - Marking task as SUCCESS. dag_id=hero_info, task_id=upload_to_gcs, map_index=80, execution_date=20220606T020802, start_date=20220606T022311, end_date=20220606T022314
[2022-06-06 02:23:14,163] {local_task_job.py:156} INFO - Task exited with return code 0
[2022-06-06 02:23:16,585] {local_task_job.py:273} INFO - 0 downstream tasks scheduled from follow-on schedule check
