[2022-06-06 04:12:37,399] {taskinstance.py:1160} INFO - Dependencies all met for <TaskInstance: hero_info.upload_to_gcs scheduled__2022-06-05T04:00:00+00:00 map_index=5 [queued]>
[2022-06-06 04:12:37,521] {taskinstance.py:1160} INFO - Dependencies all met for <TaskInstance: hero_info.upload_to_gcs scheduled__2022-06-05T04:00:00+00:00 map_index=5 [queued]>
[2022-06-06 04:12:37,521] {taskinstance.py:1357} INFO - 
--------------------------------------------------------------------------------
[2022-06-06 04:12:37,521] {taskinstance.py:1358} INFO - Starting attempt 1 of 2
[2022-06-06 04:12:37,521] {taskinstance.py:1359} INFO - 
--------------------------------------------------------------------------------
[2022-06-06 04:12:37,541] {taskinstance.py:1378} INFO - Executing <Mapped(_PythonDecoratedOperator): upload_to_gcs> on 2022-06-05 04:00:00+00:00
[2022-06-06 04:12:37,555] {standard_task_runner.py:52} INFO - Started process 8322 to run task
[2022-06-06 04:12:37,568] {standard_task_runner.py:79} INFO - Running: ['***', 'tasks', 'run', 'hero_info', 'upload_to_gcs', 'scheduled__2022-06-05T04:00:00+00:00', '--job-id', '14918', '--raw', '--subdir', 'DAGS_FOLDER/ingest_heroes.py', '--cfg-path', '/tmp/tmpa8jcp_r2', '--map-index', '5', '--error-file', '/tmp/tmpg7tijha2']
[2022-06-06 04:12:37,570] {standard_task_runner.py:80} INFO - Job 14918: Subtask upload_to_gcs
[2022-06-06 04:12:37,724] {task_command.py:370} INFO - Running <TaskInstance: hero_info.upload_to_gcs scheduled__2022-06-05T04:00:00+00:00 map_index=5 [running]> on host 76384e2d8475
[2022-06-06 04:12:37,870] {taskinstance.py:1570} INFO - Exporting the following env vars:
AIRFLOW_CTX_DAG_OWNER=***
AIRFLOW_CTX_DAG_ID=hero_info
AIRFLOW_CTX_TASK_ID=upload_to_gcs
AIRFLOW_CTX_EXECUTION_DATE=2022-06-05T04:00:00+00:00
AIRFLOW_CTX_TRY_NUMBER=1
AIRFLOW_CTX_DAG_RUN_ID=scheduled__2022-06-05T04:00:00+00:00
[2022-06-06 04:12:38,094] {python.py:173} INFO - Done. Returned value was: None
[2022-06-06 04:12:39,620] {taskinstance.py:1396} INFO - Marking task as SUCCESS. dag_id=hero_info, task_id=upload_to_gcs, map_index=5, execution_date=20220605T040000, start_date=20220606T041237, end_date=20220606T041239
[2022-06-06 04:12:39,648] {local_task_job.py:156} INFO - Task exited with return code 0
[2022-06-06 04:12:40,842] {local_task_job.py:273} INFO - 0 downstream tasks scheduled from follow-on schedule check
